[1.282s] Invoking command in '/workspaces/ros_ws/build/adt': PYTHONPATH=/workspaces/ros_ws/build/adt/prefix_override:/workspaces/ros_ws/install/adt/lib/python3.10/site-packages:${PYTHONPATH} /usr/bin/python3 setup.py develop --editable --build-directory /workspaces/ros_ws/build/adt/build --no-deps install_data
[1.483s] running develop
[1.484s] /usr/lib/python3/dist-packages/setuptools/command/easy_install.py:158: EasyInstallDeprecationWarning: easy_install command is deprecated. Use build and pip and other standards-based tools.
[1.484s]   warnings.warn(
[1.485s] /usr/lib/python3/dist-packages/setuptools/command/install.py:34: SetuptoolsDeprecationWarning: setup.py install is deprecated. Use build and pip and other standards-based tools.
[1.485s]   warnings.warn(
[1.565s] running egg_info
[1.566s] writing adt.egg-info/PKG-INFO
[1.566s] writing dependency_links to adt.egg-info/dependency_links.txt
[1.566s] writing entry points to adt.egg-info/entry_points.txt
[1.566s] writing requirements to adt.egg-info/requires.txt
[1.566s] writing top-level names to adt.egg-info/top_level.txt
[1.567s] reading manifest file 'adt.egg-info/SOURCES.txt'
[1.568s] writing manifest file 'adt.egg-info/SOURCES.txt'
[1.570s] running build_ext
[1.570s] Creating /workspaces/ros_ws/install/adt/lib/python3.10/site-packages/adt.egg-link (link to .)
[1.571s] Installing base_drive_serial_bridge script to /workspaces/ros_ws/install/adt/lib/adt
[1.571s] Installing base_vision_dosen_detector script to /workspaces/ros_ws/install/adt/lib/adt
[1.571s] 
[1.571s] Installed /workspaces/ros_ws/build/adt
[1.572s] running install_data
[1.602s] Invoked command in '/workspaces/ros_ws/build/adt' returned '0': PYTHONPATH=/workspaces/ros_ws/build/adt/prefix_override:/workspaces/ros_ws/install/adt/lib/python3.10/site-packages:${PYTHONPATH} /usr/bin/python3 setup.py develop --editable --build-directory /workspaces/ros_ws/build/adt/build --no-deps install_data
