-- Found ament_cmake: 1.3.7 (/opt/ros/humble/share/ament_cmake/cmake)
-- Override CMake install command with custom implementation using symlinks instead of copying resources
-- Found hardware_interface: 2.37.0 (/opt/ros/humble/share/hardware_interface/cmake)
-- Found rosidl_generator_c: 3.1.5 (/opt/ros/humble/share/rosidl_generator_c/cmake)
-- Found rosidl_adapter: 3.1.5 (/opt/ros/humble/share/rosidl_adapter/cmake)
-- Found rosidl_generator_cpp: 3.1.5 (/opt/ros/humble/share/rosidl_generator_cpp/cmake)
-- Using all available rosidl_typesupport_c: rosidl_typesupport_fastrtps_c;rosidl_typesupport_introspection_c
-- Using all available rosidl_typesupport_cpp: rosidl_typesupport_fastrtps_cpp;rosidl_typesupport_introspection_cpp
-- Found rmw_implementation_cmake: 6.1.1 (/opt/ros/humble/share/rmw_implementation_cmake/cmake)
-- Found rmw_fastrtps_cpp: 6.2.6 (/opt/ros/humble/share/rmw_fastrtps_cpp/cmake)
-- Found TinyXML2 via Config file: TinyXML2_DIR-NOTFOUND
-- Found TinyXML2 via Config file: TinyXML2_DIR-NOTFOUND
-- Found TinyXML2 via Config file: TinyXML2_DIR-NOTFOUND
-- Found TinyXML2 via Config file: TinyXML2_DIR-NOTFOUND
-- Using RMW implementation 'rmw_fastrtps_cpp' as default
-- Found ament_cmake_pytest: 1.3.7 (/opt/ros/humble/share/ament_cmake_pytest/cmake)
-- Configuring done
-- Generating done
-- Build files have been written to: /workspaces/ros_ws/build/diffdrive_adt
[ 50%] [32mBuilding CXX object CMakeFiles/diffdrive_adt.dir/hardware/diffbot_system.cpp.o[0m
[100%] [32m[1mLinking CXX shared library libdiffdrive_adt.so[0m
[100%] Built target diffdrive_adt
-- Install configuration: ""
-- Execute custom install script
-- Symlinking: /workspaces/ros_ws/install/diffdrive_adt/share/diffdrive_adt//diffdrive_adt.xml
-- Symlinking: /workspaces/ros_ws/install/diffdrive_adt/include/diffdrive_adt/diffdrive_adt/diffbot_system.hpp
-- Symlinking: /workspaces/ros_ws/install/diffdrive_adt/include/diffdrive_adt/diffdrive_adt/visibility_control.h
-- Symlinking: /workspaces/ros_ws/install/diffdrive_adt/share/diffdrive_adt/launch/view_robot.launch.py
-- Symlinking: /workspaces/ros_ws/install/diffdrive_adt/share/diffdrive_adt/ros2_control/diffbot.ros2_control.xacro
-- Symlinking: /workspaces/ros_ws/install/diffdrive_adt/share/diffdrive_adt/urdf/diffbot.urdf.xacro
-- Symlinking: /workspaces/ros_ws/install/diffdrive_adt/share/diffdrive_adt/launch/diffbot.launch.py
-- Symlinking: /workspaces/ros_ws/install/diffdrive_adt/share/diffdrive_adt/config/diffbot_controllers.yaml
-- Symlinking: /workspaces/ros_ws/install/diffdrive_adt/share/diffdrive_adt/environment/library_path.sh
-- Symlinking: /workspaces/ros_ws/install/diffdrive_adt/share/diffdrive_adt/environment/library_path.dsv
-- Symlinking: /workspaces/ros_ws/install/diffdrive_adt/share/ament_index/resource_index/package_run_dependencies/diffdrive_adt
-- Symlinking: /workspaces/ros_ws/install/diffdrive_adt/share/ament_index/resource_index/parent_prefix_path/diffdrive_adt
-- Symlinking: /workspaces/ros_ws/install/diffdrive_adt/share/diffdrive_adt/environment/ament_prefix_path.sh
-- Symlinking: /workspaces/ros_ws/install/diffdrive_adt/share/diffdrive_adt/environment/ament_prefix_path.dsv
-- Symlinking: /workspaces/ros_ws/install/diffdrive_adt/share/diffdrive_adt/environment/path.sh
-- Symlinking: /workspaces/ros_ws/install/diffdrive_adt/share/diffdrive_adt/environment/path.dsv
-- Symlinking: /workspaces/ros_ws/install/diffdrive_adt/share/diffdrive_adt/local_setup.bash
-- Symlinking: /workspaces/ros_ws/install/diffdrive_adt/share/diffdrive_adt/local_setup.sh
-- Symlinking: /workspaces/ros_ws/install/diffdrive_adt/share/diffdrive_adt/local_setup.zsh
-- Symlinking: /workspaces/ros_ws/install/diffdrive_adt/share/diffdrive_adt/local_setup.dsv
-- Symlinking: /workspaces/ros_ws/install/diffdrive_adt/share/diffdrive_adt/package.dsv
-- Symlinking: /workspaces/ros_ws/install/diffdrive_adt/share/ament_index/resource_index/packages/diffdrive_adt
-- Symlinking: /workspaces/ros_ws/install/diffdrive_adt/share/ament_index/resource_index/hardware_interface__pluginlib__plugin/diffdrive_adt
-- Symlinking: /workspaces/ros_ws/install/diffdrive_adt/share/diffdrive_adt/cmake/ament_cmake_export_targets-extras.cmake
-- Symlinking: /workspaces/ros_ws/install/diffdrive_adt/share/diffdrive_adt/cmake/ament_cmake_export_dependencies-extras.cmake
-- Symlinking: /workspaces/ros_ws/install/diffdrive_adt/share/diffdrive_adt/cmake/diffdrive_adtConfig.cmake
-- Symlinking: /workspaces/ros_ws/install/diffdrive_adt/share/diffdrive_adt/cmake/diffdrive_adtConfig-version.cmake
-- Symlinking: /workspaces/ros_ws/install/diffdrive_adt/share/diffdrive_adt/package.xml
-- Installing: /workspaces/ros_ws/install/diffdrive_adt/lib/libdiffdrive_adt.so
-- Set runtime path of "/workspaces/ros_ws/install/diffdrive_adt/lib/libdiffdrive_adt.so" to ""
-- Installing: /workspaces/ros_ws/install/diffdrive_adt/share/diffdrive_adt/cmake/export_diffdrive_adtExport.cmake
-- Installing: /workspaces/ros_ws/install/diffdrive_adt/share/diffdrive_adt/cmake/export_diffdrive_adtExport-noconfig.cmake
