[0.693s] Invoking command in '/workspaces/ros_ws/build/diffdrive_adt': CMAKE_PREFIX_PATH=/opt/ros/humble /usr/bin/cmake /workspaces/ros_ws/src/diffdrive_adt -DAMENT_CMAKE_SYMLINK_INSTALL=1 -DCMAKE_INSTALL_PREFIX=/workspaces/ros_ws/install/diffdrive_adt
[0.705s] -- Found ament_cmake: 1.3.7 (/opt/ros/humble/share/ament_cmake/cmake)
[0.816s] -- Override CMake install command with custom implementation using symlinks instead of copying resources
[0.821s] -- Found hardware_interface: 2.37.0 (/opt/ros/humble/share/hardware_interface/cmake)
[0.839s] -- Found rosidl_generator_c: 3.1.5 (/opt/ros/humble/share/rosidl_generator_c/cmake)
[0.842s] -- Found rosidl_adapter: 3.1.5 (/opt/ros/humble/share/rosidl_adapter/cmake)
[0.850s] -- Found rosidl_generator_cpp: 3.1.5 (/opt/ros/humble/share/rosidl_generator_cpp/cmake)
[0.863s] -- Using all available rosidl_typesupport_c: rosidl_typesupport_fastrtps_c;rosidl_typesupport_introspection_c
[0.879s] -- Using all available rosidl_typesupport_cpp: rosidl_typesupport_fastrtps_cpp;rosidl_typesupport_introspection_cpp
[1.488s] -- Found rmw_implementation_cmake: 6.1.1 (/opt/ros/humble/share/rmw_implementation_cmake/cmake)
[1.489s] -- Found rmw_fastrtps_cpp: 6.2.6 (/opt/ros/humble/share/rmw_fastrtps_cpp/cmake)
[1.511s] -- Found TinyXML2 via Config file: TinyXML2_DIR-NOTFOUND
[1.516s] -- Found TinyXML2 via Config file: TinyXML2_DIR-NOTFOUND
[1.530s] -- Found TinyXML2 via Config file: TinyXML2_DIR-NOTFOUND
[1.536s] -- Found TinyXML2 via Config file: TinyXML2_DIR-NOTFOUND
[1.542s] -- Using RMW implementation 'rmw_fastrtps_cpp' as default
[1.698s] -- Found ament_cmake_pytest: 1.3.7 (/opt/ros/humble/share/ament_cmake_pytest/cmake)
[2.203s] -- Configuring done
[2.223s] -- Generating done
[2.224s] -- Build files have been written to: /workspaces/ros_ws/build/diffdrive_adt
[2.230s] Invoked command in '/workspaces/ros_ws/build/diffdrive_adt' returned '0': CMAKE_PREFIX_PATH=/opt/ros/humble /usr/bin/cmake /workspaces/ros_ws/src/diffdrive_adt -DAMENT_CMAKE_SYMLINK_INSTALL=1 -DCMAKE_INSTALL_PREFIX=/workspaces/ros_ws/install/diffdrive_adt
[2.231s] Invoking command in '/workspaces/ros_ws/build/diffdrive_adt': CMAKE_PREFIX_PATH=/opt/ros/humble /usr/bin/cmake --build /workspaces/ros_ws/build/diffdrive_adt -- -j16 -l16
[2.266s] [ 50%] [32mBuilding CXX object CMakeFiles/diffdrive_adt.dir/hardware/diffbot_system.cpp.o[0m
[5.828s] [100%] [32m[1mLinking CXX shared library libdiffdrive_adt.so[0m
[5.940s] [100%] Built target diffdrive_adt
[5.947s] Invoked command in '/workspaces/ros_ws/build/diffdrive_adt' returned '0': CMAKE_PREFIX_PATH=/opt/ros/humble /usr/bin/cmake --build /workspaces/ros_ws/build/diffdrive_adt -- -j16 -l16
[5.968s] Invoking command in '/workspaces/ros_ws/build/diffdrive_adt': CMAKE_PREFIX_PATH=/opt/ros/humble /usr/bin/cmake --install /workspaces/ros_ws/build/diffdrive_adt
[5.972s] -- Install configuration: ""
[5.972s] -- Execute custom install script
[5.973s] -- Symlinking: /workspaces/ros_ws/install/diffdrive_adt/share/diffdrive_adt//diffdrive_adt.xml
[5.978s] -- Symlinking: /workspaces/ros_ws/install/diffdrive_adt/include/diffdrive_adt/diffdrive_adt/diffbot_system.hpp
[5.983s] -- Symlinking: /workspaces/ros_ws/install/diffdrive_adt/include/diffdrive_adt/diffdrive_adt/visibility_control.h
[5.988s] -- Symlinking: /workspaces/ros_ws/install/diffdrive_adt/share/diffdrive_adt/launch/view_robot.launch.py
[5.994s] -- Symlinking: /workspaces/ros_ws/install/diffdrive_adt/share/diffdrive_adt/ros2_control/diffbot.ros2_control.xacro
[6.000s] -- Symlinking: /workspaces/ros_ws/install/diffdrive_adt/share/diffdrive_adt/urdf/diffbot.urdf.xacro
[6.005s] -- Symlinking: /workspaces/ros_ws/install/diffdrive_adt/share/diffdrive_adt/launch/diffbot.launch.py
[6.010s] -- Symlinking: /workspaces/ros_ws/install/diffdrive_adt/share/diffdrive_adt/config/diffbot_controllers.yaml
[6.015s] -- Symlinking: /workspaces/ros_ws/install/diffdrive_adt/share/diffdrive_adt/environment/library_path.sh
[6.020s] -- Symlinking: /workspaces/ros_ws/install/diffdrive_adt/share/diffdrive_adt/environment/library_path.dsv
[6.026s] -- Symlinking: /workspaces/ros_ws/install/diffdrive_adt/share/ament_index/resource_index/package_run_dependencies/diffdrive_adt
[6.033s] -- Symlinking: /workspaces/ros_ws/install/diffdrive_adt/share/ament_index/resource_index/parent_prefix_path/diffdrive_adt
[6.038s] -- Symlinking: /workspaces/ros_ws/install/diffdrive_adt/share/diffdrive_adt/environment/ament_prefix_path.sh
[6.044s] -- Symlinking: /workspaces/ros_ws/install/diffdrive_adt/share/diffdrive_adt/environment/ament_prefix_path.dsv
[6.048s] -- Symlinking: /workspaces/ros_ws/install/diffdrive_adt/share/diffdrive_adt/environment/path.sh
[6.054s] -- Symlinking: /workspaces/ros_ws/install/diffdrive_adt/share/diffdrive_adt/environment/path.dsv
[6.059s] -- Symlinking: /workspaces/ros_ws/install/diffdrive_adt/share/diffdrive_adt/local_setup.bash
[6.064s] -- Symlinking: /workspaces/ros_ws/install/diffdrive_adt/share/diffdrive_adt/local_setup.sh
[6.069s] -- Symlinking: /workspaces/ros_ws/install/diffdrive_adt/share/diffdrive_adt/local_setup.zsh
[6.073s] -- Symlinking: /workspaces/ros_ws/install/diffdrive_adt/share/diffdrive_adt/local_setup.dsv
[6.079s] -- Symlinking: /workspaces/ros_ws/install/diffdrive_adt/share/diffdrive_adt/package.dsv
[6.085s] -- Symlinking: /workspaces/ros_ws/install/diffdrive_adt/share/ament_index/resource_index/packages/diffdrive_adt
[6.090s] -- Symlinking: /workspaces/ros_ws/install/diffdrive_adt/share/ament_index/resource_index/hardware_interface__pluginlib__plugin/diffdrive_adt
[6.096s] -- Symlinking: /workspaces/ros_ws/install/diffdrive_adt/share/diffdrive_adt/cmake/ament_cmake_export_targets-extras.cmake
[6.103s] -- Symlinking: /workspaces/ros_ws/install/diffdrive_adt/share/diffdrive_adt/cmake/ament_cmake_export_dependencies-extras.cmake
[6.108s] -- Symlinking: /workspaces/ros_ws/install/diffdrive_adt/share/diffdrive_adt/cmake/diffdrive_adtConfig.cmake
[6.113s] -- Symlinking: /workspaces/ros_ws/install/diffdrive_adt/share/diffdrive_adt/cmake/diffdrive_adtConfig-version.cmake
[6.118s] -- Symlinking: /workspaces/ros_ws/install/diffdrive_adt/share/diffdrive_adt/package.xml
[6.123s] -- Installing: /workspaces/ros_ws/install/diffdrive_adt/lib/libdiffdrive_adt.so
[6.124s] -- Set runtime path of "/workspaces/ros_ws/install/diffdrive_adt/lib/libdiffdrive_adt.so" to ""
[6.124s] -- Installing: /workspaces/ros_ws/install/diffdrive_adt/share/diffdrive_adt/cmake/export_diffdrive_adtExport.cmake
[6.124s] -- Installing: /workspaces/ros_ws/install/diffdrive_adt/share/diffdrive_adt/cmake/export_diffdrive_adtExport-noconfig.cmake
[6.126s] Invoked command in '/workspaces/ros_ws/build/diffdrive_adt' returned '0': CMAKE_PREFIX_PATH=/opt/ros/humble /usr/bin/cmake --install /workspaces/ros_ws/build/diffdrive_adt
