[1.129s] Invoking command in '/workspaces/ros_ws/build/adt_code': PYTHONPATH=/workspaces/ros_ws/build/adt_code/prefix_override:/workspaces/ros_ws/install/adt_code/lib/python3.10/site-packages:${PYTHONPATH} /usr/bin/python3 setup.py develop --editable --build-directory /workspaces/ros_ws/build/adt_code/build --no-deps install_data
[1.292s] /usr/lib/python3/dist-packages/setuptools/dist.py:723: UserWarning: Usage of dash-separated 'script-dir' will not be supported in future versions. Please use the underscore name 'script_dir' instead
[1.292s]   warnings.warn(
[1.327s] running develop
[1.327s] /usr/lib/python3/dist-packages/setuptools/command/easy_install.py:158: EasyInstallDeprecationWarning: easy_install command is deprecated. Use build and pip and other standards-based tools.
[1.328s]   warnings.warn(
[1.329s] /usr/lib/python3/dist-packages/setuptools/command/install.py:34: SetuptoolsDeprecationWarning: setup.py install is deprecated. Use build and pip and other standards-based tools.
[1.329s]   warnings.warn(
[1.428s] running egg_info
[1.428s] writing adt_code.egg-info/PKG-INFO
[1.429s] writing dependency_links to adt_code.egg-info/dependency_links.txt
[1.429s] writing entry points to adt_code.egg-info/entry_points.txt
[1.429s] writing requirements to adt_code.egg-info/requires.txt
[1.430s] writing top-level names to adt_code.egg-info/top_level.txt
[1.430s] reading manifest file 'adt_code.egg-info/SOURCES.txt'
[1.431s] writing manifest file 'adt_code.egg-info/SOURCES.txt'
[1.432s] running build_ext
[1.432s] Creating /workspaces/ros_ws/install/adt_code/lib/python3.10/site-packages/adt-code.egg-link (link to .)
[1.433s] Installing basis_roboter_demo script to /workspaces/ros_ws/install/adt_code/lib/adt_code
[1.434s] 
[1.434s] Installed /workspaces/ros_ws/build/adt_code
[1.434s] running install_data
[1.553s] Invoked command in '/workspaces/ros_ws/build/adt_code' returned '0': PYTHONPATH=/workspaces/ros_ws/build/adt_code/prefix_override:/workspaces/ros_ws/install/adt_code/lib/python3.10/site-packages:${PYTHONPATH} /usr/bin/python3 setup.py develop --editable --build-directory /workspaces/ros_ws/build/adt_code/build --no-deps install_data
