[1.053s] Invoking command in '/workspaces/ros_ws/build/adt_urdf': PYTHONPATH=/workspaces/ros_ws/build/adt_urdf/prefix_override:/workspaces/ros_ws/install/adt_urdf/lib/python3.10/site-packages:${PYTHONPATH} /usr/bin/python3 setup.py develop --editable --build-directory /workspaces/ros_ws/build/adt_urdf/build --no-deps install_data
[1.203s] /usr/lib/python3/dist-packages/setuptools/dist.py:723: UserWarning: Usage of dash-separated 'script-dir' will not be supported in future versions. Please use the underscore name 'script_dir' instead
[1.203s]   warnings.warn(
[1.227s] running develop
[1.227s] /usr/lib/python3/dist-packages/setuptools/command/easy_install.py:158: EasyInstallDeprecationWarning: easy_install command is deprecated. Use build and pip and other standards-based tools.
[1.228s]   warnings.warn(
[1.229s] /usr/lib/python3/dist-packages/setuptools/command/install.py:34: SetuptoolsDeprecationWarning: setup.py install is deprecated. Use build and pip and other standards-based tools.
[1.229s]   warnings.warn(
[1.329s] running egg_info
[1.329s] writing adt_urdf.egg-info/PKG-INFO
[1.329s] writing dependency_links to adt_urdf.egg-info/dependency_links.txt
[1.329s] writing entry points to adt_urdf.egg-info/entry_points.txt
[1.330s] writing requirements to adt_urdf.egg-info/requires.txt
[1.330s] writing top-level names to adt_urdf.egg-info/top_level.txt
[1.331s] reading manifest file 'adt_urdf.egg-info/SOURCES.txt'
[1.332s] writing manifest file 'adt_urdf.egg-info/SOURCES.txt'
[1.333s] running build_ext
[1.333s] Creating /workspaces/ros_ws/install/adt_urdf/lib/python3.10/site-packages/adt-urdf.egg-link (link to .)
[1.333s] Installing state_publisher script to /workspaces/ros_ws/install/adt_urdf/lib/adt_urdf
[1.334s] 
[1.334s] Installed /workspaces/ros_ws/build/adt_urdf
[1.334s] running install_data
[1.367s] Invoked command in '/workspaces/ros_ws/build/adt_urdf' returned '0': PYTHONPATH=/workspaces/ros_ws/build/adt_urdf/prefix_override:/workspaces/ros_ws/install/adt_urdf/lib/python3.10/site-packages:${PYTHONPATH} /usr/bin/python3 setup.py develop --editable --build-directory /workspaces/ros_ws/build/adt_urdf/build --no-deps install_data
