[1.161s] Invoking command in '/workspaces/ros_ws/build/adt_code': PYTHONPATH=/workspaces/ros_ws/build/adt_code/prefix_override:/workspaces/ros_ws/install/adt_code/lib/python3.10/site-packages:${PYTHONPATH} /usr/bin/python3 setup.py develop --editable --build-directory /workspaces/ros_ws/build/adt_code/build --no-deps install_data
[1.612s] running develop
[1.612s] /usr/lib/python3/dist-packages/setuptools/command/easy_install.py:158: EasyInstallDeprecationWarning: easy_install command is deprecated. Use build and pip and other standards-based tools.
[1.612s]   warnings.warn(
[1.617s] /usr/lib/python3/dist-packages/setuptools/command/install.py:34: SetuptoolsDeprecationWarning: setup.py install is deprecated. Use build and pip and other standards-based tools.
[1.617s]   warnings.warn(
[1.797s] running egg_info
[1.798s] writing adt_code.egg-info/PKG-INFO
[1.798s] writing dependency_links to adt_code.egg-info/dependency_links.txt
[1.798s] writing entry points to adt_code.egg-info/entry_points.txt
[1.798s] writing requirements to adt_code.egg-info/requires.txt
[1.799s] writing top-level names to adt_code.egg-info/top_level.txt
[1.800s] reading manifest file 'adt_code.egg-info/SOURCES.txt'
[1.801s] writing manifest file 'adt_code.egg-info/SOURCES.txt'
[1.804s] running build_ext
[1.804s] Creating /workspaces/ros_ws/install/adt_code/lib/python3.10/site-packages/adt-code.egg-link (link to .)
[1.806s] Installing arduino_bridge script to /workspaces/ros_ws/install/adt_code/lib/adt_code
[1.807s] 
[1.807s] Installed /workspaces/ros_ws/build/adt_code
[1.807s] running install_data
[1.807s] copying package.xml -> /workspaces/ros_ws/install/adt_code/share/adt_code
[1.851s] Invoked command in '/workspaces/ros_ws/build/adt_code' returned '0': PYTHONPATH=/workspaces/ros_ws/build/adt_code/prefix_override:/workspaces/ros_ws/install/adt_code/lib/python3.10/site-packages:${PYTHONPATH} /usr/bin/python3 setup.py develop --editable --build-directory /workspaces/ros_ws/build/adt_code/build --no-deps install_data
