[0.575s] DEBUG:colcon:Command line arguments: ['/usr/bin/colcon', 'build', '--symlink-install']
[0.575s] DEBUG:colcon:Parsed command line arguments: Namespace(log_base=None, log_level=None, verb_name='build', build_base='build', install_base='install', merge_install=False, symlink_install=True, test_result_base=None, continue_on_error=False, executor='parallel', parallel_workers=16, event_handlers=None, ignore_user_meta=False, metas=['./colcon.meta'], base_paths=['.'], packages_ignore=None, packages_ignore_regex=None, paths=None, packages_up_to=None, packages_up_to_regex=None, packages_above=None, packages_above_and_dependencies=None, packages_above_depth=None, packages_select_by_dep=None, packages_skip_by_dep=None, packages_skip_up_to=None, packages_select_build_failed=False, packages_skip_build_finished=False, packages_select_test_failures=False, packages_skip_test_passed=False, packages_select=None, packages_skip=None, packages_select_regex=None, packages_skip_regex=None, packages_start=None, packages_end=None, cmake_args=None, cmake_target=None, cmake_target_skip_unavailable=False, cmake_clean_cache=False, cmake_clean_first=False, cmake_force_configure=False, ament_cmake_args=None, catkin_cmake_args=None, catkin_skip_building_tests=False, mixin_files=None, mixin=None, verb_parser=<colcon_mixin.mixin.mixin_argument.MixinArgumentDecorator object at 0x7fe910a6a6e0>, verb_extension=<colcon_core.verb.build.BuildVerb object at 0x7fe910f0f250>, main=<bound method BuildVerb.main of <colcon_core.verb.build.BuildVerb object at 0x7fe910f0f250>>, mixin_verb=('build',))
[0.601s] Level 1:colcon.colcon_core.package_discovery:discover_packages(colcon_meta) check parameters
[0.601s] Level 1:colcon.colcon_core.package_discovery:discover_packages(recursive) check parameters
[0.601s] Level 1:colcon.colcon_core.package_discovery:discover_packages(ignore) check parameters
[0.601s] Level 1:colcon.colcon_core.package_discovery:discover_packages(path) check parameters
[0.601s] Level 1:colcon.colcon_core.package_discovery:discover_packages(colcon_meta) discover
[0.601s] Level 1:colcon.colcon_core.package_discovery:discover_packages(recursive) discover
[0.601s] INFO:colcon.colcon_core.package_discovery:Crawling recursively for packages in '/workspaces/ros_ws'
[0.602s] Level 1:colcon.colcon_core.package_identification:_identify(.) by extensions ['ignore', 'ignore_ament_install']
[0.602s] Level 1:colcon.colcon_core.package_identification:_identify(.) by extension 'ignore'
[0.602s] Level 1:colcon.colcon_core.package_identification:_identify(.) by extension 'ignore_ament_install'
[0.602s] Level 1:colcon.colcon_core.package_identification:_identify(.) by extensions ['colcon_pkg']
[0.602s] Level 1:colcon.colcon_core.package_identification:_identify(.) by extension 'colcon_pkg'
[0.602s] Level 1:colcon.colcon_core.package_identification:_identify(.) by extensions ['colcon_meta']
[0.602s] Level 1:colcon.colcon_core.package_identification:_identify(.) by extension 'colcon_meta'
[0.602s] Level 1:colcon.colcon_core.package_identification:_identify(.) by extensions ['ros']
[0.602s] Level 1:colcon.colcon_core.package_identification:_identify(.) by extension 'ros'
[0.610s] Level 1:colcon.colcon_core.package_identification:_identify(.) by extensions ['cmake', 'python']
[0.610s] Level 1:colcon.colcon_core.package_identification:_identify(.) by extension 'cmake'
[0.610s] Level 1:colcon.colcon_core.package_identification:_identify(.) by extension 'python'
[0.610s] Level 1:colcon.colcon_core.package_identification:_identify(.) by extensions ['python_setup_py']
[0.610s] Level 1:colcon.colcon_core.package_identification:_identify(.) by extension 'python_setup_py'
[0.610s] Level 1:colcon.colcon_core.package_identification:_identify(build) by extensions ['ignore', 'ignore_ament_install']
[0.610s] Level 1:colcon.colcon_core.package_identification:_identify(build) by extension 'ignore'
[0.610s] Level 1:colcon.colcon_core.package_identification:_identify(build) ignored
[0.610s] Level 1:colcon.colcon_core.package_identification:_identify(install) by extensions ['ignore', 'ignore_ament_install']
[0.610s] Level 1:colcon.colcon_core.package_identification:_identify(install) by extension 'ignore'
[0.610s] Level 1:colcon.colcon_core.package_identification:_identify(install) ignored
[0.610s] Level 1:colcon.colcon_core.package_identification:_identify(log) by extensions ['ignore', 'ignore_ament_install']
[0.610s] Level 1:colcon.colcon_core.package_identification:_identify(log) by extension 'ignore'
[0.611s] Level 1:colcon.colcon_core.package_identification:_identify(log) ignored
[0.611s] Level 1:colcon.colcon_core.package_identification:_identify(src) by extensions ['ignore', 'ignore_ament_install']
[0.611s] Level 1:colcon.colcon_core.package_identification:_identify(src) by extension 'ignore'
[0.611s] Level 1:colcon.colcon_core.package_identification:_identify(src) by extension 'ignore_ament_install'
[0.611s] Level 1:colcon.colcon_core.package_identification:_identify(src) by extensions ['colcon_pkg']
[0.611s] Level 1:colcon.colcon_core.package_identification:_identify(src) by extension 'colcon_pkg'
[0.611s] Level 1:colcon.colcon_core.package_identification:_identify(src) by extensions ['colcon_meta']
[0.611s] Level 1:colcon.colcon_core.package_identification:_identify(src) by extension 'colcon_meta'
[0.611s] Level 1:colcon.colcon_core.package_identification:_identify(src) by extensions ['ros']
[0.611s] Level 1:colcon.colcon_core.package_identification:_identify(src) by extension 'ros'
[0.611s] Level 1:colcon.colcon_core.package_identification:_identify(src) by extensions ['cmake', 'python']
[0.611s] Level 1:colcon.colcon_core.package_identification:_identify(src) by extension 'cmake'
[0.611s] Level 1:colcon.colcon_core.package_identification:_identify(src) by extension 'python'
[0.611s] Level 1:colcon.colcon_core.package_identification:_identify(src) by extensions ['python_setup_py']
[0.611s] Level 1:colcon.colcon_core.package_identification:_identify(src) by extension 'python_setup_py'
[0.611s] Level 1:colcon.colcon_core.package_identification:_identify(src/adt) by extensions ['ignore', 'ignore_ament_install']
[0.611s] Level 1:colcon.colcon_core.package_identification:_identify(src/adt) by extension 'ignore'
[0.611s] Level 1:colcon.colcon_core.package_identification:_identify(src/adt) by extension 'ignore_ament_install'
[0.611s] Level 1:colcon.colcon_core.package_identification:_identify(src/adt) by extensions ['colcon_pkg']
[0.611s] Level 1:colcon.colcon_core.package_identification:_identify(src/adt) by extension 'colcon_pkg'
[0.611s] Level 1:colcon.colcon_core.package_identification:_identify(src/adt) by extensions ['colcon_meta']
[0.611s] Level 1:colcon.colcon_core.package_identification:_identify(src/adt) by extension 'colcon_meta'
[0.611s] Level 1:colcon.colcon_core.package_identification:_identify(src/adt) by extensions ['ros']
[0.611s] Level 1:colcon.colcon_core.package_identification:_identify(src/adt) by extension 'ros'
[0.613s] DEBUG:colcon.colcon_core.package_identification:Package 'src/adt' with type 'ros.ament_python' and name 'adt'
[0.613s] Level 1:colcon.colcon_core.package_identification:_identify(src/adt_code) by extensions ['ignore', 'ignore_ament_install']
[0.613s] Level 1:colcon.colcon_core.package_identification:_identify(src/adt_code) by extension 'ignore'
[0.613s] Level 1:colcon.colcon_core.package_identification:_identify(src/adt_code) by extension 'ignore_ament_install'
[0.613s] Level 1:colcon.colcon_core.package_identification:_identify(src/adt_code) by extensions ['colcon_pkg']
[0.613s] Level 1:colcon.colcon_core.package_identification:_identify(src/adt_code) by extension 'colcon_pkg'
[0.613s] Level 1:colcon.colcon_core.package_identification:_identify(src/adt_code) by extensions ['colcon_meta']
[0.613s] Level 1:colcon.colcon_core.package_identification:_identify(src/adt_code) by extension 'colcon_meta'
[0.613s] Level 1:colcon.colcon_core.package_identification:_identify(src/adt_code) by extensions ['ros']
[0.613s] Level 1:colcon.colcon_core.package_identification:_identify(src/adt_code) by extension 'ros'
[0.614s] DEBUG:colcon.colcon_core.package_identification:Package 'src/adt_code' with type 'ros.ament_python' and name 'adt_code'
[0.614s] Level 1:colcon.colcon_core.package_identification:_identify(src/adt_urdf) by extensions ['ignore', 'ignore_ament_install']
[0.614s] Level 1:colcon.colcon_core.package_identification:_identify(src/adt_urdf) by extension 'ignore'
[0.614s] Level 1:colcon.colcon_core.package_identification:_identify(src/adt_urdf) by extension 'ignore_ament_install'
[0.614s] Level 1:colcon.colcon_core.package_identification:_identify(src/adt_urdf) by extensions ['colcon_pkg']
[0.614s] Level 1:colcon.colcon_core.package_identification:_identify(src/adt_urdf) by extension 'colcon_pkg'
[0.614s] Level 1:colcon.colcon_core.package_identification:_identify(src/adt_urdf) by extensions ['colcon_meta']
[0.614s] Level 1:colcon.colcon_core.package_identification:_identify(src/adt_urdf) by extension 'colcon_meta'
[0.614s] Level 1:colcon.colcon_core.package_identification:_identify(src/adt_urdf) by extensions ['ros']
[0.614s] Level 1:colcon.colcon_core.package_identification:_identify(src/adt_urdf) by extension 'ros'
[0.614s] DEBUG:colcon.colcon_core.package_identification:Package 'src/adt_urdf' with type 'ros.ament_python' and name 'adt_urdf'
[0.614s] Level 1:colcon.colcon_core.package_identification:_identify(src/adt_web) by extensions ['ignore', 'ignore_ament_install']
[0.615s] Level 1:colcon.colcon_core.package_identification:_identify(src/adt_web) by extension 'ignore'
[0.615s] Level 1:colcon.colcon_core.package_identification:_identify(src/adt_web) by extension 'ignore_ament_install'
[0.615s] Level 1:colcon.colcon_core.package_identification:_identify(src/adt_web) by extensions ['colcon_pkg']
[0.615s] Level 1:colcon.colcon_core.package_identification:_identify(src/adt_web) by extension 'colcon_pkg'
[0.615s] Level 1:colcon.colcon_core.package_identification:_identify(src/adt_web) by extensions ['colcon_meta']
[0.615s] Level 1:colcon.colcon_core.package_identification:_identify(src/adt_web) by extension 'colcon_meta'
[0.615s] Level 1:colcon.colcon_core.package_identification:_identify(src/adt_web) by extensions ['ros']
[0.615s] Level 1:colcon.colcon_core.package_identification:_identify(src/adt_web) by extension 'ros'
[0.615s] DEBUG:colcon.colcon_core.package_identification:Package 'src/adt_web' with type 'ros.ament_python' and name 'adt_web'
[0.615s] Level 1:colcon.colcon_core.package_identification:_identify(src/diffdrive_adt) by extensions ['ignore', 'ignore_ament_install']
[0.616s] Level 1:colcon.colcon_core.package_identification:_identify(src/diffdrive_adt) by extension 'ignore'
[0.616s] Level 1:colcon.colcon_core.package_identification:_identify(src/diffdrive_adt) by extension 'ignore_ament_install'
[0.616s] Level 1:colcon.colcon_core.package_identification:_identify(src/diffdrive_adt) by extensions ['colcon_pkg']
[0.616s] Level 1:colcon.colcon_core.package_identification:_identify(src/diffdrive_adt) by extension 'colcon_pkg'
[0.616s] Level 1:colcon.colcon_core.package_identification:_identify(src/diffdrive_adt) by extensions ['colcon_meta']
[0.616s] Level 1:colcon.colcon_core.package_identification:_identify(src/diffdrive_adt) by extension 'colcon_meta'
[0.616s] Level 1:colcon.colcon_core.package_identification:_identify(src/diffdrive_adt) by extensions ['ros']
[0.616s] Level 1:colcon.colcon_core.package_identification:_identify(src/diffdrive_adt) by extension 'ros'
[0.617s] DEBUG:colcon.colcon_core.package_identification:Package 'src/diffdrive_adt' with type 'ros.ament_cmake' and name 'diffdrive_adt'
[0.617s] Level 1:colcon.colcon_core.package_discovery:discover_packages(recursive) using defaults
[0.617s] Level 1:colcon.colcon_core.package_discovery:discover_packages(ignore) discover
[0.617s] Level 1:colcon.colcon_core.package_discovery:discover_packages(ignore) using defaults
[0.617s] Level 1:colcon.colcon_core.package_discovery:discover_packages(path) discover
[0.617s] Level 1:colcon.colcon_core.package_discovery:discover_packages(path) using defaults
[0.657s] Level 5:colcon.colcon_core.verb:set package 'adt' build argument 'cmake_args' from command line to 'None'
[0.657s] Level 5:colcon.colcon_core.verb:set package 'adt' build argument 'cmake_target' from command line to 'None'
[0.657s] Level 5:colcon.colcon_core.verb:set package 'adt' build argument 'cmake_target_skip_unavailable' from command line to 'False'
[0.657s] Level 5:colcon.colcon_core.verb:set package 'adt' build argument 'cmake_clean_cache' from command line to 'False'
[0.657s] Level 5:colcon.colcon_core.verb:set package 'adt' build argument 'cmake_clean_first' from command line to 'False'
[0.657s] Level 5:colcon.colcon_core.verb:set package 'adt' build argument 'cmake_force_configure' from command line to 'False'
[0.657s] Level 5:colcon.colcon_core.verb:set package 'adt' build argument 'ament_cmake_args' from command line to 'None'
[0.657s] Level 5:colcon.colcon_core.verb:set package 'adt' build argument 'catkin_cmake_args' from command line to 'None'
[0.657s] Level 5:colcon.colcon_core.verb:set package 'adt' build argument 'catkin_skip_building_tests' from command line to 'False'
[0.657s] DEBUG:colcon.colcon_core.verb:Building package 'adt' with the following arguments: {'ament_cmake_args': None, 'build_base': '/workspaces/ros_ws/build/adt', 'catkin_cmake_args': None, 'catkin_skip_building_tests': False, 'cmake_args': None, 'cmake_clean_cache': False, 'cmake_clean_first': False, 'cmake_force_configure': False, 'cmake_target': None, 'cmake_target_skip_unavailable': False, 'install_base': '/workspaces/ros_ws/install/adt', 'merge_install': False, 'path': '/workspaces/ros_ws/src/adt', 'symlink_install': True, 'test_result_base': None}
[0.666s] Level 5:colcon.colcon_core.verb:set package 'adt_code' build argument 'cmake_args' from command line to 'None'
[0.666s] Level 5:colcon.colcon_core.verb:set package 'adt_code' build argument 'cmake_target' from command line to 'None'
[0.666s] Level 5:colcon.colcon_core.verb:set package 'adt_code' build argument 'cmake_target_skip_unavailable' from command line to 'False'
[0.666s] Level 5:colcon.colcon_core.verb:set package 'adt_code' build argument 'cmake_clean_cache' from command line to 'False'
[0.666s] Level 5:colcon.colcon_core.verb:set package 'adt_code' build argument 'cmake_clean_first' from command line to 'False'
[0.666s] Level 5:colcon.colcon_core.verb:set package 'adt_code' build argument 'cmake_force_configure' from command line to 'False'
[0.666s] Level 5:colcon.colcon_core.verb:set package 'adt_code' build argument 'ament_cmake_args' from command line to 'None'
[0.666s] Level 5:colcon.colcon_core.verb:set package 'adt_code' build argument 'catkin_cmake_args' from command line to 'None'
[0.666s] Level 5:colcon.colcon_core.verb:set package 'adt_code' build argument 'catkin_skip_building_tests' from command line to 'False'
[0.666s] DEBUG:colcon.colcon_core.verb:Building package 'adt_code' with the following arguments: {'ament_cmake_args': None, 'build_base': '/workspaces/ros_ws/build/adt_code', 'catkin_cmake_args': None, 'catkin_skip_building_tests': False, 'cmake_args': None, 'cmake_clean_cache': False, 'cmake_clean_first': False, 'cmake_force_configure': False, 'cmake_target': None, 'cmake_target_skip_unavailable': False, 'install_base': '/workspaces/ros_ws/install/adt_code', 'merge_install': False, 'path': '/workspaces/ros_ws/src/adt_code', 'symlink_install': True, 'test_result_base': None}
[0.673s] Level 5:colcon.colcon_core.verb:set package 'adt_urdf' build argument 'cmake_args' from command line to 'None'
[0.673s] Level 5:colcon.colcon_core.verb:set package 'adt_urdf' build argument 'cmake_target' from command line to 'None'
[0.673s] Level 5:colcon.colcon_core.verb:set package 'adt_urdf' build argument 'cmake_target_skip_unavailable' from command line to 'False'
[0.673s] Level 5:colcon.colcon_core.verb:set package 'adt_urdf' build argument 'cmake_clean_cache' from command line to 'False'
[0.673s] Level 5:colcon.colcon_core.verb:set package 'adt_urdf' build argument 'cmake_clean_first' from command line to 'False'
[0.673s] Level 5:colcon.colcon_core.verb:set package 'adt_urdf' build argument 'cmake_force_configure' from command line to 'False'
[0.673s] Level 5:colcon.colcon_core.verb:set package 'adt_urdf' build argument 'ament_cmake_args' from command line to 'None'
[0.673s] Level 5:colcon.colcon_core.verb:set package 'adt_urdf' build argument 'catkin_cmake_args' from command line to 'None'
[0.673s] Level 5:colcon.colcon_core.verb:set package 'adt_urdf' build argument 'catkin_skip_building_tests' from command line to 'False'
[0.673s] DEBUG:colcon.colcon_core.verb:Building package 'adt_urdf' with the following arguments: {'ament_cmake_args': None, 'build_base': '/workspaces/ros_ws/build/adt_urdf', 'catkin_cmake_args': None, 'catkin_skip_building_tests': False, 'cmake_args': None, 'cmake_clean_cache': False, 'cmake_clean_first': False, 'cmake_force_configure': False, 'cmake_target': None, 'cmake_target_skip_unavailable': False, 'install_base': '/workspaces/ros_ws/install/adt_urdf', 'merge_install': False, 'path': '/workspaces/ros_ws/src/adt_urdf', 'symlink_install': True, 'test_result_base': None}
[0.680s] Level 5:colcon.colcon_core.verb:set package 'adt_web' build argument 'cmake_args' from command line to 'None'
[0.680s] Level 5:colcon.colcon_core.verb:set package 'adt_web' build argument 'cmake_target' from command line to 'None'
[0.680s] Level 5:colcon.colcon_core.verb:set package 'adt_web' build argument 'cmake_target_skip_unavailable' from command line to 'False'
[0.680s] Level 5:colcon.colcon_core.verb:set package 'adt_web' build argument 'cmake_clean_cache' from command line to 'False'
[0.680s] Level 5:colcon.colcon_core.verb:set package 'adt_web' build argument 'cmake_clean_first' from command line to 'False'
[0.680s] Level 5:colcon.colcon_core.verb:set package 'adt_web' build argument 'cmake_force_configure' from command line to 'False'
[0.680s] Level 5:colcon.colcon_core.verb:set package 'adt_web' build argument 'ament_cmake_args' from command line to 'None'
[0.680s] Level 5:colcon.colcon_core.verb:set package 'adt_web' build argument 'catkin_cmake_args' from command line to 'None'
[0.680s] Level 5:colcon.colcon_core.verb:set package 'adt_web' build argument 'catkin_skip_building_tests' from command line to 'False'
[0.680s] DEBUG:colcon.colcon_core.verb:Building package 'adt_web' with the following arguments: {'ament_cmake_args': None, 'build_base': '/workspaces/ros_ws/build/adt_web', 'catkin_cmake_args': None, 'catkin_skip_building_tests': False, 'cmake_args': None, 'cmake_clean_cache': False, 'cmake_clean_first': False, 'cmake_force_configure': False, 'cmake_target': None, 'cmake_target_skip_unavailable': False, 'install_base': '/workspaces/ros_ws/install/adt_web', 'merge_install': False, 'path': '/workspaces/ros_ws/src/adt_web', 'symlink_install': True, 'test_result_base': None}
[0.686s] Level 5:colcon.colcon_core.verb:set package 'diffdrive_adt' build argument 'cmake_args' from command line to 'None'
[0.686s] Level 5:colcon.colcon_core.verb:set package 'diffdrive_adt' build argument 'cmake_target' from command line to 'None'
[0.686s] Level 5:colcon.colcon_core.verb:set package 'diffdrive_adt' build argument 'cmake_target_skip_unavailable' from command line to 'False'
[0.686s] Level 5:colcon.colcon_core.verb:set package 'diffdrive_adt' build argument 'cmake_clean_cache' from command line to 'False'
[0.686s] Level 5:colcon.colcon_core.verb:set package 'diffdrive_adt' build argument 'cmake_clean_first' from command line to 'False'
[0.686s] Level 5:colcon.colcon_core.verb:set package 'diffdrive_adt' build argument 'cmake_force_configure' from command line to 'False'
[0.686s] Level 5:colcon.colcon_core.verb:set package 'diffdrive_adt' build argument 'ament_cmake_args' from command line to 'None'
[0.686s] Level 5:colcon.colcon_core.verb:set package 'diffdrive_adt' build argument 'catkin_cmake_args' from command line to 'None'
[0.686s] Level 5:colcon.colcon_core.verb:set package 'diffdrive_adt' build argument 'catkin_skip_building_tests' from command line to 'False'
[0.686s] DEBUG:colcon.colcon_core.verb:Building package 'diffdrive_adt' with the following arguments: {'ament_cmake_args': None, 'build_base': '/workspaces/ros_ws/build/diffdrive_adt', 'catkin_cmake_args': None, 'catkin_skip_building_tests': False, 'cmake_args': None, 'cmake_clean_cache': False, 'cmake_clean_first': False, 'cmake_force_configure': False, 'cmake_target': None, 'cmake_target_skip_unavailable': False, 'install_base': '/workspaces/ros_ws/install/diffdrive_adt', 'merge_install': False, 'path': '/workspaces/ros_ws/src/diffdrive_adt', 'symlink_install': True, 'test_result_base': None}
[0.692s] INFO:colcon.colcon_core.executor:Executing jobs using 'parallel' executor
[0.700s] DEBUG:colcon.colcon_parallel_executor.executor.parallel:run_until_complete
[0.700s] INFO:colcon.colcon_ros.task.ament_python.build:Building ROS package in '/workspaces/ros_ws/src/adt' with build type 'ament_python'
[0.701s] Level 1:colcon.colcon_core.shell:create_environment_hook('adt', 'ament_prefix_path')
[0.710s] INFO:colcon.colcon_core.plugin_system:Skipping extension 'colcon_core.shell.bat': Not used on non-Windows systems
[0.710s] INFO:colcon.colcon_core.shell:Creating environment hook '/workspaces/ros_ws/install/adt/share/adt/hook/ament_prefix_path.ps1'
[0.711s] INFO:colcon.colcon_core.shell:Creating environment descriptor '/workspaces/ros_ws/install/adt/share/adt/hook/ament_prefix_path.dsv'
[0.711s] INFO:colcon.colcon_core.shell:Creating environment hook '/workspaces/ros_ws/install/adt/share/adt/hook/ament_prefix_path.sh'
[0.719s] INFO:colcon.colcon_core.shell:Skip shell extension 'powershell' for command environment: Not usable outside of PowerShell
[0.719s] DEBUG:colcon.colcon_core.shell:Skip shell extension 'dsv' for command environment
[0.738s] INFO:colcon.colcon_ros.task.ament_python.build:Building ROS package in '/workspaces/ros_ws/src/adt_code' with build type 'ament_python'
[0.738s] Level 1:colcon.colcon_core.shell:create_environment_hook('adt_code', 'ament_prefix_path')
[0.746s] INFO:colcon.colcon_core.shell:Creating environment hook '/workspaces/ros_ws/install/adt_code/share/adt_code/hook/ament_prefix_path.ps1'
[0.747s] INFO:colcon.colcon_core.shell:Creating environment descriptor '/workspaces/ros_ws/install/adt_code/share/adt_code/hook/ament_prefix_path.dsv'
[0.747s] INFO:colcon.colcon_core.shell:Creating environment hook '/workspaces/ros_ws/install/adt_code/share/adt_code/hook/ament_prefix_path.sh'
[0.754s] INFO:colcon.colcon_core.shell:Skip shell extension 'powershell' for command environment: Not usable outside of PowerShell
[0.754s] DEBUG:colcon.colcon_core.shell:Skip shell extension 'dsv' for command environment
[0.774s] INFO:colcon.colcon_ros.task.ament_python.build:Building ROS package in '/workspaces/ros_ws/src/adt_urdf' with build type 'ament_python'
[0.774s] Level 1:colcon.colcon_core.shell:create_environment_hook('adt_urdf', 'ament_prefix_path')
[0.782s] INFO:colcon.colcon_core.shell:Creating environment hook '/workspaces/ros_ws/install/adt_urdf/share/adt_urdf/hook/ament_prefix_path.ps1'
[0.782s] INFO:colcon.colcon_core.shell:Creating environment descriptor '/workspaces/ros_ws/install/adt_urdf/share/adt_urdf/hook/ament_prefix_path.dsv'
[0.783s] INFO:colcon.colcon_core.shell:Creating environment hook '/workspaces/ros_ws/install/adt_urdf/share/adt_urdf/hook/ament_prefix_path.sh'
[0.791s] INFO:colcon.colcon_core.shell:Skip shell extension 'powershell' for command environment: Not usable outside of PowerShell
[0.792s] DEBUG:colcon.colcon_core.shell:Skip shell extension 'dsv' for command environment
[0.808s] INFO:colcon.colcon_ros.task.ament_python.build:Building ROS package in '/workspaces/ros_ws/src/adt_web' with build type 'ament_python'
[0.808s] Level 1:colcon.colcon_core.shell:create_environment_hook('adt_web', 'ament_prefix_path')
[0.818s] INFO:colcon.colcon_core.shell:Creating environment hook '/workspaces/ros_ws/install/adt_web/share/adt_web/hook/ament_prefix_path.ps1'
[0.818s] INFO:colcon.colcon_core.shell:Creating environment descriptor '/workspaces/ros_ws/install/adt_web/share/adt_web/hook/ament_prefix_path.dsv'
[0.818s] INFO:colcon.colcon_core.shell:Creating environment hook '/workspaces/ros_ws/install/adt_web/share/adt_web/hook/ament_prefix_path.sh'
[0.825s] INFO:colcon.colcon_core.shell:Skip shell extension 'powershell' for command environment: Not usable outside of PowerShell
[0.825s] DEBUG:colcon.colcon_core.shell:Skip shell extension 'dsv' for command environment
[0.840s] INFO:colcon.colcon_ros.task.ament_cmake.build:Building ROS package in '/workspaces/ros_ws/src/diffdrive_adt' with build type 'ament_cmake'
[0.840s] INFO:colcon.colcon_cmake.task.cmake.build:Building CMake package in '/workspaces/ros_ws/src/diffdrive_adt'
[0.848s] INFO:colcon.colcon_core.shell:Skip shell extension 'powershell' for command environment: Not usable outside of PowerShell
[0.848s] DEBUG:colcon.colcon_core.shell:Skip shell extension 'dsv' for command environment
[1.007s] INFO:colcon.colcon_core.task.python.build:Building Python package in '/workspaces/ros_ws/src/adt'
[1.016s] INFO:colcon.colcon_core.shell:Skip shell extension 'powershell' for command environment: Not usable outside of PowerShell
[1.016s] DEBUG:colcon.colcon_core.shell:Skip shell extension 'dsv' for command environment
[1.172s] INFO:colcon.colcon_core.task.python.build:Building Python package in '/workspaces/ros_ws/src/adt_code'
[1.179s] INFO:colcon.colcon_core.shell:Skip shell extension 'powershell' for command environment: Not usable outside of PowerShell
[1.179s] DEBUG:colcon.colcon_core.shell:Skip shell extension 'dsv' for command environment
[1.471s] INFO:colcon.colcon_core.task.python.build:Building Python package in '/workspaces/ros_ws/src/adt_urdf'
[1.478s] INFO:colcon.colcon_core.shell:Skip shell extension 'powershell' for command environment: Not usable outside of PowerShell
[1.478s] DEBUG:colcon.colcon_core.shell:Skip shell extension 'dsv' for command environment
[1.667s] INFO:colcon.colcon_core.task.python.build:Building Python package in '/workspaces/ros_ws/src/adt_web'
[1.673s] INFO:colcon.colcon_core.shell:Skip shell extension 'powershell' for command environment: Not usable outside of PowerShell
[1.674s] DEBUG:colcon.colcon_core.shell:Skip shell extension 'dsv' for command environment
[1.693s] DEBUG:colcon.colcon_core.event_handler.log_command:Invoking command in '/workspaces/ros_ws/build/diffdrive_adt': CMAKE_PREFIX_PATH=/opt/ros/humble /usr/bin/cmake /workspaces/ros_ws/src/diffdrive_adt -DAMENT_CMAKE_SYMLINK_INSTALL=1 -DCMAKE_INSTALL_PREFIX=/workspaces/ros_ws/install/diffdrive_adt
[1.975s] DEBUG:colcon.colcon_core.event_handler.log_command:Invoking command in '/workspaces/ros_ws/build/adt_urdf': PYTHONPATH=/workspaces/ros_ws/build/adt_urdf/prefix_override:/workspaces/ros_ws/install/adt_urdf/lib/python3.10/site-packages:${PYTHONPATH} /usr/bin/python3 setup.py develop --editable --build-directory /workspaces/ros_ws/build/adt_urdf/build --no-deps install_data
[1.978s] DEBUG:colcon.colcon_core.event_handler.log_command:Invoking command in '/workspaces/ros_ws/build/adt_code': PYTHONPATH=/workspaces/ros_ws/build/adt_code/prefix_override:/workspaces/ros_ws/install/adt_code/lib/python3.10/site-packages:${PYTHONPATH} /usr/bin/python3 setup.py develop --editable --build-directory /workspaces/ros_ws/build/adt_code/build --no-deps install_data
[1.980s] DEBUG:colcon.colcon_core.event_handler.log_command:Invoking command in '/workspaces/ros_ws/build/adt_web': PYTHONPATH=/workspaces/ros_ws/build/adt_web/prefix_override:/workspaces/ros_ws/install/adt_web/lib/python3.10/site-packages:${PYTHONPATH} /usr/bin/python3 setup.py develop --editable --build-directory /workspaces/ros_ws/build/adt_web/build --no-deps install_data
[1.983s] DEBUG:colcon.colcon_core.event_handler.log_command:Invoking command in '/workspaces/ros_ws/build/adt': PYTHONPATH=/workspaces/ros_ws/build/adt/prefix_override:/workspaces/ros_ws/install/adt/lib/python3.10/site-packages:${PYTHONPATH} /usr/bin/python3 setup.py develop --editable --build-directory /workspaces/ros_ws/build/adt/build --no-deps install_data
[2.302s] Level 1:colcon.colcon_core.shell:create_environment_hook('adt', 'pythonpath_develop')
[2.303s] DEBUG:colcon.colcon_core.event_handler.log_command:Invoked command in '/workspaces/ros_ws/build/adt' returned '0': PYTHONPATH=/workspaces/ros_ws/build/adt/prefix_override:/workspaces/ros_ws/install/adt/lib/python3.10/site-packages:${PYTHONPATH} /usr/bin/python3 setup.py develop --editable --build-directory /workspaces/ros_ws/build/adt/build --no-deps install_data
[2.313s] INFO:colcon.colcon_core.shell:Creating environment hook '/workspaces/ros_ws/build/adt/share/adt/hook/pythonpath_develop.ps1'
[2.313s] INFO:colcon.colcon_core.shell:Creating environment descriptor '/workspaces/ros_ws/build/adt/share/adt/hook/pythonpath_develop.dsv'
[2.314s] INFO:colcon.colcon_core.shell:Creating environment hook '/workspaces/ros_ws/build/adt/share/adt/hook/pythonpath_develop.sh'
[2.324s] Level 1:colcon.colcon_core.environment:checking '/workspaces/ros_ws/install/adt' for CMake module files
[2.324s] Level 1:colcon.colcon_core.environment:checking '/workspaces/ros_ws/install/adt' for CMake config files
[2.324s] Level 1:colcon.colcon_core.environment:checking '/workspaces/ros_ws/install/adt/lib'
[2.325s] Level 1:colcon.colcon_core.environment:checking '/workspaces/ros_ws/install/adt/bin'
[2.325s] Level 1:colcon.colcon_core.environment:checking '/workspaces/ros_ws/install/adt/lib/pkgconfig/adt.pc'
[2.325s] Level 1:colcon.colcon_core.environment:checking '/workspaces/ros_ws/install/adt/lib/python3.10/site-packages'
[2.325s] Level 1:colcon.colcon_core.shell:create_environment_hook('adt', 'pythonpath')
[2.334s] INFO:colcon.colcon_core.shell:Creating environment hook '/workspaces/ros_ws/install/adt/share/adt/hook/pythonpath.ps1'
[2.334s] INFO:colcon.colcon_core.shell:Creating environment descriptor '/workspaces/ros_ws/install/adt/share/adt/hook/pythonpath.dsv'
[2.335s] INFO:colcon.colcon_core.shell:Creating environment hook '/workspaces/ros_ws/install/adt/share/adt/hook/pythonpath.sh'
[2.335s] Level 1:colcon.colcon_core.environment:checking '/workspaces/ros_ws/install/adt/bin'
[2.335s] Level 1:colcon.colcon_core.environment:create_environment_scripts_only(adt)
[2.345s] INFO:colcon.colcon_core.shell:Creating package script '/workspaces/ros_ws/install/adt/share/adt/package.ps1'
[2.346s] INFO:colcon.colcon_core.shell:Creating package descriptor '/workspaces/ros_ws/install/adt/share/adt/package.dsv'
[2.347s] INFO:colcon.colcon_core.shell:Creating package script '/workspaces/ros_ws/install/adt/share/adt/package.sh'
[2.347s] INFO:colcon.colcon_core.shell:Creating package script '/workspaces/ros_ws/install/adt/share/adt/package.bash'
[2.348s] INFO:colcon.colcon_core.shell:Creating package script '/workspaces/ros_ws/install/adt/share/adt/package.zsh'
[2.349s] Level 1:colcon.colcon_core.environment:create_file_with_runtime_dependencies(/workspaces/ros_ws/install/adt/share/colcon-core/packages/adt)
[2.349s] Level 1:colcon.colcon_core.shell:create_environment_hook('adt_web', 'pythonpath_develop')
[2.351s] DEBUG:colcon.colcon_core.event_handler.log_command:Invoked command in '/workspaces/ros_ws/build/adt_web' returned '0': PYTHONPATH=/workspaces/ros_ws/build/adt_web/prefix_override:/workspaces/ros_ws/install/adt_web/lib/python3.10/site-packages:${PYTHONPATH} /usr/bin/python3 setup.py develop --editable --build-directory /workspaces/ros_ws/build/adt_web/build --no-deps install_data
[2.359s] INFO:colcon.colcon_core.shell:Creating environment hook '/workspaces/ros_ws/build/adt_web/share/adt_web/hook/pythonpath_develop.ps1'
[2.360s] INFO:colcon.colcon_core.shell:Creating environment descriptor '/workspaces/ros_ws/build/adt_web/share/adt_web/hook/pythonpath_develop.dsv'
[2.360s] INFO:colcon.colcon_core.shell:Creating environment hook '/workspaces/ros_ws/build/adt_web/share/adt_web/hook/pythonpath_develop.sh'
[2.368s] Level 1:colcon.colcon_core.environment:checking '/workspaces/ros_ws/install/adt_web' for CMake module files
[2.369s] Level 1:colcon.colcon_core.environment:checking '/workspaces/ros_ws/install/adt_web' for CMake config files
[2.369s] Level 1:colcon.colcon_core.environment:checking '/workspaces/ros_ws/install/adt_web/lib'
[2.369s] Level 1:colcon.colcon_core.environment:checking '/workspaces/ros_ws/install/adt_web/bin'
[2.369s] Level 1:colcon.colcon_core.environment:checking '/workspaces/ros_ws/install/adt_web/lib/pkgconfig/adt_web.pc'
[2.370s] Level 1:colcon.colcon_core.environment:checking '/workspaces/ros_ws/install/adt_web/lib/python3.10/site-packages'
[2.370s] Level 1:colcon.colcon_core.shell:create_environment_hook('adt_web', 'pythonpath')
[2.380s] INFO:colcon.colcon_core.shell:Creating environment hook '/workspaces/ros_ws/install/adt_web/share/adt_web/hook/pythonpath.ps1'
[2.381s] INFO:colcon.colcon_core.shell:Creating environment descriptor '/workspaces/ros_ws/install/adt_web/share/adt_web/hook/pythonpath.dsv'
[2.381s] INFO:colcon.colcon_core.shell:Creating environment hook '/workspaces/ros_ws/install/adt_web/share/adt_web/hook/pythonpath.sh'
[2.382s] Level 1:colcon.colcon_core.environment:checking '/workspaces/ros_ws/install/adt_web/bin'
[2.382s] Level 1:colcon.colcon_core.environment:create_environment_scripts_only(adt_web)
[2.390s] INFO:colcon.colcon_core.shell:Creating package script '/workspaces/ros_ws/install/adt_web/share/adt_web/package.ps1'
[2.390s] INFO:colcon.colcon_core.shell:Creating package descriptor '/workspaces/ros_ws/install/adt_web/share/adt_web/package.dsv'
[2.390s] INFO:colcon.colcon_core.shell:Creating package script '/workspaces/ros_ws/install/adt_web/share/adt_web/package.sh'
[2.391s] INFO:colcon.colcon_core.shell:Creating package script '/workspaces/ros_ws/install/adt_web/share/adt_web/package.bash'
[2.391s] INFO:colcon.colcon_core.shell:Creating package script '/workspaces/ros_ws/install/adt_web/share/adt_web/package.zsh'
[2.391s] Level 1:colcon.colcon_core.environment:create_file_with_runtime_dependencies(/workspaces/ros_ws/install/adt_web/share/colcon-core/packages/adt_web)
[2.393s] Level 1:colcon.colcon_core.shell:create_environment_hook('adt_code', 'pythonpath_develop')
[2.393s] DEBUG:colcon.colcon_core.event_handler.log_command:Invoked command in '/workspaces/ros_ws/build/adt_code' returned '0': PYTHONPATH=/workspaces/ros_ws/build/adt_code/prefix_override:/workspaces/ros_ws/install/adt_code/lib/python3.10/site-packages:${PYTHONPATH} /usr/bin/python3 setup.py develop --editable --build-directory /workspaces/ros_ws/build/adt_code/build --no-deps install_data
[2.402s] INFO:colcon.colcon_core.shell:Creating environment hook '/workspaces/ros_ws/build/adt_code/share/adt_code/hook/pythonpath_develop.ps1'
[2.403s] INFO:colcon.colcon_core.shell:Creating environment descriptor '/workspaces/ros_ws/build/adt_code/share/adt_code/hook/pythonpath_develop.dsv'
[2.403s] INFO:colcon.colcon_core.shell:Creating environment hook '/workspaces/ros_ws/build/adt_code/share/adt_code/hook/pythonpath_develop.sh'
[2.411s] Level 1:colcon.colcon_core.environment:checking '/workspaces/ros_ws/install/adt_code' for CMake module files
[2.412s] Level 1:colcon.colcon_core.environment:checking '/workspaces/ros_ws/install/adt_code' for CMake config files
[2.412s] Level 1:colcon.colcon_core.environment:checking '/workspaces/ros_ws/install/adt_code/lib'
[2.412s] Level 1:colcon.colcon_core.environment:checking '/workspaces/ros_ws/install/adt_code/bin'
[2.412s] Level 1:colcon.colcon_core.environment:checking '/workspaces/ros_ws/install/adt_code/lib/pkgconfig/adt_code.pc'
[2.413s] Level 1:colcon.colcon_core.environment:checking '/workspaces/ros_ws/install/adt_code/lib/python3.10/site-packages'
[2.413s] Level 1:colcon.colcon_core.shell:create_environment_hook('adt_code', 'pythonpath')
[2.422s] INFO:colcon.colcon_core.shell:Creating environment hook '/workspaces/ros_ws/install/adt_code/share/adt_code/hook/pythonpath.ps1'
[2.422s] INFO:colcon.colcon_core.shell:Creating environment descriptor '/workspaces/ros_ws/install/adt_code/share/adt_code/hook/pythonpath.dsv'
[2.423s] INFO:colcon.colcon_core.shell:Creating environment hook '/workspaces/ros_ws/install/adt_code/share/adt_code/hook/pythonpath.sh'
[2.423s] Level 1:colcon.colcon_core.environment:checking '/workspaces/ros_ws/install/adt_code/bin'
[2.423s] Level 1:colcon.colcon_core.environment:create_environment_scripts_only(adt_code)
[2.431s] INFO:colcon.colcon_core.shell:Creating package script '/workspaces/ros_ws/install/adt_code/share/adt_code/package.ps1'
[2.431s] INFO:colcon.colcon_core.shell:Creating package descriptor '/workspaces/ros_ws/install/adt_code/share/adt_code/package.dsv'
[2.432s] INFO:colcon.colcon_core.shell:Creating package script '/workspaces/ros_ws/install/adt_code/share/adt_code/package.sh'
[2.432s] INFO:colcon.colcon_core.shell:Creating package script '/workspaces/ros_ws/install/adt_code/share/adt_code/package.bash'
[2.432s] INFO:colcon.colcon_core.shell:Creating package script '/workspaces/ros_ws/install/adt_code/share/adt_code/package.zsh'
[2.432s] Level 1:colcon.colcon_core.environment:create_file_with_runtime_dependencies(/workspaces/ros_ws/install/adt_code/share/colcon-core/packages/adt_code)
[2.433s] Level 1:colcon.colcon_core.shell:create_environment_hook('adt_urdf', 'pythonpath_develop')
[2.434s] DEBUG:colcon.colcon_core.event_handler.log_command:Invoked command in '/workspaces/ros_ws/build/adt_urdf' returned '0': PYTHONPATH=/workspaces/ros_ws/build/adt_urdf/prefix_override:/workspaces/ros_ws/install/adt_urdf/lib/python3.10/site-packages:${PYTHONPATH} /usr/bin/python3 setup.py develop --editable --build-directory /workspaces/ros_ws/build/adt_urdf/build --no-deps install_data
[2.440s] INFO:colcon.colcon_core.shell:Creating environment hook '/workspaces/ros_ws/build/adt_urdf/share/adt_urdf/hook/pythonpath_develop.ps1'
[2.441s] INFO:colcon.colcon_core.shell:Creating environment descriptor '/workspaces/ros_ws/build/adt_urdf/share/adt_urdf/hook/pythonpath_develop.dsv'
[2.441s] INFO:colcon.colcon_core.shell:Creating environment hook '/workspaces/ros_ws/build/adt_urdf/share/adt_urdf/hook/pythonpath_develop.sh'
[2.449s] Level 1:colcon.colcon_core.environment:checking '/workspaces/ros_ws/install/adt_urdf' for CMake module files
[2.450s] Level 1:colcon.colcon_core.environment:checking '/workspaces/ros_ws/install/adt_urdf' for CMake config files
[2.450s] Level 1:colcon.colcon_core.environment:checking '/workspaces/ros_ws/install/adt_urdf/lib'
[2.450s] Level 1:colcon.colcon_core.environment:checking '/workspaces/ros_ws/install/adt_urdf/bin'
[2.450s] Level 1:colcon.colcon_core.environment:checking '/workspaces/ros_ws/install/adt_urdf/lib/pkgconfig/adt_urdf.pc'
[2.450s] Level 1:colcon.colcon_core.environment:checking '/workspaces/ros_ws/install/adt_urdf/lib/python3.10/site-packages'
[2.450s] Level 1:colcon.colcon_core.shell:create_environment_hook('adt_urdf', 'pythonpath')
[2.471s] INFO:colcon.colcon_core.shell:Creating environment hook '/workspaces/ros_ws/install/adt_urdf/share/adt_urdf/hook/pythonpath.ps1'
[2.472s] INFO:colcon.colcon_core.shell:Creating environment descriptor '/workspaces/ros_ws/install/adt_urdf/share/adt_urdf/hook/pythonpath.dsv'
[2.472s] INFO:colcon.colcon_core.shell:Creating environment hook '/workspaces/ros_ws/install/adt_urdf/share/adt_urdf/hook/pythonpath.sh'
[2.472s] Level 1:colcon.colcon_core.environment:checking '/workspaces/ros_ws/install/adt_urdf/bin'
[2.472s] Level 1:colcon.colcon_core.environment:create_environment_scripts_only(adt_urdf)
[2.481s] INFO:colcon.colcon_core.shell:Creating package script '/workspaces/ros_ws/install/adt_urdf/share/adt_urdf/package.ps1'
[2.481s] INFO:colcon.colcon_core.shell:Creating package descriptor '/workspaces/ros_ws/install/adt_urdf/share/adt_urdf/package.dsv'
[2.482s] INFO:colcon.colcon_core.shell:Creating package script '/workspaces/ros_ws/install/adt_urdf/share/adt_urdf/package.sh'
[2.482s] INFO:colcon.colcon_core.shell:Creating package script '/workspaces/ros_ws/install/adt_urdf/share/adt_urdf/package.bash'
[2.482s] INFO:colcon.colcon_core.shell:Creating package script '/workspaces/ros_ws/install/adt_urdf/share/adt_urdf/package.zsh'
[2.483s] Level 1:colcon.colcon_core.environment:create_file_with_runtime_dependencies(/workspaces/ros_ws/install/adt_urdf/share/colcon-core/packages/adt_urdf)
[3.127s] DEBUG:colcon.colcon_core.event_handler.log_command:Invoked command in '/workspaces/ros_ws/build/diffdrive_adt' returned '1': CMAKE_PREFIX_PATH=/opt/ros/humble /usr/bin/cmake /workspaces/ros_ws/src/diffdrive_adt -DAMENT_CMAKE_SYMLINK_INSTALL=1 -DCMAKE_INSTALL_PREFIX=/workspaces/ros_ws/install/diffdrive_adt
[3.135s] Level 1:colcon.colcon_core.environment:create_environment_scripts_only(diffdrive_adt)
[3.143s] Level 1:colcon.colcon_core.environment:checking '/workspaces/ros_ws/install/diffdrive_adt' for CMake module files
[3.144s] Level 1:colcon.colcon_core.environment:checking '/workspaces/ros_ws/install/diffdrive_adt' for CMake config files
[3.144s] Level 1:colcon.colcon_core.environment:checking '/workspaces/ros_ws/install/diffdrive_adt/bin'
[3.144s] Level 1:colcon.colcon_core.environment:checking '/workspaces/ros_ws/install/diffdrive_adt/lib/pkgconfig/diffdrive_adt.pc'
[3.144s] Level 1:colcon.colcon_core.environment:checking '/workspaces/ros_ws/install/diffdrive_adt/lib/python3.10/site-packages'
[3.144s] Level 1:colcon.colcon_core.environment:checking '/workspaces/ros_ws/install/diffdrive_adt/bin'
[3.151s] INFO:colcon.colcon_core.shell:Creating package script '/workspaces/ros_ws/install/diffdrive_adt/share/diffdrive_adt/package.ps1'
[3.152s] INFO:colcon.colcon_core.shell:Creating package descriptor '/workspaces/ros_ws/install/diffdrive_adt/share/diffdrive_adt/package.dsv'
[3.152s] INFO:colcon.colcon_core.shell:Creating package script '/workspaces/ros_ws/install/diffdrive_adt/share/diffdrive_adt/package.sh'
[3.152s] INFO:colcon.colcon_core.shell:Creating package script '/workspaces/ros_ws/install/diffdrive_adt/share/diffdrive_adt/package.bash'
[3.152s] INFO:colcon.colcon_core.shell:Creating package script '/workspaces/ros_ws/install/diffdrive_adt/share/diffdrive_adt/package.zsh'
[3.153s] Level 1:colcon.colcon_core.environment:create_file_with_runtime_dependencies(/workspaces/ros_ws/install/diffdrive_adt/share/colcon-core/packages/diffdrive_adt)
[3.163s] DEBUG:colcon.colcon_parallel_executor.executor.parallel:closing loop
[3.164s] DEBUG:colcon.colcon_parallel_executor.executor.parallel:loop closed
[3.164s] DEBUG:colcon.colcon_parallel_executor.executor.parallel:run_until_complete finished with '1'
[3.164s] DEBUG:colcon.colcon_core.event_reactor:joining thread
[3.177s] INFO:colcon.colcon_core.plugin_system:Skipping extension 'colcon_notification.desktop_notification.notify_send': Could not find 'notify-send'
[3.177s] INFO:colcon.colcon_core.plugin_system:Skipping extension 'colcon_notification.desktop_notification.terminal_notifier': Not used on non-Darwin systems
[3.177s] INFO:colcon.colcon_core.plugin_system:Skipping extension 'colcon_notification.desktop_notification.win32': Not used on non-Windows systems
[3.177s] INFO:colcon.colcon_notification.desktop_notification:Sending desktop notification using 'notify2'
[3.179s] DEBUG:colcon.colcon_notification.desktop_notification.notify2:Failed to initialize notify2: org.freedesktop.DBus.Error.Spawn.ExecFailed: /usr/bin/dbus-launch terminated abnormally without any error message
[3.179s] DEBUG:colcon.colcon_core.event_reactor:joined thread
[3.188s] INFO:colcon.colcon_core.shell:Creating prefix script '/workspaces/ros_ws/install/local_setup.ps1'
[3.189s] INFO:colcon.colcon_core.shell:Creating prefix util module '/workspaces/ros_ws/install/_local_setup_util_ps1.py'
[3.190s] INFO:colcon.colcon_core.shell:Creating prefix chain script '/workspaces/ros_ws/install/setup.ps1'
[3.197s] INFO:colcon.colcon_core.shell:Creating prefix script '/workspaces/ros_ws/install/local_setup.sh'
[3.198s] INFO:colcon.colcon_core.shell:Creating prefix util module '/workspaces/ros_ws/install/_local_setup_util_sh.py'
[3.198s] INFO:colcon.colcon_core.shell:Creating prefix chain script '/workspaces/ros_ws/install/setup.sh'
[3.205s] INFO:colcon.colcon_core.shell:Creating prefix script '/workspaces/ros_ws/install/local_setup.bash'
[3.206s] INFO:colcon.colcon_core.shell:Creating prefix chain script '/workspaces/ros_ws/install/setup.bash'
[3.213s] INFO:colcon.colcon_core.shell:Creating prefix script '/workspaces/ros_ws/install/local_setup.zsh'
[3.214s] INFO:colcon.colcon_core.shell:Creating prefix chain script '/workspaces/ros_ws/install/setup.zsh'
