[0.641s] Invoking command in '/workspaces/ros_ws/build/ros2_control_demo_example_2': CMAKE_PREFIX_PATH=/opt/ros/humble /usr/bin/cmake /workspaces/ros_ws/src/example_2 -DAMENT_CMAKE_SYMLINK_INSTALL=1 -DCMAKE_INSTALL_PREFIX=/workspaces/ros_ws/install/ros2_control_demo_example_2
[0.769s] -- The CXX compiler identification is GNU 11.4.0
[0.782s] -- Detecting CXX compiler ABI info
[0.861s] -- Detecting CXX compiler ABI info - done
[0.868s] -- Check for working CXX compiler: /usr/bin/c++ - skipped
[0.869s] -- Detecting CXX compile features
[0.870s] -- Detecting CXX compile features - done
[0.875s] -- Found ament_cmake: 1.3.7 (/opt/ros/humble/share/ament_cmake/cmake)
[1.007s] -- Found Python3: /usr/bin/python3.10 (found version "3.10.12") found components: Interpreter 
[1.077s] -- Override CMake install command with custom implementation using symlinks instead of copying resources
[1.116s] -- Found hardware_interface: 2.37.0 (/opt/ros/humble/share/hardware_interface/cmake)
[1.181s] -- Found rosidl_generator_c: 3.1.5 (/opt/ros/humble/share/rosidl_generator_c/cmake)
[1.188s] -- Found rosidl_adapter: 3.1.5 (/opt/ros/humble/share/rosidl_adapter/cmake)
[1.199s] -- Found rosidl_generator_cpp: 3.1.5 (/opt/ros/humble/share/rosidl_generator_cpp/cmake)
[1.216s] -- Using all available rosidl_typesupport_c: rosidl_typesupport_fastrtps_c;rosidl_typesupport_introspection_c
[1.237s] -- Using all available rosidl_typesupport_cpp: rosidl_typesupport_fastrtps_cpp;rosidl_typesupport_introspection_cpp
[1.809s] -- Found rmw_implementation_cmake: 6.1.1 (/opt/ros/humble/share/rmw_implementation_cmake/cmake)
[1.812s] -- Found rmw_fastrtps_cpp: 6.2.6 (/opt/ros/humble/share/rmw_fastrtps_cpp/cmake)
[1.850s] -- Found TinyXML2 via Config file: TinyXML2_DIR-NOTFOUND
[1.880s] -- Found OpenSSL: /usr/lib/x86_64-linux-gnu/libcrypto.so (found version "3.0.2")  
[1.884s] -- Found TinyXML2 via Config file: TinyXML2_DIR-NOTFOUND
[1.891s] -- Found FastRTPS: /opt/ros/humble/include  
[1.898s] -- Found TinyXML2 via Config file: TinyXML2_DIR-NOTFOUND
[1.904s] -- Found TinyXML2 via Config file: TinyXML2_DIR-NOTFOUND
[1.909s] -- Using RMW implementation 'rmw_fastrtps_cpp' as default
[1.920s] -- Looking for C++ include pthread.h
[1.974s] -- Looking for C++ include pthread.h - found
[1.975s] -- Performing Test CMAKE_HAVE_LIBC_PTHREAD
[2.031s] -- Performing Test CMAKE_HAVE_LIBC_PTHREAD - Success
[2.032s] -- Found Threads: TRUE  
[2.195s] -- Found ament_cmake_pytest: 1.3.7 (/opt/ros/humble/share/ament_cmake_pytest/cmake)
[2.626s] -- Configuring done
[2.685s] -- Generating done
[2.686s] -- Build files have been written to: /workspaces/ros_ws/build/ros2_control_demo_example_2
[2.693s] Invoked command in '/workspaces/ros_ws/build/ros2_control_demo_example_2' returned '0': CMAKE_PREFIX_PATH=/opt/ros/humble /usr/bin/cmake /workspaces/ros_ws/src/example_2 -DAMENT_CMAKE_SYMLINK_INSTALL=1 -DCMAKE_INSTALL_PREFIX=/workspaces/ros_ws/install/ros2_control_demo_example_2
[2.695s] Invoking command in '/workspaces/ros_ws/build/ros2_control_demo_example_2': CMAKE_PREFIX_PATH=/opt/ros/humble /usr/bin/cmake --build /workspaces/ros_ws/build/ros2_control_demo_example_2 -- -j16 -l16
[2.724s] [ 50%] [32mBuilding CXX object CMakeFiles/ros2_control_demo_example_2.dir/hardware/diffbot_system.cpp.o[0m
[5.608s] [100%] [32m[1mLinking CXX shared library libros2_control_demo_example_2.so[0m
[5.810s] [100%] Built target ros2_control_demo_example_2
[5.818s] Invoked command in '/workspaces/ros_ws/build/ros2_control_demo_example_2' returned '0': CMAKE_PREFIX_PATH=/opt/ros/humble /usr/bin/cmake --build /workspaces/ros_ws/build/ros2_control_demo_example_2 -- -j16 -l16
[5.841s] Invoking command in '/workspaces/ros_ws/build/ros2_control_demo_example_2': CMAKE_PREFIX_PATH=/opt/ros/humble /usr/bin/cmake --install /workspaces/ros_ws/build/ros2_control_demo_example_2
[5.847s] -- Install configuration: ""
[5.848s] -- Execute custom install script
[5.848s] -- Symlinking: /workspaces/ros_ws/install/ros2_control_demo_example_2/share/ros2_control_demo_example_2//ros2_control_demo_example_2.xml
[5.856s] -- Symlinking: /workspaces/ros_ws/install/ros2_control_demo_example_2/include/ros2_control_demo_example_2/ros2_control_demo_example_2/diffbot_system.hpp
[5.865s] -- Symlinking: /workspaces/ros_ws/install/ros2_control_demo_example_2/include/ros2_control_demo_example_2/ros2_control_demo_example_2/visibility_control.h
[5.878s] -- Symlinking: /workspaces/ros_ws/install/ros2_control_demo_example_2/share/ros2_control_demo_example_2/launch/view_robot.launch.py
[5.886s] -- Symlinking: /workspaces/ros_ws/install/ros2_control_demo_example_2/share/ros2_control_demo_example_2/ros2_control/diffbot.ros2_control.xacro
[5.892s] -- Symlinking: /workspaces/ros_ws/install/ros2_control_demo_example_2/share/ros2_control_demo_example_2/urdf/diffbot.urdf.xacro
[5.899s] -- Symlinking: /workspaces/ros_ws/install/ros2_control_demo_example_2/share/ros2_control_demo_example_2/launch/diffbot.launch.py
[5.906s] -- Symlinking: /workspaces/ros_ws/install/ros2_control_demo_example_2/share/ros2_control_demo_example_2/config/diffbot_controllers.yaml
[5.914s] -- Symlinking: /workspaces/ros_ws/install/ros2_control_demo_example_2/share/ros2_control_demo_example_2/environment/library_path.sh
[5.921s] -- Symlinking: /workspaces/ros_ws/install/ros2_control_demo_example_2/share/ros2_control_demo_example_2/environment/library_path.dsv
[5.926s] -- Symlinking: /workspaces/ros_ws/install/ros2_control_demo_example_2/share/ament_index/resource_index/package_run_dependencies/ros2_control_demo_example_2
[5.931s] -- Symlinking: /workspaces/ros_ws/install/ros2_control_demo_example_2/share/ament_index/resource_index/parent_prefix_path/ros2_control_demo_example_2
[5.937s] -- Symlinking: /workspaces/ros_ws/install/ros2_control_demo_example_2/share/ros2_control_demo_example_2/environment/ament_prefix_path.sh
[5.942s] -- Symlinking: /workspaces/ros_ws/install/ros2_control_demo_example_2/share/ros2_control_demo_example_2/environment/ament_prefix_path.dsv
[5.947s] -- Symlinking: /workspaces/ros_ws/install/ros2_control_demo_example_2/share/ros2_control_demo_example_2/environment/path.sh
[5.953s] -- Symlinking: /workspaces/ros_ws/install/ros2_control_demo_example_2/share/ros2_control_demo_example_2/environment/path.dsv
[5.958s] -- Symlinking: /workspaces/ros_ws/install/ros2_control_demo_example_2/share/ros2_control_demo_example_2/local_setup.bash
[5.965s] -- Symlinking: /workspaces/ros_ws/install/ros2_control_demo_example_2/share/ros2_control_demo_example_2/local_setup.sh
[5.971s] -- Symlinking: /workspaces/ros_ws/install/ros2_control_demo_example_2/share/ros2_control_demo_example_2/local_setup.zsh
[5.979s] -- Symlinking: /workspaces/ros_ws/install/ros2_control_demo_example_2/share/ros2_control_demo_example_2/local_setup.dsv
[5.984s] -- Symlinking: /workspaces/ros_ws/install/ros2_control_demo_example_2/share/ros2_control_demo_example_2/package.dsv
[5.990s] -- Symlinking: /workspaces/ros_ws/install/ros2_control_demo_example_2/share/ament_index/resource_index/packages/ros2_control_demo_example_2
[5.995s] -- Symlinking: /workspaces/ros_ws/install/ros2_control_demo_example_2/share/ament_index/resource_index/hardware_interface__pluginlib__plugin/ros2_control_demo_example_2
[6.003s] -- Symlinking: /workspaces/ros_ws/install/ros2_control_demo_example_2/share/ros2_control_demo_example_2/cmake/ament_cmake_export_targets-extras.cmake
[6.008s] -- Symlinking: /workspaces/ros_ws/install/ros2_control_demo_example_2/share/ros2_control_demo_example_2/cmake/ament_cmake_export_dependencies-extras.cmake
[6.013s] -- Symlinking: /workspaces/ros_ws/install/ros2_control_demo_example_2/share/ros2_control_demo_example_2/cmake/ros2_control_demo_example_2Config.cmake
[6.019s] -- Symlinking: /workspaces/ros_ws/install/ros2_control_demo_example_2/share/ros2_control_demo_example_2/cmake/ros2_control_demo_example_2Config-version.cmake
[6.023s] -- Symlinking: /workspaces/ros_ws/install/ros2_control_demo_example_2/share/ros2_control_demo_example_2/package.xml
[6.028s] -- Installing: /workspaces/ros_ws/install/ros2_control_demo_example_2/lib/libros2_control_demo_example_2.so
[6.030s] -- Set runtime path of "/workspaces/ros_ws/install/ros2_control_demo_example_2/lib/libros2_control_demo_example_2.so" to ""
[6.030s] -- Installing: /workspaces/ros_ws/install/ros2_control_demo_example_2/share/ros2_control_demo_example_2/cmake/export_ros2_control_demo_example_2Export.cmake
[6.030s] -- Installing: /workspaces/ros_ws/install/ros2_control_demo_example_2/share/ros2_control_demo_example_2/cmake/export_ros2_control_demo_example_2Export-noconfig.cmake
[6.032s] Invoked command in '/workspaces/ros_ws/build/ros2_control_demo_example_2' returned '0': CMAKE_PREFIX_PATH=/opt/ros/humble /usr/bin/cmake --install /workspaces/ros_ws/build/ros2_control_demo_example_2
