[0.606s] DEBUG:colcon:Command line arguments: ['/usr/bin/colcon', 'build', '--symlink-install']
[0.606s] DEBUG:colcon:Parsed command line arguments: Namespace(log_base=None, log_level=None, verb_name='build', build_base='build', install_base='install', merge_install=False, symlink_install=True, test_result_base=None, continue_on_error=False, executor='parallel', parallel_workers=16, event_handlers=None, ignore_user_meta=False, metas=['./colcon.meta'], base_paths=['.'], packages_ignore=None, packages_ignore_regex=None, paths=None, packages_up_to=None, packages_up_to_regex=None, packages_above=None, packages_above_and_dependencies=None, packages_above_depth=None, packages_select_by_dep=None, packages_skip_by_dep=None, packages_skip_up_to=None, packages_select_build_failed=False, packages_skip_build_finished=False, packages_select_test_failures=False, packages_skip_test_passed=False, packages_select=None, packages_skip=None, packages_select_regex=None, packages_skip_regex=None, packages_start=None, packages_end=None, cmake_args=None, cmake_target=None, cmake_target_skip_unavailable=False, cmake_clean_cache=False, cmake_clean_first=False, cmake_force_configure=False, ament_cmake_args=None, catkin_cmake_args=None, catkin_skip_building_tests=False, mixin_files=None, mixin=None, verb_parser=<colcon_mixin.mixin.mixin_argument.MixinArgumentDecorator object at 0x7fa64839f8b0>, verb_extension=<colcon_core.verb.build.BuildVerb object at 0x7fa64883b250>, main=<bound method BuildVerb.main of <colcon_core.verb.build.BuildVerb object at 0x7fa64883b250>>, mixin_verb=('build',))
[0.631s] Level 1:colcon.colcon_core.package_discovery:discover_packages(colcon_meta) check parameters
[0.631s] Level 1:colcon.colcon_core.package_discovery:discover_packages(recursive) check parameters
[0.631s] Level 1:colcon.colcon_core.package_discovery:discover_packages(ignore) check parameters
[0.631s] Level 1:colcon.colcon_core.package_discovery:discover_packages(path) check parameters
[0.631s] Level 1:colcon.colcon_core.package_discovery:discover_packages(colcon_meta) discover
[0.631s] Level 1:colcon.colcon_core.package_discovery:discover_packages(recursive) discover
[0.631s] INFO:colcon.colcon_core.package_discovery:Crawling recursively for packages in '/workspaces/ros_ws'
[0.631s] Level 1:colcon.colcon_core.package_identification:_identify(.) by extensions ['ignore', 'ignore_ament_install']
[0.631s] Level 1:colcon.colcon_core.package_identification:_identify(.) by extension 'ignore'
[0.631s] Level 1:colcon.colcon_core.package_identification:_identify(.) by extension 'ignore_ament_install'
[0.631s] Level 1:colcon.colcon_core.package_identification:_identify(.) by extensions ['colcon_pkg']
[0.631s] Level 1:colcon.colcon_core.package_identification:_identify(.) by extension 'colcon_pkg'
[0.631s] Level 1:colcon.colcon_core.package_identification:_identify(.) by extensions ['colcon_meta']
[0.631s] Level 1:colcon.colcon_core.package_identification:_identify(.) by extension 'colcon_meta'
[0.631s] Level 1:colcon.colcon_core.package_identification:_identify(.) by extensions ['ros']
[0.631s] Level 1:colcon.colcon_core.package_identification:_identify(.) by extension 'ros'
[0.639s] Level 1:colcon.colcon_core.package_identification:_identify(.) by extensions ['cmake', 'python']
[0.639s] Level 1:colcon.colcon_core.package_identification:_identify(.) by extension 'cmake'
[0.639s] Level 1:colcon.colcon_core.package_identification:_identify(.) by extension 'python'
[0.639s] Level 1:colcon.colcon_core.package_identification:_identify(.) by extensions ['python_setup_py']
[0.639s] Level 1:colcon.colcon_core.package_identification:_identify(.) by extension 'python_setup_py'
[0.639s] Level 1:colcon.colcon_core.package_identification:_identify(build) by extensions ['ignore', 'ignore_ament_install']
[0.639s] Level 1:colcon.colcon_core.package_identification:_identify(build) by extension 'ignore'
[0.639s] Level 1:colcon.colcon_core.package_identification:_identify(build) ignored
[0.640s] Level 1:colcon.colcon_core.package_identification:_identify(install) by extensions ['ignore', 'ignore_ament_install']
[0.640s] Level 1:colcon.colcon_core.package_identification:_identify(install) by extension 'ignore'
[0.640s] Level 1:colcon.colcon_core.package_identification:_identify(install) ignored
[0.640s] Level 1:colcon.colcon_core.package_identification:_identify(log) by extensions ['ignore', 'ignore_ament_install']
[0.640s] Level 1:colcon.colcon_core.package_identification:_identify(log) by extension 'ignore'
[0.640s] Level 1:colcon.colcon_core.package_identification:_identify(log) ignored
[0.640s] Level 1:colcon.colcon_core.package_identification:_identify(src) by extensions ['ignore', 'ignore_ament_install']
[0.640s] Level 1:colcon.colcon_core.package_identification:_identify(src) by extension 'ignore'
[0.640s] Level 1:colcon.colcon_core.package_identification:_identify(src) by extension 'ignore_ament_install'
[0.640s] Level 1:colcon.colcon_core.package_identification:_identify(src) by extensions ['colcon_pkg']
[0.640s] Level 1:colcon.colcon_core.package_identification:_identify(src) by extension 'colcon_pkg'
[0.640s] Level 1:colcon.colcon_core.package_identification:_identify(src) by extensions ['colcon_meta']
[0.640s] Level 1:colcon.colcon_core.package_identification:_identify(src) by extension 'colcon_meta'
[0.640s] Level 1:colcon.colcon_core.package_identification:_identify(src) by extensions ['ros']
[0.640s] Level 1:colcon.colcon_core.package_identification:_identify(src) by extension 'ros'
[0.640s] Level 1:colcon.colcon_core.package_identification:_identify(src) by extensions ['cmake', 'python']
[0.640s] Level 1:colcon.colcon_core.package_identification:_identify(src) by extension 'cmake'
[0.640s] Level 1:colcon.colcon_core.package_identification:_identify(src) by extension 'python'
[0.640s] Level 1:colcon.colcon_core.package_identification:_identify(src) by extensions ['python_setup_py']
[0.640s] Level 1:colcon.colcon_core.package_identification:_identify(src) by extension 'python_setup_py'
[0.640s] Level 1:colcon.colcon_core.package_identification:_identify(src/adt) by extensions ['ignore', 'ignore_ament_install']
[0.641s] Level 1:colcon.colcon_core.package_identification:_identify(src/adt) by extension 'ignore'
[0.641s] Level 1:colcon.colcon_core.package_identification:_identify(src/adt) by extension 'ignore_ament_install'
[0.641s] Level 1:colcon.colcon_core.package_identification:_identify(src/adt) by extensions ['colcon_pkg']
[0.641s] Level 1:colcon.colcon_core.package_identification:_identify(src/adt) by extension 'colcon_pkg'
[0.641s] Level 1:colcon.colcon_core.package_identification:_identify(src/adt) by extensions ['colcon_meta']
[0.641s] Level 1:colcon.colcon_core.package_identification:_identify(src/adt) by extension 'colcon_meta'
[0.641s] Level 1:colcon.colcon_core.package_identification:_identify(src/adt) by extensions ['ros']
[0.641s] Level 1:colcon.colcon_core.package_identification:_identify(src/adt) by extension 'ros'
[0.642s] DEBUG:colcon.colcon_core.package_identification:Package 'src/adt' with type 'ros.ament_python' and name 'adt'
[0.643s] Level 1:colcon.colcon_core.package_identification:_identify(src/adt_code) by extensions ['ignore', 'ignore_ament_install']
[0.643s] Level 1:colcon.colcon_core.package_identification:_identify(src/adt_code) by extension 'ignore'
[0.643s] Level 1:colcon.colcon_core.package_identification:_identify(src/adt_code) by extension 'ignore_ament_install'
[0.643s] Level 1:colcon.colcon_core.package_identification:_identify(src/adt_code) by extensions ['colcon_pkg']
[0.643s] Level 1:colcon.colcon_core.package_identification:_identify(src/adt_code) by extension 'colcon_pkg'
[0.643s] Level 1:colcon.colcon_core.package_identification:_identify(src/adt_code) by extensions ['colcon_meta']
[0.643s] Level 1:colcon.colcon_core.package_identification:_identify(src/adt_code) by extension 'colcon_meta'
[0.643s] Level 1:colcon.colcon_core.package_identification:_identify(src/adt_code) by extensions ['ros']
[0.643s] Level 1:colcon.colcon_core.package_identification:_identify(src/adt_code) by extension 'ros'
[0.643s] DEBUG:colcon.colcon_core.package_identification:Package 'src/adt_code' with type 'ros.ament_python' and name 'adt_code'
[0.643s] Level 1:colcon.colcon_core.package_identification:_identify(src/adt_urdf) by extensions ['ignore', 'ignore_ament_install']
[0.643s] Level 1:colcon.colcon_core.package_identification:_identify(src/adt_urdf) by extension 'ignore'
[0.643s] Level 1:colcon.colcon_core.package_identification:_identify(src/adt_urdf) by extension 'ignore_ament_install'
[0.643s] Level 1:colcon.colcon_core.package_identification:_identify(src/adt_urdf) by extensions ['colcon_pkg']
[0.644s] Level 1:colcon.colcon_core.package_identification:_identify(src/adt_urdf) by extension 'colcon_pkg'
[0.644s] Level 1:colcon.colcon_core.package_identification:_identify(src/adt_urdf) by extensions ['colcon_meta']
[0.644s] Level 1:colcon.colcon_core.package_identification:_identify(src/adt_urdf) by extension 'colcon_meta'
[0.644s] Level 1:colcon.colcon_core.package_identification:_identify(src/adt_urdf) by extensions ['ros']
[0.644s] Level 1:colcon.colcon_core.package_identification:_identify(src/adt_urdf) by extension 'ros'
[0.644s] DEBUG:colcon.colcon_core.package_identification:Package 'src/adt_urdf' with type 'ros.ament_python' and name 'adt_urdf'
[0.644s] Level 1:colcon.colcon_core.package_identification:_identify(src/adt_web) by extensions ['ignore', 'ignore_ament_install']
[0.644s] Level 1:colcon.colcon_core.package_identification:_identify(src/adt_web) by extension 'ignore'
[0.644s] Level 1:colcon.colcon_core.package_identification:_identify(src/adt_web) by extension 'ignore_ament_install'
[0.644s] Level 1:colcon.colcon_core.package_identification:_identify(src/adt_web) by extensions ['colcon_pkg']
[0.644s] Level 1:colcon.colcon_core.package_identification:_identify(src/adt_web) by extension 'colcon_pkg'
[0.644s] Level 1:colcon.colcon_core.package_identification:_identify(src/adt_web) by extensions ['colcon_meta']
[0.644s] Level 1:colcon.colcon_core.package_identification:_identify(src/adt_web) by extension 'colcon_meta'
[0.644s] Level 1:colcon.colcon_core.package_identification:_identify(src/adt_web) by extensions ['ros']
[0.644s] Level 1:colcon.colcon_core.package_identification:_identify(src/adt_web) by extension 'ros'
[0.645s] DEBUG:colcon.colcon_core.package_identification:Package 'src/adt_web' with type 'ros.ament_python' and name 'adt_web'
[0.645s] Level 1:colcon.colcon_core.package_identification:_identify(src/diffdrive_adt) by extensions ['ignore', 'ignore_ament_install']
[0.645s] Level 1:colcon.colcon_core.package_identification:_identify(src/diffdrive_adt) by extension 'ignore'
[0.645s] Level 1:colcon.colcon_core.package_identification:_identify(src/diffdrive_adt) by extension 'ignore_ament_install'
[0.645s] Level 1:colcon.colcon_core.package_identification:_identify(src/diffdrive_adt) by extensions ['colcon_pkg']
[0.645s] Level 1:colcon.colcon_core.package_identification:_identify(src/diffdrive_adt) by extension 'colcon_pkg'
[0.645s] Level 1:colcon.colcon_core.package_identification:_identify(src/diffdrive_adt) by extensions ['colcon_meta']
[0.645s] Level 1:colcon.colcon_core.package_identification:_identify(src/diffdrive_adt) by extension 'colcon_meta'
[0.645s] Level 1:colcon.colcon_core.package_identification:_identify(src/diffdrive_adt) by extensions ['ros']
[0.645s] Level 1:colcon.colcon_core.package_identification:_identify(src/diffdrive_adt) by extension 'ros'
[0.646s] DEBUG:colcon.colcon_core.package_identification:Package 'src/diffdrive_adt' with type 'ros.ament_cmake' and name 'diffdrive_adt'
[0.646s] Level 1:colcon.colcon_core.package_discovery:discover_packages(recursive) using defaults
[0.646s] Level 1:colcon.colcon_core.package_discovery:discover_packages(ignore) discover
[0.646s] Level 1:colcon.colcon_core.package_discovery:discover_packages(ignore) using defaults
[0.646s] Level 1:colcon.colcon_core.package_discovery:discover_packages(path) discover
[0.646s] Level 1:colcon.colcon_core.package_discovery:discover_packages(path) using defaults
[0.686s] Level 5:colcon.colcon_core.verb:set package 'adt' build argument 'cmake_args' from command line to 'None'
[0.686s] Level 5:colcon.colcon_core.verb:set package 'adt' build argument 'cmake_target' from command line to 'None'
[0.686s] Level 5:colcon.colcon_core.verb:set package 'adt' build argument 'cmake_target_skip_unavailable' from command line to 'False'
[0.686s] Level 5:colcon.colcon_core.verb:set package 'adt' build argument 'cmake_clean_cache' from command line to 'False'
[0.686s] Level 5:colcon.colcon_core.verb:set package 'adt' build argument 'cmake_clean_first' from command line to 'False'
[0.686s] Level 5:colcon.colcon_core.verb:set package 'adt' build argument 'cmake_force_configure' from command line to 'False'
[0.686s] Level 5:colcon.colcon_core.verb:set package 'adt' build argument 'ament_cmake_args' from command line to 'None'
[0.686s] Level 5:colcon.colcon_core.verb:set package 'adt' build argument 'catkin_cmake_args' from command line to 'None'
[0.686s] Level 5:colcon.colcon_core.verb:set package 'adt' build argument 'catkin_skip_building_tests' from command line to 'False'
[0.686s] DEBUG:colcon.colcon_core.verb:Building package 'adt' with the following arguments: {'ament_cmake_args': None, 'build_base': '/workspaces/ros_ws/build/adt', 'catkin_cmake_args': None, 'catkin_skip_building_tests': False, 'cmake_args': None, 'cmake_clean_cache': False, 'cmake_clean_first': False, 'cmake_force_configure': False, 'cmake_target': None, 'cmake_target_skip_unavailable': False, 'install_base': '/workspaces/ros_ws/install/adt', 'merge_install': False, 'path': '/workspaces/ros_ws/src/adt', 'symlink_install': True, 'test_result_base': None}
[0.693s] Level 5:colcon.colcon_core.verb:set package 'adt_code' build argument 'cmake_args' from command line to 'None'
[0.693s] Level 5:colcon.colcon_core.verb:set package 'adt_code' build argument 'cmake_target' from command line to 'None'
[0.693s] Level 5:colcon.colcon_core.verb:set package 'adt_code' build argument 'cmake_target_skip_unavailable' from command line to 'False'
[0.693s] Level 5:colcon.colcon_core.verb:set package 'adt_code' build argument 'cmake_clean_cache' from command line to 'False'
[0.693s] Level 5:colcon.colcon_core.verb:set package 'adt_code' build argument 'cmake_clean_first' from command line to 'False'
[0.693s] Level 5:colcon.colcon_core.verb:set package 'adt_code' build argument 'cmake_force_configure' from command line to 'False'
[0.693s] Level 5:colcon.colcon_core.verb:set package 'adt_code' build argument 'ament_cmake_args' from command line to 'None'
[0.693s] Level 5:colcon.colcon_core.verb:set package 'adt_code' build argument 'catkin_cmake_args' from command line to 'None'
[0.693s] Level 5:colcon.colcon_core.verb:set package 'adt_code' build argument 'catkin_skip_building_tests' from command line to 'False'
[0.693s] DEBUG:colcon.colcon_core.verb:Building package 'adt_code' with the following arguments: {'ament_cmake_args': None, 'build_base': '/workspaces/ros_ws/build/adt_code', 'catkin_cmake_args': None, 'catkin_skip_building_tests': False, 'cmake_args': None, 'cmake_clean_cache': False, 'cmake_clean_first': False, 'cmake_force_configure': False, 'cmake_target': None, 'cmake_target_skip_unavailable': False, 'install_base': '/workspaces/ros_ws/install/adt_code', 'merge_install': False, 'path': '/workspaces/ros_ws/src/adt_code', 'symlink_install': True, 'test_result_base': None}
[0.700s] Level 5:colcon.colcon_core.verb:set package 'adt_urdf' build argument 'cmake_args' from command line to 'None'
[0.700s] Level 5:colcon.colcon_core.verb:set package 'adt_urdf' build argument 'cmake_target' from command line to 'None'
[0.700s] Level 5:colcon.colcon_core.verb:set package 'adt_urdf' build argument 'cmake_target_skip_unavailable' from command line to 'False'
[0.700s] Level 5:colcon.colcon_core.verb:set package 'adt_urdf' build argument 'cmake_clean_cache' from command line to 'False'
[0.700s] Level 5:colcon.colcon_core.verb:set package 'adt_urdf' build argument 'cmake_clean_first' from command line to 'False'
[0.700s] Level 5:colcon.colcon_core.verb:set package 'adt_urdf' build argument 'cmake_force_configure' from command line to 'False'
[0.700s] Level 5:colcon.colcon_core.verb:set package 'adt_urdf' build argument 'ament_cmake_args' from command line to 'None'
[0.700s] Level 5:colcon.colcon_core.verb:set package 'adt_urdf' build argument 'catkin_cmake_args' from command line to 'None'
[0.700s] Level 5:colcon.colcon_core.verb:set package 'adt_urdf' build argument 'catkin_skip_building_tests' from command line to 'False'
[0.700s] DEBUG:colcon.colcon_core.verb:Building package 'adt_urdf' with the following arguments: {'ament_cmake_args': None, 'build_base': '/workspaces/ros_ws/build/adt_urdf', 'catkin_cmake_args': None, 'catkin_skip_building_tests': False, 'cmake_args': None, 'cmake_clean_cache': False, 'cmake_clean_first': False, 'cmake_force_configure': False, 'cmake_target': None, 'cmake_target_skip_unavailable': False, 'install_base': '/workspaces/ros_ws/install/adt_urdf', 'merge_install': False, 'path': '/workspaces/ros_ws/src/adt_urdf', 'symlink_install': True, 'test_result_base': None}
[0.706s] Level 5:colcon.colcon_core.verb:set package 'adt_web' build argument 'cmake_args' from command line to 'None'
[0.706s] Level 5:colcon.colcon_core.verb:set package 'adt_web' build argument 'cmake_target' from command line to 'None'
[0.706s] Level 5:colcon.colcon_core.verb:set package 'adt_web' build argument 'cmake_target_skip_unavailable' from command line to 'False'
[0.706s] Level 5:colcon.colcon_core.verb:set package 'adt_web' build argument 'cmake_clean_cache' from command line to 'False'
[0.706s] Level 5:colcon.colcon_core.verb:set package 'adt_web' build argument 'cmake_clean_first' from command line to 'False'
[0.706s] Level 5:colcon.colcon_core.verb:set package 'adt_web' build argument 'cmake_force_configure' from command line to 'False'
[0.706s] Level 5:colcon.colcon_core.verb:set package 'adt_web' build argument 'ament_cmake_args' from command line to 'None'
[0.706s] Level 5:colcon.colcon_core.verb:set package 'adt_web' build argument 'catkin_cmake_args' from command line to 'None'
[0.706s] Level 5:colcon.colcon_core.verb:set package 'adt_web' build argument 'catkin_skip_building_tests' from command line to 'False'
[0.706s] DEBUG:colcon.colcon_core.verb:Building package 'adt_web' with the following arguments: {'ament_cmake_args': None, 'build_base': '/workspaces/ros_ws/build/adt_web', 'catkin_cmake_args': None, 'catkin_skip_building_tests': False, 'cmake_args': None, 'cmake_clean_cache': False, 'cmake_clean_first': False, 'cmake_force_configure': False, 'cmake_target': None, 'cmake_target_skip_unavailable': False, 'install_base': '/workspaces/ros_ws/install/adt_web', 'merge_install': False, 'path': '/workspaces/ros_ws/src/adt_web', 'symlink_install': True, 'test_result_base': None}
[0.715s] Level 5:colcon.colcon_core.verb:set package 'diffdrive_adt' build argument 'cmake_args' from command line to 'None'
[0.716s] Level 5:colcon.colcon_core.verb:set package 'diffdrive_adt' build argument 'cmake_target' from command line to 'None'
[0.716s] Level 5:colcon.colcon_core.verb:set package 'diffdrive_adt' build argument 'cmake_target_skip_unavailable' from command line to 'False'
[0.716s] Level 5:colcon.colcon_core.verb:set package 'diffdrive_adt' build argument 'cmake_clean_cache' from command line to 'False'
[0.716s] Level 5:colcon.colcon_core.verb:set package 'diffdrive_adt' build argument 'cmake_clean_first' from command line to 'False'
[0.716s] Level 5:colcon.colcon_core.verb:set package 'diffdrive_adt' build argument 'cmake_force_configure' from command line to 'False'
[0.716s] Level 5:colcon.colcon_core.verb:set package 'diffdrive_adt' build argument 'ament_cmake_args' from command line to 'None'
[0.716s] Level 5:colcon.colcon_core.verb:set package 'diffdrive_adt' build argument 'catkin_cmake_args' from command line to 'None'
[0.716s] Level 5:colcon.colcon_core.verb:set package 'diffdrive_adt' build argument 'catkin_skip_building_tests' from command line to 'False'
[0.716s] DEBUG:colcon.colcon_core.verb:Building package 'diffdrive_adt' with the following arguments: {'ament_cmake_args': None, 'build_base': '/workspaces/ros_ws/build/diffdrive_adt', 'catkin_cmake_args': None, 'catkin_skip_building_tests': False, 'cmake_args': None, 'cmake_clean_cache': False, 'cmake_clean_first': False, 'cmake_force_configure': False, 'cmake_target': None, 'cmake_target_skip_unavailable': False, 'install_base': '/workspaces/ros_ws/install/diffdrive_adt', 'merge_install': False, 'path': '/workspaces/ros_ws/src/diffdrive_adt', 'symlink_install': True, 'test_result_base': None}
[0.723s] INFO:colcon.colcon_core.executor:Executing jobs using 'parallel' executor
[0.729s] DEBUG:colcon.colcon_parallel_executor.executor.parallel:run_until_complete
[0.730s] INFO:colcon.colcon_ros.task.ament_python.build:Building ROS package in '/workspaces/ros_ws/src/adt' with build type 'ament_python'
[0.730s] Level 1:colcon.colcon_core.shell:create_environment_hook('adt', 'ament_prefix_path')
[0.738s] INFO:colcon.colcon_core.plugin_system:Skipping extension 'colcon_core.shell.bat': Not used on non-Windows systems
[0.738s] INFO:colcon.colcon_core.shell:Creating environment hook '/workspaces/ros_ws/install/adt/share/adt/hook/ament_prefix_path.ps1'
[0.738s] INFO:colcon.colcon_core.shell:Creating environment descriptor '/workspaces/ros_ws/install/adt/share/adt/hook/ament_prefix_path.dsv'
[0.739s] INFO:colcon.colcon_core.shell:Creating environment hook '/workspaces/ros_ws/install/adt/share/adt/hook/ament_prefix_path.sh'
[0.746s] INFO:colcon.colcon_core.shell:Skip shell extension 'powershell' for command environment: Not usable outside of PowerShell
[0.746s] DEBUG:colcon.colcon_core.shell:Skip shell extension 'dsv' for command environment
[0.762s] INFO:colcon.colcon_ros.task.ament_python.build:Building ROS package in '/workspaces/ros_ws/src/adt_code' with build type 'ament_python'
[0.762s] Level 1:colcon.colcon_core.shell:create_environment_hook('adt_code', 'ament_prefix_path')
[0.769s] INFO:colcon.colcon_core.shell:Creating environment hook '/workspaces/ros_ws/install/adt_code/share/adt_code/hook/ament_prefix_path.ps1'
[0.770s] INFO:colcon.colcon_core.shell:Creating environment descriptor '/workspaces/ros_ws/install/adt_code/share/adt_code/hook/ament_prefix_path.dsv'
[0.770s] INFO:colcon.colcon_core.shell:Creating environment hook '/workspaces/ros_ws/install/adt_code/share/adt_code/hook/ament_prefix_path.sh'
[0.779s] INFO:colcon.colcon_core.shell:Skip shell extension 'powershell' for command environment: Not usable outside of PowerShell
[0.779s] DEBUG:colcon.colcon_core.shell:Skip shell extension 'dsv' for command environment
[0.800s] INFO:colcon.colcon_ros.task.ament_python.build:Building ROS package in '/workspaces/ros_ws/src/adt_urdf' with build type 'ament_python'
[0.800s] Level 1:colcon.colcon_core.shell:create_environment_hook('adt_urdf', 'ament_prefix_path')
[0.810s] INFO:colcon.colcon_core.shell:Creating environment hook '/workspaces/ros_ws/install/adt_urdf/share/adt_urdf/hook/ament_prefix_path.ps1'
[0.810s] INFO:colcon.colcon_core.shell:Creating environment descriptor '/workspaces/ros_ws/install/adt_urdf/share/adt_urdf/hook/ament_prefix_path.dsv'
[0.811s] INFO:colcon.colcon_core.shell:Creating environment hook '/workspaces/ros_ws/install/adt_urdf/share/adt_urdf/hook/ament_prefix_path.sh'
[0.818s] INFO:colcon.colcon_core.shell:Skip shell extension 'powershell' for command environment: Not usable outside of PowerShell
[0.818s] DEBUG:colcon.colcon_core.shell:Skip shell extension 'dsv' for command environment
[0.833s] INFO:colcon.colcon_ros.task.ament_python.build:Building ROS package in '/workspaces/ros_ws/src/adt_web' with build type 'ament_python'
[0.834s] Level 1:colcon.colcon_core.shell:create_environment_hook('adt_web', 'ament_prefix_path')
[0.840s] INFO:colcon.colcon_core.shell:Creating environment hook '/workspaces/ros_ws/install/adt_web/share/adt_web/hook/ament_prefix_path.ps1'
[0.841s] INFO:colcon.colcon_core.shell:Creating environment descriptor '/workspaces/ros_ws/install/adt_web/share/adt_web/hook/ament_prefix_path.dsv'
[0.841s] INFO:colcon.colcon_core.shell:Creating environment hook '/workspaces/ros_ws/install/adt_web/share/adt_web/hook/ament_prefix_path.sh'
[0.848s] INFO:colcon.colcon_core.shell:Skip shell extension 'powershell' for command environment: Not usable outside of PowerShell
[0.848s] DEBUG:colcon.colcon_core.shell:Skip shell extension 'dsv' for command environment
[0.863s] INFO:colcon.colcon_ros.task.ament_cmake.build:Building ROS package in '/workspaces/ros_ws/src/diffdrive_adt' with build type 'ament_cmake'
[0.863s] INFO:colcon.colcon_cmake.task.cmake.build:Building CMake package in '/workspaces/ros_ws/src/diffdrive_adt'
[0.870s] INFO:colcon.colcon_core.shell:Skip shell extension 'powershell' for command environment: Not usable outside of PowerShell
[0.870s] DEBUG:colcon.colcon_core.shell:Skip shell extension 'dsv' for command environment
[1.032s] INFO:colcon.colcon_core.task.python.build:Building Python package in '/workspaces/ros_ws/src/adt'
[1.039s] INFO:colcon.colcon_core.shell:Skip shell extension 'powershell' for command environment: Not usable outside of PowerShell
[1.039s] DEBUG:colcon.colcon_core.shell:Skip shell extension 'dsv' for command environment
[1.193s] INFO:colcon.colcon_core.task.python.build:Building Python package in '/workspaces/ros_ws/src/adt_code'
[1.201s] INFO:colcon.colcon_core.shell:Skip shell extension 'powershell' for command environment: Not usable outside of PowerShell
[1.201s] DEBUG:colcon.colcon_core.shell:Skip shell extension 'dsv' for command environment
[1.357s] INFO:colcon.colcon_core.task.python.build:Building Python package in '/workspaces/ros_ws/src/adt_urdf'
[1.364s] INFO:colcon.colcon_core.shell:Skip shell extension 'powershell' for command environment: Not usable outside of PowerShell
[1.364s] DEBUG:colcon.colcon_core.shell:Skip shell extension 'dsv' for command environment
[1.525s] INFO:colcon.colcon_core.task.python.build:Building Python package in '/workspaces/ros_ws/src/adt_web'
[1.535s] INFO:colcon.colcon_core.shell:Skip shell extension 'powershell' for command environment: Not usable outside of PowerShell
[1.535s] DEBUG:colcon.colcon_core.shell:Skip shell extension 'dsv' for command environment
[1.556s] DEBUG:colcon.colcon_core.event_handler.log_command:Invoking command in '/workspaces/ros_ws/build/diffdrive_adt': CMAKE_PREFIX_PATH=/opt/ros/humble /usr/bin/cmake /workspaces/ros_ws/src/diffdrive_adt -DAMENT_CMAKE_SYMLINK_INSTALL=1 -DCMAKE_INSTALL_PREFIX=/workspaces/ros_ws/install/diffdrive_adt
[1.821s] DEBUG:colcon.colcon_core.event_handler.log_command:Invoking command in '/workspaces/ros_ws/build/adt': PYTHONPATH=/workspaces/ros_ws/build/adt/prefix_override:/workspaces/ros_ws/install/adt/lib/python3.10/site-packages:${PYTHONPATH} /usr/bin/python3 setup.py develop --editable --build-directory /workspaces/ros_ws/build/adt/build --no-deps install_data
[1.824s] DEBUG:colcon.colcon_core.event_handler.log_command:Invoking command in '/workspaces/ros_ws/build/adt_urdf': PYTHONPATH=/workspaces/ros_ws/build/adt_urdf/prefix_override:/workspaces/ros_ws/install/adt_urdf/lib/python3.10/site-packages:${PYTHONPATH} /usr/bin/python3 setup.py develop --editable --build-directory /workspaces/ros_ws/build/adt_urdf/build --no-deps install_data
[1.828s] DEBUG:colcon.colcon_core.event_handler.log_command:Invoking command in '/workspaces/ros_ws/build/adt_code': PYTHONPATH=/workspaces/ros_ws/build/adt_code/prefix_override:/workspaces/ros_ws/install/adt_code/lib/python3.10/site-packages:${PYTHONPATH} /usr/bin/python3 setup.py develop --editable --build-directory /workspaces/ros_ws/build/adt_code/build --no-deps install_data
[1.838s] DEBUG:colcon.colcon_core.event_handler.log_command:Invoking command in '/workspaces/ros_ws/build/adt_web': PYTHONPATH=/workspaces/ros_ws/build/adt_web/prefix_override:/workspaces/ros_ws/install/adt_web/lib/python3.10/site-packages:${PYTHONPATH} /usr/bin/python3 setup.py develop --editable --build-directory /workspaces/ros_ws/build/adt_web/build --no-deps install_data
[2.145s] Level 1:colcon.colcon_core.shell:create_environment_hook('adt_urdf', 'pythonpath_develop')
[2.146s] DEBUG:colcon.colcon_core.event_handler.log_command:Invoked command in '/workspaces/ros_ws/build/adt_urdf' returned '0': PYTHONPATH=/workspaces/ros_ws/build/adt_urdf/prefix_override:/workspaces/ros_ws/install/adt_urdf/lib/python3.10/site-packages:${PYTHONPATH} /usr/bin/python3 setup.py develop --editable --build-directory /workspaces/ros_ws/build/adt_urdf/build --no-deps install_data
[2.155s] INFO:colcon.colcon_core.shell:Creating environment hook '/workspaces/ros_ws/build/adt_urdf/share/adt_urdf/hook/pythonpath_develop.ps1'
[2.156s] INFO:colcon.colcon_core.shell:Creating environment descriptor '/workspaces/ros_ws/build/adt_urdf/share/adt_urdf/hook/pythonpath_develop.dsv'
[2.156s] INFO:colcon.colcon_core.shell:Creating environment hook '/workspaces/ros_ws/build/adt_urdf/share/adt_urdf/hook/pythonpath_develop.sh'
[2.167s] Level 1:colcon.colcon_core.environment:checking '/workspaces/ros_ws/install/adt_urdf' for CMake module files
[2.168s] Level 1:colcon.colcon_core.environment:checking '/workspaces/ros_ws/install/adt_urdf' for CMake config files
[2.168s] Level 1:colcon.colcon_core.environment:checking '/workspaces/ros_ws/install/adt_urdf/lib'
[2.169s] Level 1:colcon.colcon_core.environment:checking '/workspaces/ros_ws/install/adt_urdf/bin'
[2.169s] Level 1:colcon.colcon_core.environment:checking '/workspaces/ros_ws/install/adt_urdf/lib/pkgconfig/adt_urdf.pc'
[2.169s] Level 1:colcon.colcon_core.environment:checking '/workspaces/ros_ws/install/adt_urdf/lib/python3.10/site-packages'
[2.169s] Level 1:colcon.colcon_core.shell:create_environment_hook('adt_urdf', 'pythonpath')
[2.179s] INFO:colcon.colcon_core.shell:Creating environment hook '/workspaces/ros_ws/install/adt_urdf/share/adt_urdf/hook/pythonpath.ps1'
[2.180s] INFO:colcon.colcon_core.shell:Creating environment descriptor '/workspaces/ros_ws/install/adt_urdf/share/adt_urdf/hook/pythonpath.dsv'
[2.180s] INFO:colcon.colcon_core.shell:Creating environment hook '/workspaces/ros_ws/install/adt_urdf/share/adt_urdf/hook/pythonpath.sh'
[2.181s] Level 1:colcon.colcon_core.environment:checking '/workspaces/ros_ws/install/adt_urdf/bin'
[2.181s] Level 1:colcon.colcon_core.environment:create_environment_scripts_only(adt_urdf)
[2.188s] INFO:colcon.colcon_core.shell:Creating package script '/workspaces/ros_ws/install/adt_urdf/share/adt_urdf/package.ps1'
[2.188s] INFO:colcon.colcon_core.shell:Creating package descriptor '/workspaces/ros_ws/install/adt_urdf/share/adt_urdf/package.dsv'
[2.189s] INFO:colcon.colcon_core.shell:Creating package script '/workspaces/ros_ws/install/adt_urdf/share/adt_urdf/package.sh'
[2.189s] INFO:colcon.colcon_core.shell:Creating package script '/workspaces/ros_ws/install/adt_urdf/share/adt_urdf/package.bash'
[2.190s] INFO:colcon.colcon_core.shell:Creating package script '/workspaces/ros_ws/install/adt_urdf/share/adt_urdf/package.zsh'
[2.190s] Level 1:colcon.colcon_core.environment:create_file_with_runtime_dependencies(/workspaces/ros_ws/install/adt_urdf/share/colcon-core/packages/adt_urdf)
[2.192s] Level 1:colcon.colcon_core.shell:create_environment_hook('adt', 'pythonpath_develop')
[2.193s] DEBUG:colcon.colcon_core.event_handler.log_command:Invoked command in '/workspaces/ros_ws/build/adt' returned '0': PYTHONPATH=/workspaces/ros_ws/build/adt/prefix_override:/workspaces/ros_ws/install/adt/lib/python3.10/site-packages:${PYTHONPATH} /usr/bin/python3 setup.py develop --editable --build-directory /workspaces/ros_ws/build/adt/build --no-deps install_data
[2.200s] INFO:colcon.colcon_core.shell:Creating environment hook '/workspaces/ros_ws/build/adt/share/adt/hook/pythonpath_develop.ps1'
[2.200s] INFO:colcon.colcon_core.shell:Creating environment descriptor '/workspaces/ros_ws/build/adt/share/adt/hook/pythonpath_develop.dsv'
[2.201s] INFO:colcon.colcon_core.shell:Creating environment hook '/workspaces/ros_ws/build/adt/share/adt/hook/pythonpath_develop.sh'
[2.209s] Level 1:colcon.colcon_core.environment:checking '/workspaces/ros_ws/install/adt' for CMake module files
[2.209s] Level 1:colcon.colcon_core.environment:checking '/workspaces/ros_ws/install/adt' for CMake config files
[2.210s] Level 1:colcon.colcon_core.environment:checking '/workspaces/ros_ws/install/adt/lib'
[2.210s] Level 1:colcon.colcon_core.environment:checking '/workspaces/ros_ws/install/adt/bin'
[2.210s] Level 1:colcon.colcon_core.environment:checking '/workspaces/ros_ws/install/adt/lib/pkgconfig/adt.pc'
[2.210s] Level 1:colcon.colcon_core.environment:checking '/workspaces/ros_ws/install/adt/lib/python3.10/site-packages'
[2.210s] Level 1:colcon.colcon_core.shell:create_environment_hook('adt', 'pythonpath')
[2.220s] INFO:colcon.colcon_core.shell:Creating environment hook '/workspaces/ros_ws/install/adt/share/adt/hook/pythonpath.ps1'
[2.220s] INFO:colcon.colcon_core.shell:Creating environment descriptor '/workspaces/ros_ws/install/adt/share/adt/hook/pythonpath.dsv'
[2.220s] INFO:colcon.colcon_core.shell:Creating environment hook '/workspaces/ros_ws/install/adt/share/adt/hook/pythonpath.sh'
[2.221s] Level 1:colcon.colcon_core.environment:checking '/workspaces/ros_ws/install/adt/bin'
[2.221s] Level 1:colcon.colcon_core.environment:create_environment_scripts_only(adt)
[2.228s] INFO:colcon.colcon_core.shell:Creating package script '/workspaces/ros_ws/install/adt/share/adt/package.ps1'
[2.228s] INFO:colcon.colcon_core.shell:Creating package descriptor '/workspaces/ros_ws/install/adt/share/adt/package.dsv'
[2.228s] INFO:colcon.colcon_core.shell:Creating package script '/workspaces/ros_ws/install/adt/share/adt/package.sh'
[2.229s] INFO:colcon.colcon_core.shell:Creating package script '/workspaces/ros_ws/install/adt/share/adt/package.bash'
[2.229s] INFO:colcon.colcon_core.shell:Creating package script '/workspaces/ros_ws/install/adt/share/adt/package.zsh'
[2.229s] Level 1:colcon.colcon_core.environment:create_file_with_runtime_dependencies(/workspaces/ros_ws/install/adt/share/colcon-core/packages/adt)
[2.229s] Level 1:colcon.colcon_core.shell:create_environment_hook('adt_web', 'pythonpath_develop')
[2.231s] DEBUG:colcon.colcon_core.event_handler.log_command:Invoked command in '/workspaces/ros_ws/build/adt_web' returned '0': PYTHONPATH=/workspaces/ros_ws/build/adt_web/prefix_override:/workspaces/ros_ws/install/adt_web/lib/python3.10/site-packages:${PYTHONPATH} /usr/bin/python3 setup.py develop --editable --build-directory /workspaces/ros_ws/build/adt_web/build --no-deps install_data
[2.238s] INFO:colcon.colcon_core.shell:Creating environment hook '/workspaces/ros_ws/build/adt_web/share/adt_web/hook/pythonpath_develop.ps1'
[2.238s] INFO:colcon.colcon_core.shell:Creating environment descriptor '/workspaces/ros_ws/build/adt_web/share/adt_web/hook/pythonpath_develop.dsv'
[2.239s] INFO:colcon.colcon_core.shell:Creating environment hook '/workspaces/ros_ws/build/adt_web/share/adt_web/hook/pythonpath_develop.sh'
[2.246s] Level 1:colcon.colcon_core.environment:checking '/workspaces/ros_ws/install/adt_web' for CMake module files
[2.247s] Level 1:colcon.colcon_core.environment:checking '/workspaces/ros_ws/install/adt_web' for CMake config files
[2.247s] Level 1:colcon.colcon_core.environment:checking '/workspaces/ros_ws/install/adt_web/lib'
[2.247s] Level 1:colcon.colcon_core.environment:checking '/workspaces/ros_ws/install/adt_web/bin'
[2.247s] Level 1:colcon.colcon_core.environment:checking '/workspaces/ros_ws/install/adt_web/lib/pkgconfig/adt_web.pc'
[2.247s] Level 1:colcon.colcon_core.environment:checking '/workspaces/ros_ws/install/adt_web/lib/python3.10/site-packages'
[2.247s] Level 1:colcon.colcon_core.shell:create_environment_hook('adt_web', 'pythonpath')
[2.254s] INFO:colcon.colcon_core.shell:Creating environment hook '/workspaces/ros_ws/install/adt_web/share/adt_web/hook/pythonpath.ps1'
[2.255s] INFO:colcon.colcon_core.shell:Creating environment descriptor '/workspaces/ros_ws/install/adt_web/share/adt_web/hook/pythonpath.dsv'
[2.255s] INFO:colcon.colcon_core.shell:Creating environment hook '/workspaces/ros_ws/install/adt_web/share/adt_web/hook/pythonpath.sh'
[2.255s] Level 1:colcon.colcon_core.environment:checking '/workspaces/ros_ws/install/adt_web/bin'
[2.256s] Level 1:colcon.colcon_core.environment:create_environment_scripts_only(adt_web)
[2.263s] INFO:colcon.colcon_core.shell:Creating package script '/workspaces/ros_ws/install/adt_web/share/adt_web/package.ps1'
[2.263s] INFO:colcon.colcon_core.shell:Creating package descriptor '/workspaces/ros_ws/install/adt_web/share/adt_web/package.dsv'
[2.264s] INFO:colcon.colcon_core.shell:Creating package script '/workspaces/ros_ws/install/adt_web/share/adt_web/package.sh'
[2.264s] INFO:colcon.colcon_core.shell:Creating package script '/workspaces/ros_ws/install/adt_web/share/adt_web/package.bash'
[2.264s] INFO:colcon.colcon_core.shell:Creating package script '/workspaces/ros_ws/install/adt_web/share/adt_web/package.zsh'
[2.264s] Level 1:colcon.colcon_core.environment:create_file_with_runtime_dependencies(/workspaces/ros_ws/install/adt_web/share/colcon-core/packages/adt_web)
[2.265s] Level 1:colcon.colcon_core.shell:create_environment_hook('adt_code', 'pythonpath_develop')
[2.266s] DEBUG:colcon.colcon_core.event_handler.log_command:Invoked command in '/workspaces/ros_ws/build/adt_code' returned '0': PYTHONPATH=/workspaces/ros_ws/build/adt_code/prefix_override:/workspaces/ros_ws/install/adt_code/lib/python3.10/site-packages:${PYTHONPATH} /usr/bin/python3 setup.py develop --editable --build-directory /workspaces/ros_ws/build/adt_code/build --no-deps install_data
[2.272s] INFO:colcon.colcon_core.shell:Creating environment hook '/workspaces/ros_ws/build/adt_code/share/adt_code/hook/pythonpath_develop.ps1'
[2.273s] INFO:colcon.colcon_core.shell:Creating environment descriptor '/workspaces/ros_ws/build/adt_code/share/adt_code/hook/pythonpath_develop.dsv'
[2.273s] INFO:colcon.colcon_core.shell:Creating environment hook '/workspaces/ros_ws/build/adt_code/share/adt_code/hook/pythonpath_develop.sh'
[2.304s] Level 1:colcon.colcon_core.environment:checking '/workspaces/ros_ws/install/adt_code' for CMake module files
[2.304s] Level 1:colcon.colcon_core.environment:checking '/workspaces/ros_ws/install/adt_code' for CMake config files
[2.305s] Level 1:colcon.colcon_core.environment:checking '/workspaces/ros_ws/install/adt_code/lib'
[2.305s] Level 1:colcon.colcon_core.environment:checking '/workspaces/ros_ws/install/adt_code/bin'
[2.305s] Level 1:colcon.colcon_core.environment:checking '/workspaces/ros_ws/install/adt_code/lib/pkgconfig/adt_code.pc'
[2.305s] Level 1:colcon.colcon_core.environment:checking '/workspaces/ros_ws/install/adt_code/lib/python3.10/site-packages'
[2.305s] Level 1:colcon.colcon_core.shell:create_environment_hook('adt_code', 'pythonpath')
[2.315s] INFO:colcon.colcon_core.shell:Creating environment hook '/workspaces/ros_ws/install/adt_code/share/adt_code/hook/pythonpath.ps1'
[2.316s] INFO:colcon.colcon_core.shell:Creating environment descriptor '/workspaces/ros_ws/install/adt_code/share/adt_code/hook/pythonpath.dsv'
[2.316s] INFO:colcon.colcon_core.shell:Creating environment hook '/workspaces/ros_ws/install/adt_code/share/adt_code/hook/pythonpath.sh'
[2.317s] Level 1:colcon.colcon_core.environment:checking '/workspaces/ros_ws/install/adt_code/bin'
[2.317s] Level 1:colcon.colcon_core.environment:create_environment_scripts_only(adt_code)
[2.326s] INFO:colcon.colcon_core.shell:Creating package script '/workspaces/ros_ws/install/adt_code/share/adt_code/package.ps1'
[2.327s] INFO:colcon.colcon_core.shell:Creating package descriptor '/workspaces/ros_ws/install/adt_code/share/adt_code/package.dsv'
[2.328s] INFO:colcon.colcon_core.shell:Creating package script '/workspaces/ros_ws/install/adt_code/share/adt_code/package.sh'
[2.328s] INFO:colcon.colcon_core.shell:Creating package script '/workspaces/ros_ws/install/adt_code/share/adt_code/package.bash'
[2.329s] INFO:colcon.colcon_core.shell:Creating package script '/workspaces/ros_ws/install/adt_code/share/adt_code/package.zsh'
[2.329s] Level 1:colcon.colcon_core.environment:create_file_with_runtime_dependencies(/workspaces/ros_ws/install/adt_code/share/colcon-core/packages/adt_code)
[3.093s] DEBUG:colcon.colcon_core.event_handler.log_command:Invoked command in '/workspaces/ros_ws/build/diffdrive_adt' returned '0': CMAKE_PREFIX_PATH=/opt/ros/humble /usr/bin/cmake /workspaces/ros_ws/src/diffdrive_adt -DAMENT_CMAKE_SYMLINK_INSTALL=1 -DCMAKE_INSTALL_PREFIX=/workspaces/ros_ws/install/diffdrive_adt
[3.095s] DEBUG:colcon.colcon_core.event_handler.log_command:Invoking command in '/workspaces/ros_ws/build/diffdrive_adt': CMAKE_PREFIX_PATH=/opt/ros/humble /usr/bin/cmake --build /workspaces/ros_ws/build/diffdrive_adt -- -j16 -l16
[6.810s] DEBUG:colcon.colcon_core.event_handler.log_command:Invoked command in '/workspaces/ros_ws/build/diffdrive_adt' returned '0': CMAKE_PREFIX_PATH=/opt/ros/humble /usr/bin/cmake --build /workspaces/ros_ws/build/diffdrive_adt -- -j16 -l16
[6.831s] DEBUG:colcon.colcon_core.event_handler.log_command:Invoking command in '/workspaces/ros_ws/build/diffdrive_adt': CMAKE_PREFIX_PATH=/opt/ros/humble /usr/bin/cmake --install /workspaces/ros_ws/build/diffdrive_adt
[6.988s] Level 1:colcon.colcon_core.environment:create_environment_scripts_only(diffdrive_adt)
[6.989s] DEBUG:colcon.colcon_core.event_handler.log_command:Invoked command in '/workspaces/ros_ws/build/diffdrive_adt' returned '0': CMAKE_PREFIX_PATH=/opt/ros/humble /usr/bin/cmake --install /workspaces/ros_ws/build/diffdrive_adt
[6.998s] Level 1:colcon.colcon_core.environment:checking '/workspaces/ros_ws/install/diffdrive_adt' for CMake module files
[6.999s] Level 1:colcon.colcon_core.environment:checking '/workspaces/ros_ws/install/diffdrive_adt' for CMake config files
[6.999s] Level 1:colcon.colcon_core.shell:create_environment_hook('diffdrive_adt', 'cmake_prefix_path')
[7.006s] INFO:colcon.colcon_core.shell:Creating environment hook '/workspaces/ros_ws/install/diffdrive_adt/share/diffdrive_adt/hook/cmake_prefix_path.ps1'
[7.007s] INFO:colcon.colcon_core.shell:Creating environment descriptor '/workspaces/ros_ws/install/diffdrive_adt/share/diffdrive_adt/hook/cmake_prefix_path.dsv'
[7.007s] INFO:colcon.colcon_core.shell:Creating environment hook '/workspaces/ros_ws/install/diffdrive_adt/share/diffdrive_adt/hook/cmake_prefix_path.sh'
[7.008s] Level 1:colcon.colcon_core.environment:checking '/workspaces/ros_ws/install/diffdrive_adt/lib'
[7.008s] Level 1:colcon.colcon_core.shell:create_environment_hook('diffdrive_adt', 'ld_library_path_lib')
[7.014s] INFO:colcon.colcon_core.shell:Creating environment hook '/workspaces/ros_ws/install/diffdrive_adt/share/diffdrive_adt/hook/ld_library_path_lib.ps1'
[7.014s] INFO:colcon.colcon_core.shell:Creating environment descriptor '/workspaces/ros_ws/install/diffdrive_adt/share/diffdrive_adt/hook/ld_library_path_lib.dsv'
[7.015s] INFO:colcon.colcon_core.shell:Creating environment hook '/workspaces/ros_ws/install/diffdrive_adt/share/diffdrive_adt/hook/ld_library_path_lib.sh'
[7.015s] Level 1:colcon.colcon_core.environment:checking '/workspaces/ros_ws/install/diffdrive_adt/bin'
[7.015s] Level 1:colcon.colcon_core.environment:checking '/workspaces/ros_ws/install/diffdrive_adt/lib/pkgconfig/diffdrive_adt.pc'
[7.015s] Level 1:colcon.colcon_core.environment:checking '/workspaces/ros_ws/install/diffdrive_adt/lib/python3.10/site-packages'
[7.015s] Level 1:colcon.colcon_core.environment:checking '/workspaces/ros_ws/install/diffdrive_adt/bin'
[7.022s] INFO:colcon.colcon_core.shell:Creating package script '/workspaces/ros_ws/install/diffdrive_adt/share/diffdrive_adt/package.ps1'
[7.022s] INFO:colcon.colcon_core.shell:Creating package descriptor '/workspaces/ros_ws/install/diffdrive_adt/share/diffdrive_adt/package.dsv'
[7.023s] INFO:colcon.colcon_core.shell:Creating package script '/workspaces/ros_ws/install/diffdrive_adt/share/diffdrive_adt/package.sh'
[7.023s] INFO:colcon.colcon_core.shell:Creating package script '/workspaces/ros_ws/install/diffdrive_adt/share/diffdrive_adt/package.bash'
[7.023s] INFO:colcon.colcon_core.shell:Creating package script '/workspaces/ros_ws/install/diffdrive_adt/share/diffdrive_adt/package.zsh'
[7.023s] Level 1:colcon.colcon_core.environment:create_file_with_runtime_dependencies(/workspaces/ros_ws/install/diffdrive_adt/share/colcon-core/packages/diffdrive_adt)
[7.047s] Level 1:colcon.colcon_core.environment:create_environment_scripts_only(diffdrive_adt)
[7.054s] Level 1:colcon.colcon_core.environment:checking '/workspaces/ros_ws/install/diffdrive_adt' for CMake module files
[7.054s] Level 1:colcon.colcon_core.environment:checking '/workspaces/ros_ws/install/diffdrive_adt' for CMake config files
[7.055s] Level 1:colcon.colcon_core.shell:create_environment_hook('diffdrive_adt', 'cmake_prefix_path')
[7.062s] INFO:colcon.colcon_core.shell:Creating environment hook '/workspaces/ros_ws/install/diffdrive_adt/share/diffdrive_adt/hook/cmake_prefix_path.ps1'
[7.062s] INFO:colcon.colcon_core.shell:Creating environment descriptor '/workspaces/ros_ws/install/diffdrive_adt/share/diffdrive_adt/hook/cmake_prefix_path.dsv'
[7.063s] INFO:colcon.colcon_core.shell:Creating environment hook '/workspaces/ros_ws/install/diffdrive_adt/share/diffdrive_adt/hook/cmake_prefix_path.sh'
[7.063s] Level 1:colcon.colcon_core.environment:checking '/workspaces/ros_ws/install/diffdrive_adt/lib'
[7.063s] Level 1:colcon.colcon_core.shell:create_environment_hook('diffdrive_adt', 'ld_library_path_lib')
[7.071s] INFO:colcon.colcon_core.shell:Creating environment hook '/workspaces/ros_ws/install/diffdrive_adt/share/diffdrive_adt/hook/ld_library_path_lib.ps1'
[7.071s] INFO:colcon.colcon_core.shell:Creating environment descriptor '/workspaces/ros_ws/install/diffdrive_adt/share/diffdrive_adt/hook/ld_library_path_lib.dsv'
[7.071s] INFO:colcon.colcon_core.shell:Creating environment hook '/workspaces/ros_ws/install/diffdrive_adt/share/diffdrive_adt/hook/ld_library_path_lib.sh'
[7.072s] Level 1:colcon.colcon_core.environment:checking '/workspaces/ros_ws/install/diffdrive_adt/bin'
[7.072s] Level 1:colcon.colcon_core.environment:checking '/workspaces/ros_ws/install/diffdrive_adt/lib/pkgconfig/diffdrive_adt.pc'
[7.072s] Level 1:colcon.colcon_core.environment:checking '/workspaces/ros_ws/install/diffdrive_adt/lib/python3.10/site-packages'
[7.072s] Level 1:colcon.colcon_core.environment:checking '/workspaces/ros_ws/install/diffdrive_adt/bin'
[7.079s] INFO:colcon.colcon_core.shell:Creating package script '/workspaces/ros_ws/install/diffdrive_adt/share/diffdrive_adt/package.ps1'
[7.080s] INFO:colcon.colcon_core.shell:Creating package descriptor '/workspaces/ros_ws/install/diffdrive_adt/share/diffdrive_adt/package.dsv'
[7.080s] INFO:colcon.colcon_core.shell:Creating package script '/workspaces/ros_ws/install/diffdrive_adt/share/diffdrive_adt/package.sh'
[7.081s] INFO:colcon.colcon_core.shell:Creating package script '/workspaces/ros_ws/install/diffdrive_adt/share/diffdrive_adt/package.bash'
[7.081s] INFO:colcon.colcon_core.shell:Creating package script '/workspaces/ros_ws/install/diffdrive_adt/share/diffdrive_adt/package.zsh'
[7.081s] Level 1:colcon.colcon_core.environment:create_file_with_runtime_dependencies(/workspaces/ros_ws/install/diffdrive_adt/share/colcon-core/packages/diffdrive_adt)
[7.081s] DEBUG:colcon.colcon_parallel_executor.executor.parallel:closing loop
[7.082s] DEBUG:colcon.colcon_parallel_executor.executor.parallel:loop closed
[7.082s] DEBUG:colcon.colcon_parallel_executor.executor.parallel:run_until_complete finished with '0'
[7.082s] DEBUG:colcon.colcon_core.event_reactor:joining thread
[7.093s] INFO:colcon.colcon_core.plugin_system:Skipping extension 'colcon_notification.desktop_notification.notify_send': Could not find 'notify-send'
[7.094s] INFO:colcon.colcon_core.plugin_system:Skipping extension 'colcon_notification.desktop_notification.terminal_notifier': Not used on non-Darwin systems
[7.094s] INFO:colcon.colcon_core.plugin_system:Skipping extension 'colcon_notification.desktop_notification.win32': Not used on non-Windows systems
[7.094s] INFO:colcon.colcon_notification.desktop_notification:Sending desktop notification using 'notify2'
[7.096s] DEBUG:colcon.colcon_notification.desktop_notification.notify2:Failed to initialize notify2: org.freedesktop.DBus.Error.Spawn.ExecFailed: /usr/bin/dbus-launch terminated abnormally without any error message
[7.096s] DEBUG:colcon.colcon_core.event_reactor:joined thread
[7.104s] INFO:colcon.colcon_core.shell:Creating prefix script '/workspaces/ros_ws/install/local_setup.ps1'
[7.105s] INFO:colcon.colcon_core.shell:Creating prefix util module '/workspaces/ros_ws/install/_local_setup_util_ps1.py'
[7.106s] INFO:colcon.colcon_core.shell:Creating prefix chain script '/workspaces/ros_ws/install/setup.ps1'
[7.113s] INFO:colcon.colcon_core.shell:Creating prefix script '/workspaces/ros_ws/install/local_setup.sh'
[7.113s] INFO:colcon.colcon_core.shell:Creating prefix util module '/workspaces/ros_ws/install/_local_setup_util_sh.py'
[7.114s] INFO:colcon.colcon_core.shell:Creating prefix chain script '/workspaces/ros_ws/install/setup.sh'
[7.125s] INFO:colcon.colcon_core.shell:Creating prefix script '/workspaces/ros_ws/install/local_setup.bash'
[7.126s] INFO:colcon.colcon_core.shell:Creating prefix chain script '/workspaces/ros_ws/install/setup.bash'
[7.138s] INFO:colcon.colcon_core.shell:Creating prefix script '/workspaces/ros_ws/install/local_setup.zsh'
[7.139s] INFO:colcon.colcon_core.shell:Creating prefix chain script '/workspaces/ros_ws/install/setup.zsh'
