[0.563s] DEBUG:colcon:Command line arguments: ['/usr/bin/colcon', 'build', '--symlink-install']
[0.563s] DEBUG:colcon:Parsed command line arguments: Namespace(log_base=None, log_level=None, verb_name='build', build_base='build', install_base='install', merge_install=False, symlink_install=True, test_result_base=None, continue_on_error=False, executor='parallel', parallel_workers=16, event_handlers=None, ignore_user_meta=False, metas=['./colcon.meta'], base_paths=['.'], packages_ignore=None, packages_ignore_regex=None, paths=None, packages_up_to=None, packages_up_to_regex=None, packages_above=None, packages_above_and_dependencies=None, packages_above_depth=None, packages_select_by_dep=None, packages_skip_by_dep=None, packages_skip_up_to=None, packages_select_build_failed=False, packages_skip_build_finished=False, packages_select_test_failures=False, packages_skip_test_passed=False, packages_select=None, packages_skip=None, packages_select_regex=None, packages_skip_regex=None, packages_start=None, packages_end=None, cmake_args=None, cmake_target=None, cmake_target_skip_unavailable=False, cmake_clean_cache=False, cmake_clean_first=False, cmake_force_configure=False, ament_cmake_args=None, catkin_cmake_args=None, catkin_skip_building_tests=False, mixin_files=None, mixin=None, verb_parser=<colcon_mixin.mixin.mixin_argument.MixinArgumentDecorator object at 0x7fcb60a0e6b0>, verb_extension=<colcon_core.verb.build.BuildVerb object at 0x7fcb60eab250>, main=<bound method BuildVerb.main of <colcon_core.verb.build.BuildVerb object at 0x7fcb60eab250>>, mixin_verb=('build',))
[0.587s] Level 1:colcon.colcon_core.package_discovery:discover_packages(colcon_meta) check parameters
[0.587s] Level 1:colcon.colcon_core.package_discovery:discover_packages(recursive) check parameters
[0.587s] Level 1:colcon.colcon_core.package_discovery:discover_packages(ignore) check parameters
[0.587s] Level 1:colcon.colcon_core.package_discovery:discover_packages(path) check parameters
[0.587s] Level 1:colcon.colcon_core.package_discovery:discover_packages(colcon_meta) discover
[0.587s] Level 1:colcon.colcon_core.package_discovery:discover_packages(recursive) discover
[0.587s] INFO:colcon.colcon_core.package_discovery:Crawling recursively for packages in '/workspaces/ros_ws'
[0.587s] Level 1:colcon.colcon_core.package_identification:_identify(.) by extensions ['ignore', 'ignore_ament_install']
[0.588s] Level 1:colcon.colcon_core.package_identification:_identify(.) by extension 'ignore'
[0.588s] Level 1:colcon.colcon_core.package_identification:_identify(.) by extension 'ignore_ament_install'
[0.588s] Level 1:colcon.colcon_core.package_identification:_identify(.) by extensions ['colcon_pkg']
[0.588s] Level 1:colcon.colcon_core.package_identification:_identify(.) by extension 'colcon_pkg'
[0.588s] Level 1:colcon.colcon_core.package_identification:_identify(.) by extensions ['colcon_meta']
[0.588s] Level 1:colcon.colcon_core.package_identification:_identify(.) by extension 'colcon_meta'
[0.588s] Level 1:colcon.colcon_core.package_identification:_identify(.) by extensions ['ros']
[0.588s] Level 1:colcon.colcon_core.package_identification:_identify(.) by extension 'ros'
[0.595s] Level 1:colcon.colcon_core.package_identification:_identify(.) by extensions ['cmake', 'python']
[0.595s] Level 1:colcon.colcon_core.package_identification:_identify(.) by extension 'cmake'
[0.595s] Level 1:colcon.colcon_core.package_identification:_identify(.) by extension 'python'
[0.595s] Level 1:colcon.colcon_core.package_identification:_identify(.) by extensions ['python_setup_py']
[0.595s] Level 1:colcon.colcon_core.package_identification:_identify(.) by extension 'python_setup_py'
[0.595s] Level 1:colcon.colcon_core.package_identification:_identify(build) by extensions ['ignore', 'ignore_ament_install']
[0.595s] Level 1:colcon.colcon_core.package_identification:_identify(build) by extension 'ignore'
[0.595s] Level 1:colcon.colcon_core.package_identification:_identify(build) ignored
[0.595s] Level 1:colcon.colcon_core.package_identification:_identify(install) by extensions ['ignore', 'ignore_ament_install']
[0.596s] Level 1:colcon.colcon_core.package_identification:_identify(install) by extension 'ignore'
[0.596s] Level 1:colcon.colcon_core.package_identification:_identify(install) ignored
[0.596s] Level 1:colcon.colcon_core.package_identification:_identify(log) by extensions ['ignore', 'ignore_ament_install']
[0.596s] Level 1:colcon.colcon_core.package_identification:_identify(log) by extension 'ignore'
[0.596s] Level 1:colcon.colcon_core.package_identification:_identify(log) ignored
[0.596s] Level 1:colcon.colcon_core.package_identification:_identify(src) by extensions ['ignore', 'ignore_ament_install']
[0.596s] Level 1:colcon.colcon_core.package_identification:_identify(src) by extension 'ignore'
[0.596s] Level 1:colcon.colcon_core.package_identification:_identify(src) by extension 'ignore_ament_install'
[0.596s] Level 1:colcon.colcon_core.package_identification:_identify(src) by extensions ['colcon_pkg']
[0.596s] Level 1:colcon.colcon_core.package_identification:_identify(src) by extension 'colcon_pkg'
[0.596s] Level 1:colcon.colcon_core.package_identification:_identify(src) by extensions ['colcon_meta']
[0.596s] Level 1:colcon.colcon_core.package_identification:_identify(src) by extension 'colcon_meta'
[0.596s] Level 1:colcon.colcon_core.package_identification:_identify(src) by extensions ['ros']
[0.596s] Level 1:colcon.colcon_core.package_identification:_identify(src) by extension 'ros'
[0.596s] Level 1:colcon.colcon_core.package_identification:_identify(src) by extensions ['cmake', 'python']
[0.596s] Level 1:colcon.colcon_core.package_identification:_identify(src) by extension 'cmake'
[0.596s] Level 1:colcon.colcon_core.package_identification:_identify(src) by extension 'python'
[0.596s] Level 1:colcon.colcon_core.package_identification:_identify(src) by extensions ['python_setup_py']
[0.596s] Level 1:colcon.colcon_core.package_identification:_identify(src) by extension 'python_setup_py'
[0.596s] Level 1:colcon.colcon_core.package_identification:_identify(src/adt) by extensions ['ignore', 'ignore_ament_install']
[0.596s] Level 1:colcon.colcon_core.package_identification:_identify(src/adt) by extension 'ignore'
[0.596s] Level 1:colcon.colcon_core.package_identification:_identify(src/adt) by extension 'ignore_ament_install'
[0.596s] Level 1:colcon.colcon_core.package_identification:_identify(src/adt) by extensions ['colcon_pkg']
[0.596s] Level 1:colcon.colcon_core.package_identification:_identify(src/adt) by extension 'colcon_pkg'
[0.596s] Level 1:colcon.colcon_core.package_identification:_identify(src/adt) by extensions ['colcon_meta']
[0.596s] Level 1:colcon.colcon_core.package_identification:_identify(src/adt) by extension 'colcon_meta'
[0.597s] Level 1:colcon.colcon_core.package_identification:_identify(src/adt) by extensions ['ros']
[0.597s] Level 1:colcon.colcon_core.package_identification:_identify(src/adt) by extension 'ros'
[0.598s] DEBUG:colcon.colcon_core.package_identification:Package 'src/adt' with type 'ros.ament_python' and name 'adt'
[0.598s] Level 1:colcon.colcon_core.package_identification:_identify(src/adt_code) by extensions ['ignore', 'ignore_ament_install']
[0.598s] Level 1:colcon.colcon_core.package_identification:_identify(src/adt_code) by extension 'ignore'
[0.598s] Level 1:colcon.colcon_core.package_identification:_identify(src/adt_code) by extension 'ignore_ament_install'
[0.598s] Level 1:colcon.colcon_core.package_identification:_identify(src/adt_code) by extensions ['colcon_pkg']
[0.598s] Level 1:colcon.colcon_core.package_identification:_identify(src/adt_code) by extension 'colcon_pkg'
[0.598s] Level 1:colcon.colcon_core.package_identification:_identify(src/adt_code) by extensions ['colcon_meta']
[0.598s] Level 1:colcon.colcon_core.package_identification:_identify(src/adt_code) by extension 'colcon_meta'
[0.598s] Level 1:colcon.colcon_core.package_identification:_identify(src/adt_code) by extensions ['ros']
[0.599s] Level 1:colcon.colcon_core.package_identification:_identify(src/adt_code) by extension 'ros'
[0.599s] DEBUG:colcon.colcon_core.package_identification:Package 'src/adt_code' with type 'ros.ament_python' and name 'adt_code'
[0.599s] Level 1:colcon.colcon_core.package_identification:_identify(src/adt_diffdrive) by extensions ['ignore', 'ignore_ament_install']
[0.599s] Level 1:colcon.colcon_core.package_identification:_identify(src/adt_diffdrive) by extension 'ignore'
[0.599s] Level 1:colcon.colcon_core.package_identification:_identify(src/adt_diffdrive) by extension 'ignore_ament_install'
[0.599s] Level 1:colcon.colcon_core.package_identification:_identify(src/adt_diffdrive) by extensions ['colcon_pkg']
[0.599s] Level 1:colcon.colcon_core.package_identification:_identify(src/adt_diffdrive) by extension 'colcon_pkg'
[0.599s] Level 1:colcon.colcon_core.package_identification:_identify(src/adt_diffdrive) by extensions ['colcon_meta']
[0.599s] Level 1:colcon.colcon_core.package_identification:_identify(src/adt_diffdrive) by extension 'colcon_meta'
[0.599s] Level 1:colcon.colcon_core.package_identification:_identify(src/adt_diffdrive) by extensions ['ros']
[0.599s] Level 1:colcon.colcon_core.package_identification:_identify(src/adt_diffdrive) by extension 'ros'
[0.600s] DEBUG:colcon.colcon_core.package_identification:Package 'src/adt_diffdrive' with type 'ros.ament_cmake' and name 'adt_diffdrive'
[0.600s] Level 1:colcon.colcon_core.package_identification:_identify(src/adt_urdf) by extensions ['ignore', 'ignore_ament_install']
[0.600s] Level 1:colcon.colcon_core.package_identification:_identify(src/adt_urdf) by extension 'ignore'
[0.600s] Level 1:colcon.colcon_core.package_identification:_identify(src/adt_urdf) by extension 'ignore_ament_install'
[0.600s] Level 1:colcon.colcon_core.package_identification:_identify(src/adt_urdf) by extensions ['colcon_pkg']
[0.600s] Level 1:colcon.colcon_core.package_identification:_identify(src/adt_urdf) by extension 'colcon_pkg'
[0.600s] Level 1:colcon.colcon_core.package_identification:_identify(src/adt_urdf) by extensions ['colcon_meta']
[0.600s] Level 1:colcon.colcon_core.package_identification:_identify(src/adt_urdf) by extension 'colcon_meta'
[0.600s] Level 1:colcon.colcon_core.package_identification:_identify(src/adt_urdf) by extensions ['ros']
[0.600s] Level 1:colcon.colcon_core.package_identification:_identify(src/adt_urdf) by extension 'ros'
[0.600s] DEBUG:colcon.colcon_core.package_identification:Package 'src/adt_urdf' with type 'ros.ament_python' and name 'adt_urdf'
[0.601s] Level 1:colcon.colcon_core.package_identification:_identify(src/adt_web) by extensions ['ignore', 'ignore_ament_install']
[0.601s] Level 1:colcon.colcon_core.package_identification:_identify(src/adt_web) by extension 'ignore'
[0.601s] Level 1:colcon.colcon_core.package_identification:_identify(src/adt_web) by extension 'ignore_ament_install'
[0.601s] Level 1:colcon.colcon_core.package_identification:_identify(src/adt_web) by extensions ['colcon_pkg']
[0.601s] Level 1:colcon.colcon_core.package_identification:_identify(src/adt_web) by extension 'colcon_pkg'
[0.601s] Level 1:colcon.colcon_core.package_identification:_identify(src/adt_web) by extensions ['colcon_meta']
[0.601s] Level 1:colcon.colcon_core.package_identification:_identify(src/adt_web) by extension 'colcon_meta'
[0.601s] Level 1:colcon.colcon_core.package_identification:_identify(src/adt_web) by extensions ['ros']
[0.601s] Level 1:colcon.colcon_core.package_identification:_identify(src/adt_web) by extension 'ros'
[0.601s] DEBUG:colcon.colcon_core.package_identification:Package 'src/adt_web' with type 'ros.ament_python' and name 'adt_web'
[0.601s] Level 1:colcon.colcon_core.package_discovery:discover_packages(recursive) using defaults
[0.601s] Level 1:colcon.colcon_core.package_discovery:discover_packages(ignore) discover
[0.601s] Level 1:colcon.colcon_core.package_discovery:discover_packages(ignore) using defaults
[0.601s] Level 1:colcon.colcon_core.package_discovery:discover_packages(path) discover
[0.601s] Level 1:colcon.colcon_core.package_discovery:discover_packages(path) using defaults
[0.640s] Level 5:colcon.colcon_core.verb:set package 'adt' build argument 'cmake_args' from command line to 'None'
[0.640s] Level 5:colcon.colcon_core.verb:set package 'adt' build argument 'cmake_target' from command line to 'None'
[0.640s] Level 5:colcon.colcon_core.verb:set package 'adt' build argument 'cmake_target_skip_unavailable' from command line to 'False'
[0.640s] Level 5:colcon.colcon_core.verb:set package 'adt' build argument 'cmake_clean_cache' from command line to 'False'
[0.640s] Level 5:colcon.colcon_core.verb:set package 'adt' build argument 'cmake_clean_first' from command line to 'False'
[0.640s] Level 5:colcon.colcon_core.verb:set package 'adt' build argument 'cmake_force_configure' from command line to 'False'
[0.640s] Level 5:colcon.colcon_core.verb:set package 'adt' build argument 'ament_cmake_args' from command line to 'None'
[0.640s] Level 5:colcon.colcon_core.verb:set package 'adt' build argument 'catkin_cmake_args' from command line to 'None'
[0.640s] Level 5:colcon.colcon_core.verb:set package 'adt' build argument 'catkin_skip_building_tests' from command line to 'False'
[0.640s] DEBUG:colcon.colcon_core.verb:Building package 'adt' with the following arguments: {'ament_cmake_args': None, 'build_base': '/workspaces/ros_ws/build/adt', 'catkin_cmake_args': None, 'catkin_skip_building_tests': False, 'cmake_args': None, 'cmake_clean_cache': False, 'cmake_clean_first': False, 'cmake_force_configure': False, 'cmake_target': None, 'cmake_target_skip_unavailable': False, 'install_base': '/workspaces/ros_ws/install/adt', 'merge_install': False, 'path': '/workspaces/ros_ws/src/adt', 'symlink_install': True, 'test_result_base': None}
[0.647s] Level 5:colcon.colcon_core.verb:set package 'adt_code' build argument 'cmake_args' from command line to 'None'
[0.647s] Level 5:colcon.colcon_core.verb:set package 'adt_code' build argument 'cmake_target' from command line to 'None'
[0.647s] Level 5:colcon.colcon_core.verb:set package 'adt_code' build argument 'cmake_target_skip_unavailable' from command line to 'False'
[0.647s] Level 5:colcon.colcon_core.verb:set package 'adt_code' build argument 'cmake_clean_cache' from command line to 'False'
[0.647s] Level 5:colcon.colcon_core.verb:set package 'adt_code' build argument 'cmake_clean_first' from command line to 'False'
[0.647s] Level 5:colcon.colcon_core.verb:set package 'adt_code' build argument 'cmake_force_configure' from command line to 'False'
[0.647s] Level 5:colcon.colcon_core.verb:set package 'adt_code' build argument 'ament_cmake_args' from command line to 'None'
[0.647s] Level 5:colcon.colcon_core.verb:set package 'adt_code' build argument 'catkin_cmake_args' from command line to 'None'
[0.647s] Level 5:colcon.colcon_core.verb:set package 'adt_code' build argument 'catkin_skip_building_tests' from command line to 'False'
[0.647s] DEBUG:colcon.colcon_core.verb:Building package 'adt_code' with the following arguments: {'ament_cmake_args': None, 'build_base': '/workspaces/ros_ws/build/adt_code', 'catkin_cmake_args': None, 'catkin_skip_building_tests': False, 'cmake_args': None, 'cmake_clean_cache': False, 'cmake_clean_first': False, 'cmake_force_configure': False, 'cmake_target': None, 'cmake_target_skip_unavailable': False, 'install_base': '/workspaces/ros_ws/install/adt_code', 'merge_install': False, 'path': '/workspaces/ros_ws/src/adt_code', 'symlink_install': True, 'test_result_base': None}
[0.653s] Level 5:colcon.colcon_core.verb:set package 'adt_diffdrive' build argument 'cmake_args' from command line to 'None'
[0.653s] Level 5:colcon.colcon_core.verb:set package 'adt_diffdrive' build argument 'cmake_target' from command line to 'None'
[0.653s] Level 5:colcon.colcon_core.verb:set package 'adt_diffdrive' build argument 'cmake_target_skip_unavailable' from command line to 'False'
[0.653s] Level 5:colcon.colcon_core.verb:set package 'adt_diffdrive' build argument 'cmake_clean_cache' from command line to 'False'
[0.653s] Level 5:colcon.colcon_core.verb:set package 'adt_diffdrive' build argument 'cmake_clean_first' from command line to 'False'
[0.653s] Level 5:colcon.colcon_core.verb:set package 'adt_diffdrive' build argument 'cmake_force_configure' from command line to 'False'
[0.653s] Level 5:colcon.colcon_core.verb:set package 'adt_diffdrive' build argument 'ament_cmake_args' from command line to 'None'
[0.653s] Level 5:colcon.colcon_core.verb:set package 'adt_diffdrive' build argument 'catkin_cmake_args' from command line to 'None'
[0.653s] Level 5:colcon.colcon_core.verb:set package 'adt_diffdrive' build argument 'catkin_skip_building_tests' from command line to 'False'
[0.653s] DEBUG:colcon.colcon_core.verb:Building package 'adt_diffdrive' with the following arguments: {'ament_cmake_args': None, 'build_base': '/workspaces/ros_ws/build/adt_diffdrive', 'catkin_cmake_args': None, 'catkin_skip_building_tests': False, 'cmake_args': None, 'cmake_clean_cache': False, 'cmake_clean_first': False, 'cmake_force_configure': False, 'cmake_target': None, 'cmake_target_skip_unavailable': False, 'install_base': '/workspaces/ros_ws/install/adt_diffdrive', 'merge_install': False, 'path': '/workspaces/ros_ws/src/adt_diffdrive', 'symlink_install': True, 'test_result_base': None}
[0.661s] Level 5:colcon.colcon_core.verb:set package 'adt_urdf' build argument 'cmake_args' from command line to 'None'
[0.661s] Level 5:colcon.colcon_core.verb:set package 'adt_urdf' build argument 'cmake_target' from command line to 'None'
[0.661s] Level 5:colcon.colcon_core.verb:set package 'adt_urdf' build argument 'cmake_target_skip_unavailable' from command line to 'False'
[0.661s] Level 5:colcon.colcon_core.verb:set package 'adt_urdf' build argument 'cmake_clean_cache' from command line to 'False'
[0.661s] Level 5:colcon.colcon_core.verb:set package 'adt_urdf' build argument 'cmake_clean_first' from command line to 'False'
[0.661s] Level 5:colcon.colcon_core.verb:set package 'adt_urdf' build argument 'cmake_force_configure' from command line to 'False'
[0.661s] Level 5:colcon.colcon_core.verb:set package 'adt_urdf' build argument 'ament_cmake_args' from command line to 'None'
[0.661s] Level 5:colcon.colcon_core.verb:set package 'adt_urdf' build argument 'catkin_cmake_args' from command line to 'None'
[0.661s] Level 5:colcon.colcon_core.verb:set package 'adt_urdf' build argument 'catkin_skip_building_tests' from command line to 'False'
[0.661s] DEBUG:colcon.colcon_core.verb:Building package 'adt_urdf' with the following arguments: {'ament_cmake_args': None, 'build_base': '/workspaces/ros_ws/build/adt_urdf', 'catkin_cmake_args': None, 'catkin_skip_building_tests': False, 'cmake_args': None, 'cmake_clean_cache': False, 'cmake_clean_first': False, 'cmake_force_configure': False, 'cmake_target': None, 'cmake_target_skip_unavailable': False, 'install_base': '/workspaces/ros_ws/install/adt_urdf', 'merge_install': False, 'path': '/workspaces/ros_ws/src/adt_urdf', 'symlink_install': True, 'test_result_base': None}
[0.667s] Level 5:colcon.colcon_core.verb:set package 'adt_web' build argument 'cmake_args' from command line to 'None'
[0.667s] Level 5:colcon.colcon_core.verb:set package 'adt_web' build argument 'cmake_target' from command line to 'None'
[0.667s] Level 5:colcon.colcon_core.verb:set package 'adt_web' build argument 'cmake_target_skip_unavailable' from command line to 'False'
[0.667s] Level 5:colcon.colcon_core.verb:set package 'adt_web' build argument 'cmake_clean_cache' from command line to 'False'
[0.667s] Level 5:colcon.colcon_core.verb:set package 'adt_web' build argument 'cmake_clean_first' from command line to 'False'
[0.667s] Level 5:colcon.colcon_core.verb:set package 'adt_web' build argument 'cmake_force_configure' from command line to 'False'
[0.667s] Level 5:colcon.colcon_core.verb:set package 'adt_web' build argument 'ament_cmake_args' from command line to 'None'
[0.667s] Level 5:colcon.colcon_core.verb:set package 'adt_web' build argument 'catkin_cmake_args' from command line to 'None'
[0.667s] Level 5:colcon.colcon_core.verb:set package 'adt_web' build argument 'catkin_skip_building_tests' from command line to 'False'
[0.667s] DEBUG:colcon.colcon_core.verb:Building package 'adt_web' with the following arguments: {'ament_cmake_args': None, 'build_base': '/workspaces/ros_ws/build/adt_web', 'catkin_cmake_args': None, 'catkin_skip_building_tests': False, 'cmake_args': None, 'cmake_clean_cache': False, 'cmake_clean_first': False, 'cmake_force_configure': False, 'cmake_target': None, 'cmake_target_skip_unavailable': False, 'install_base': '/workspaces/ros_ws/install/adt_web', 'merge_install': False, 'path': '/workspaces/ros_ws/src/adt_web', 'symlink_install': True, 'test_result_base': None}
[0.674s] INFO:colcon.colcon_core.executor:Executing jobs using 'parallel' executor
[0.682s] DEBUG:colcon.colcon_parallel_executor.executor.parallel:run_until_complete
[0.682s] INFO:colcon.colcon_ros.task.ament_python.build:Building ROS package in '/workspaces/ros_ws/src/adt' with build type 'ament_python'
[0.683s] Level 1:colcon.colcon_core.shell:create_environment_hook('adt', 'ament_prefix_path')
[0.693s] INFO:colcon.colcon_core.plugin_system:Skipping extension 'colcon_core.shell.bat': Not used on non-Windows systems
[0.694s] INFO:colcon.colcon_core.shell:Creating environment hook '/workspaces/ros_ws/install/adt/share/adt/hook/ament_prefix_path.ps1'
[0.695s] INFO:colcon.colcon_core.shell:Creating environment descriptor '/workspaces/ros_ws/install/adt/share/adt/hook/ament_prefix_path.dsv'
[0.695s] INFO:colcon.colcon_core.shell:Creating environment hook '/workspaces/ros_ws/install/adt/share/adt/hook/ament_prefix_path.sh'
[0.703s] INFO:colcon.colcon_core.shell:Skip shell extension 'powershell' for command environment: Not usable outside of PowerShell
[0.703s] DEBUG:colcon.colcon_core.shell:Skip shell extension 'dsv' for command environment
[0.718s] INFO:colcon.colcon_ros.task.ament_python.build:Building ROS package in '/workspaces/ros_ws/src/adt_code' with build type 'ament_python'
[0.719s] Level 1:colcon.colcon_core.shell:create_environment_hook('adt_code', 'ament_prefix_path')
[0.726s] INFO:colcon.colcon_core.shell:Creating environment hook '/workspaces/ros_ws/install/adt_code/share/adt_code/hook/ament_prefix_path.ps1'
[0.726s] INFO:colcon.colcon_core.shell:Creating environment descriptor '/workspaces/ros_ws/install/adt_code/share/adt_code/hook/ament_prefix_path.dsv'
[0.727s] INFO:colcon.colcon_core.shell:Creating environment hook '/workspaces/ros_ws/install/adt_code/share/adt_code/hook/ament_prefix_path.sh'
[0.733s] INFO:colcon.colcon_core.shell:Skip shell extension 'powershell' for command environment: Not usable outside of PowerShell
[0.733s] DEBUG:colcon.colcon_core.shell:Skip shell extension 'dsv' for command environment
[0.748s] INFO:colcon.colcon_ros.task.ament_cmake.build:Building ROS package in '/workspaces/ros_ws/src/adt_diffdrive' with build type 'ament_cmake'
[0.748s] INFO:colcon.colcon_cmake.task.cmake.build:Building CMake package in '/workspaces/ros_ws/src/adt_diffdrive'
[0.755s] INFO:colcon.colcon_core.shell:Skip shell extension 'powershell' for command environment: Not usable outside of PowerShell
[0.755s] DEBUG:colcon.colcon_core.shell:Skip shell extension 'dsv' for command environment
[0.770s] INFO:colcon.colcon_ros.task.ament_python.build:Building ROS package in '/workspaces/ros_ws/src/adt_urdf' with build type 'ament_python'
[0.770s] Level 1:colcon.colcon_core.shell:create_environment_hook('adt_urdf', 'ament_prefix_path')
[0.778s] INFO:colcon.colcon_core.shell:Creating environment hook '/workspaces/ros_ws/install/adt_urdf/share/adt_urdf/hook/ament_prefix_path.ps1'
[0.779s] INFO:colcon.colcon_core.shell:Creating environment descriptor '/workspaces/ros_ws/install/adt_urdf/share/adt_urdf/hook/ament_prefix_path.dsv'
[0.779s] INFO:colcon.colcon_core.shell:Creating environment hook '/workspaces/ros_ws/install/adt_urdf/share/adt_urdf/hook/ament_prefix_path.sh'
[0.787s] INFO:colcon.colcon_core.shell:Skip shell extension 'powershell' for command environment: Not usable outside of PowerShell
[0.787s] DEBUG:colcon.colcon_core.shell:Skip shell extension 'dsv' for command environment
[0.802s] INFO:colcon.colcon_ros.task.ament_python.build:Building ROS package in '/workspaces/ros_ws/src/adt_web' with build type 'ament_python'
[0.802s] Level 1:colcon.colcon_core.shell:create_environment_hook('adt_web', 'ament_prefix_path')
[0.810s] INFO:colcon.colcon_core.shell:Creating environment hook '/workspaces/ros_ws/install/adt_web/share/adt_web/hook/ament_prefix_path.ps1'
[0.810s] INFO:colcon.colcon_core.shell:Creating environment descriptor '/workspaces/ros_ws/install/adt_web/share/adt_web/hook/ament_prefix_path.dsv'
[0.811s] INFO:colcon.colcon_core.shell:Creating environment hook '/workspaces/ros_ws/install/adt_web/share/adt_web/hook/ament_prefix_path.sh'
[0.818s] INFO:colcon.colcon_core.shell:Skip shell extension 'powershell' for command environment: Not usable outside of PowerShell
[0.818s] DEBUG:colcon.colcon_core.shell:Skip shell extension 'dsv' for command environment
[0.981s] INFO:colcon.colcon_core.task.python.build:Building Python package in '/workspaces/ros_ws/src/adt'
[0.988s] INFO:colcon.colcon_core.shell:Skip shell extension 'powershell' for command environment: Not usable outside of PowerShell
[0.988s] DEBUG:colcon.colcon_core.shell:Skip shell extension 'dsv' for command environment
[1.154s] INFO:colcon.colcon_core.task.python.build:Building Python package in '/workspaces/ros_ws/src/adt_code'
[1.161s] INFO:colcon.colcon_core.shell:Skip shell extension 'powershell' for command environment: Not usable outside of PowerShell
[1.161s] DEBUG:colcon.colcon_core.shell:Skip shell extension 'dsv' for command environment
[1.180s] DEBUG:colcon.colcon_core.event_handler.log_command:Invoking command in '/workspaces/ros_ws/build/adt_diffdrive': CMAKE_PREFIX_PATH=/opt/ros/humble /usr/bin/cmake --build /workspaces/ros_ws/build/adt_diffdrive -- -j16 -l16
[1.321s] INFO:colcon.colcon_core.task.python.build:Building Python package in '/workspaces/ros_ws/src/adt_urdf'
[1.332s] INFO:colcon.colcon_core.shell:Skip shell extension 'powershell' for command environment: Not usable outside of PowerShell
[1.332s] DEBUG:colcon.colcon_core.shell:Skip shell extension 'dsv' for command environment
[1.497s] INFO:colcon.colcon_core.task.python.build:Building Python package in '/workspaces/ros_ws/src/adt_web'
[1.504s] INFO:colcon.colcon_core.shell:Skip shell extension 'powershell' for command environment: Not usable outside of PowerShell
[1.504s] DEBUG:colcon.colcon_core.shell:Skip shell extension 'dsv' for command environment
[1.765s] DEBUG:colcon.colcon_core.event_handler.log_command:Invoking command in '/workspaces/ros_ws/build/adt': PYTHONPATH=/workspaces/ros_ws/build/adt/prefix_override:/workspaces/ros_ws/install/adt/lib/python3.10/site-packages:${PYTHONPATH} /usr/bin/python3 setup.py develop --editable --build-directory /workspaces/ros_ws/build/adt/build --no-deps install_data
[1.772s] DEBUG:colcon.colcon_core.event_handler.log_command:Invoking command in '/workspaces/ros_ws/build/adt_web': PYTHONPATH=/workspaces/ros_ws/build/adt_web/prefix_override:/workspaces/ros_ws/install/adt_web/lib/python3.10/site-packages:${PYTHONPATH} /usr/bin/python3 setup.py develop --editable --build-directory /workspaces/ros_ws/build/adt_web/build --no-deps install_data
[1.773s] DEBUG:colcon.colcon_core.event_handler.log_command:Invoking command in '/workspaces/ros_ws/build/adt_urdf': PYTHONPATH=/workspaces/ros_ws/build/adt_urdf/prefix_override:/workspaces/ros_ws/install/adt_urdf/lib/python3.10/site-packages:${PYTHONPATH} /usr/bin/python3 setup.py develop --editable --build-directory /workspaces/ros_ws/build/adt_urdf/build --no-deps install_data
[1.778s] DEBUG:colcon.colcon_core.event_handler.log_command:Invoking command in '/workspaces/ros_ws/build/adt_code': PYTHONPATH=/workspaces/ros_ws/build/adt_code/prefix_override:/workspaces/ros_ws/install/adt_code/lib/python3.10/site-packages:${PYTHONPATH} /usr/bin/python3 setup.py develop --editable --build-directory /workspaces/ros_ws/build/adt_code/build --no-deps install_data
[2.079s] Level 1:colcon.colcon_core.shell:create_environment_hook('adt_urdf', 'pythonpath_develop')
[2.080s] DEBUG:colcon.colcon_core.event_handler.log_command:Invoked command in '/workspaces/ros_ws/build/adt_urdf' returned '0': PYTHONPATH=/workspaces/ros_ws/build/adt_urdf/prefix_override:/workspaces/ros_ws/install/adt_urdf/lib/python3.10/site-packages:${PYTHONPATH} /usr/bin/python3 setup.py develop --editable --build-directory /workspaces/ros_ws/build/adt_urdf/build --no-deps install_data
[2.087s] INFO:colcon.colcon_core.shell:Creating environment hook '/workspaces/ros_ws/build/adt_urdf/share/adt_urdf/hook/pythonpath_develop.ps1'
[2.088s] INFO:colcon.colcon_core.shell:Creating environment descriptor '/workspaces/ros_ws/build/adt_urdf/share/adt_urdf/hook/pythonpath_develop.dsv'
[2.088s] INFO:colcon.colcon_core.shell:Creating environment hook '/workspaces/ros_ws/build/adt_urdf/share/adt_urdf/hook/pythonpath_develop.sh'
[2.098s] Level 1:colcon.colcon_core.environment:checking '/workspaces/ros_ws/install/adt_urdf' for CMake module files
[2.098s] Level 1:colcon.colcon_core.environment:checking '/workspaces/ros_ws/install/adt_urdf' for CMake config files
[2.099s] Level 1:colcon.colcon_core.environment:checking '/workspaces/ros_ws/install/adt_urdf/lib'
[2.099s] Level 1:colcon.colcon_core.environment:checking '/workspaces/ros_ws/install/adt_urdf/bin'
[2.099s] Level 1:colcon.colcon_core.environment:checking '/workspaces/ros_ws/install/adt_urdf/lib/pkgconfig/adt_urdf.pc'
[2.099s] Level 1:colcon.colcon_core.environment:checking '/workspaces/ros_ws/install/adt_urdf/lib/python3.10/site-packages'
[2.099s] Level 1:colcon.colcon_core.shell:create_environment_hook('adt_urdf', 'pythonpath')
[2.106s] INFO:colcon.colcon_core.shell:Creating environment hook '/workspaces/ros_ws/install/adt_urdf/share/adt_urdf/hook/pythonpath.ps1'
[2.107s] INFO:colcon.colcon_core.shell:Creating environment descriptor '/workspaces/ros_ws/install/adt_urdf/share/adt_urdf/hook/pythonpath.dsv'
[2.107s] INFO:colcon.colcon_core.shell:Creating environment hook '/workspaces/ros_ws/install/adt_urdf/share/adt_urdf/hook/pythonpath.sh'
[2.107s] Level 1:colcon.colcon_core.environment:checking '/workspaces/ros_ws/install/adt_urdf/bin'
[2.107s] Level 1:colcon.colcon_core.environment:create_environment_scripts_only(adt_urdf)
[2.115s] INFO:colcon.colcon_core.shell:Creating package script '/workspaces/ros_ws/install/adt_urdf/share/adt_urdf/package.ps1'
[2.116s] INFO:colcon.colcon_core.shell:Creating package descriptor '/workspaces/ros_ws/install/adt_urdf/share/adt_urdf/package.dsv'
[2.116s] INFO:colcon.colcon_core.shell:Creating package script '/workspaces/ros_ws/install/adt_urdf/share/adt_urdf/package.sh'
[2.117s] INFO:colcon.colcon_core.shell:Creating package script '/workspaces/ros_ws/install/adt_urdf/share/adt_urdf/package.bash'
[2.117s] INFO:colcon.colcon_core.shell:Creating package script '/workspaces/ros_ws/install/adt_urdf/share/adt_urdf/package.zsh'
[2.118s] Level 1:colcon.colcon_core.environment:create_file_with_runtime_dependencies(/workspaces/ros_ws/install/adt_urdf/share/colcon-core/packages/adt_urdf)
[2.120s] Level 1:colcon.colcon_core.shell:create_environment_hook('adt_web', 'pythonpath_develop')
[2.120s] DEBUG:colcon.colcon_core.event_handler.log_command:Invoked command in '/workspaces/ros_ws/build/adt_web' returned '0': PYTHONPATH=/workspaces/ros_ws/build/adt_web/prefix_override:/workspaces/ros_ws/install/adt_web/lib/python3.10/site-packages:${PYTHONPATH} /usr/bin/python3 setup.py develop --editable --build-directory /workspaces/ros_ws/build/adt_web/build --no-deps install_data
[2.127s] INFO:colcon.colcon_core.shell:Creating environment hook '/workspaces/ros_ws/build/adt_web/share/adt_web/hook/pythonpath_develop.ps1'
[2.128s] INFO:colcon.colcon_core.shell:Creating environment descriptor '/workspaces/ros_ws/build/adt_web/share/adt_web/hook/pythonpath_develop.dsv'
[2.128s] INFO:colcon.colcon_core.shell:Creating environment hook '/workspaces/ros_ws/build/adt_web/share/adt_web/hook/pythonpath_develop.sh'
[2.135s] Level 1:colcon.colcon_core.environment:checking '/workspaces/ros_ws/install/adt_web' for CMake module files
[2.135s] Level 1:colcon.colcon_core.environment:checking '/workspaces/ros_ws/install/adt_web' for CMake config files
[2.136s] Level 1:colcon.colcon_core.environment:checking '/workspaces/ros_ws/install/adt_web/lib'
[2.136s] Level 1:colcon.colcon_core.environment:checking '/workspaces/ros_ws/install/adt_web/bin'
[2.136s] Level 1:colcon.colcon_core.environment:checking '/workspaces/ros_ws/install/adt_web/lib/pkgconfig/adt_web.pc'
[2.136s] Level 1:colcon.colcon_core.environment:checking '/workspaces/ros_ws/install/adt_web/lib/python3.10/site-packages'
[2.136s] Level 1:colcon.colcon_core.shell:create_environment_hook('adt_web', 'pythonpath')
[2.143s] INFO:colcon.colcon_core.shell:Creating environment hook '/workspaces/ros_ws/install/adt_web/share/adt_web/hook/pythonpath.ps1'
[2.144s] INFO:colcon.colcon_core.shell:Creating environment descriptor '/workspaces/ros_ws/install/adt_web/share/adt_web/hook/pythonpath.dsv'
[2.144s] INFO:colcon.colcon_core.shell:Creating environment hook '/workspaces/ros_ws/install/adt_web/share/adt_web/hook/pythonpath.sh'
[2.144s] Level 1:colcon.colcon_core.environment:checking '/workspaces/ros_ws/install/adt_web/bin'
[2.144s] Level 1:colcon.colcon_core.environment:create_environment_scripts_only(adt_web)
[2.152s] INFO:colcon.colcon_core.shell:Creating package script '/workspaces/ros_ws/install/adt_web/share/adt_web/package.ps1'
[2.152s] INFO:colcon.colcon_core.shell:Creating package descriptor '/workspaces/ros_ws/install/adt_web/share/adt_web/package.dsv'
[2.153s] INFO:colcon.colcon_core.shell:Creating package script '/workspaces/ros_ws/install/adt_web/share/adt_web/package.sh'
[2.153s] INFO:colcon.colcon_core.shell:Creating package script '/workspaces/ros_ws/install/adt_web/share/adt_web/package.bash'
[2.153s] INFO:colcon.colcon_core.shell:Creating package script '/workspaces/ros_ws/install/adt_web/share/adt_web/package.zsh'
[2.153s] Level 1:colcon.colcon_core.environment:create_file_with_runtime_dependencies(/workspaces/ros_ws/install/adt_web/share/colcon-core/packages/adt_web)
[2.154s] Level 1:colcon.colcon_core.shell:create_environment_hook('adt', 'pythonpath_develop')
[2.155s] DEBUG:colcon.colcon_core.event_handler.log_command:Invoked command in '/workspaces/ros_ws/build/adt' returned '0': PYTHONPATH=/workspaces/ros_ws/build/adt/prefix_override:/workspaces/ros_ws/install/adt/lib/python3.10/site-packages:${PYTHONPATH} /usr/bin/python3 setup.py develop --editable --build-directory /workspaces/ros_ws/build/adt/build --no-deps install_data
[2.163s] INFO:colcon.colcon_core.shell:Creating environment hook '/workspaces/ros_ws/build/adt/share/adt/hook/pythonpath_develop.ps1'
[2.164s] INFO:colcon.colcon_core.shell:Creating environment descriptor '/workspaces/ros_ws/build/adt/share/adt/hook/pythonpath_develop.dsv'
[2.164s] INFO:colcon.colcon_core.shell:Creating environment hook '/workspaces/ros_ws/build/adt/share/adt/hook/pythonpath_develop.sh'
[2.174s] Level 1:colcon.colcon_core.environment:checking '/workspaces/ros_ws/install/adt' for CMake module files
[2.174s] Level 1:colcon.colcon_core.environment:checking '/workspaces/ros_ws/install/adt' for CMake config files
[2.175s] Level 1:colcon.colcon_core.environment:checking '/workspaces/ros_ws/install/adt/lib'
[2.175s] Level 1:colcon.colcon_core.environment:checking '/workspaces/ros_ws/install/adt/bin'
[2.175s] Level 1:colcon.colcon_core.environment:checking '/workspaces/ros_ws/install/adt/lib/pkgconfig/adt.pc'
[2.175s] Level 1:colcon.colcon_core.environment:checking '/workspaces/ros_ws/install/adt/lib/python3.10/site-packages'
[2.175s] Level 1:colcon.colcon_core.shell:create_environment_hook('adt', 'pythonpath')
[2.184s] INFO:colcon.colcon_core.shell:Creating environment hook '/workspaces/ros_ws/install/adt/share/adt/hook/pythonpath.ps1'
[2.184s] INFO:colcon.colcon_core.shell:Creating environment descriptor '/workspaces/ros_ws/install/adt/share/adt/hook/pythonpath.dsv'
[2.185s] INFO:colcon.colcon_core.shell:Creating environment hook '/workspaces/ros_ws/install/adt/share/adt/hook/pythonpath.sh'
[2.185s] Level 1:colcon.colcon_core.environment:checking '/workspaces/ros_ws/install/adt/bin'
[2.185s] Level 1:colcon.colcon_core.environment:create_environment_scripts_only(adt)
[2.196s] INFO:colcon.colcon_core.shell:Creating package script '/workspaces/ros_ws/install/adt/share/adt/package.ps1'
[2.197s] INFO:colcon.colcon_core.shell:Creating package descriptor '/workspaces/ros_ws/install/adt/share/adt/package.dsv'
[2.197s] INFO:colcon.colcon_core.shell:Creating package script '/workspaces/ros_ws/install/adt/share/adt/package.sh'
[2.198s] INFO:colcon.colcon_core.shell:Creating package script '/workspaces/ros_ws/install/adt/share/adt/package.bash'
[2.198s] INFO:colcon.colcon_core.shell:Creating package script '/workspaces/ros_ws/install/adt/share/adt/package.zsh'
[2.198s] Level 1:colcon.colcon_core.environment:create_file_with_runtime_dependencies(/workspaces/ros_ws/install/adt/share/colcon-core/packages/adt)
[2.198s] Level 1:colcon.colcon_core.shell:create_environment_hook('adt_code', 'pythonpath_develop')
[2.200s] DEBUG:colcon.colcon_core.event_handler.log_command:Invoked command in '/workspaces/ros_ws/build/adt_code' returned '0': PYTHONPATH=/workspaces/ros_ws/build/adt_code/prefix_override:/workspaces/ros_ws/install/adt_code/lib/python3.10/site-packages:${PYTHONPATH} /usr/bin/python3 setup.py develop --editable --build-directory /workspaces/ros_ws/build/adt_code/build --no-deps install_data
[2.207s] INFO:colcon.colcon_core.shell:Creating environment hook '/workspaces/ros_ws/build/adt_code/share/adt_code/hook/pythonpath_develop.ps1'
[2.208s] INFO:colcon.colcon_core.shell:Creating environment descriptor '/workspaces/ros_ws/build/adt_code/share/adt_code/hook/pythonpath_develop.dsv'
[2.208s] INFO:colcon.colcon_core.shell:Creating environment hook '/workspaces/ros_ws/build/adt_code/share/adt_code/hook/pythonpath_develop.sh'
[2.215s] Level 1:colcon.colcon_core.environment:checking '/workspaces/ros_ws/install/adt_code' for CMake module files
[2.215s] Level 1:colcon.colcon_core.environment:checking '/workspaces/ros_ws/install/adt_code' for CMake config files
[2.216s] Level 1:colcon.colcon_core.environment:checking '/workspaces/ros_ws/install/adt_code/lib'
[2.216s] Level 1:colcon.colcon_core.environment:checking '/workspaces/ros_ws/install/adt_code/bin'
[2.216s] Level 1:colcon.colcon_core.environment:checking '/workspaces/ros_ws/install/adt_code/lib/pkgconfig/adt_code.pc'
[2.216s] Level 1:colcon.colcon_core.environment:checking '/workspaces/ros_ws/install/adt_code/lib/python3.10/site-packages'
[2.216s] Level 1:colcon.colcon_core.shell:create_environment_hook('adt_code', 'pythonpath')
[2.240s] INFO:colcon.colcon_core.shell:Creating environment hook '/workspaces/ros_ws/install/adt_code/share/adt_code/hook/pythonpath.ps1'
[2.241s] INFO:colcon.colcon_core.shell:Creating environment descriptor '/workspaces/ros_ws/install/adt_code/share/adt_code/hook/pythonpath.dsv'
[2.241s] INFO:colcon.colcon_core.shell:Creating environment hook '/workspaces/ros_ws/install/adt_code/share/adt_code/hook/pythonpath.sh'
[2.241s] Level 1:colcon.colcon_core.environment:checking '/workspaces/ros_ws/install/adt_code/bin'
[2.241s] Level 1:colcon.colcon_core.environment:create_environment_scripts_only(adt_code)
[2.250s] INFO:colcon.colcon_core.shell:Creating package script '/workspaces/ros_ws/install/adt_code/share/adt_code/package.ps1'
[2.251s] INFO:colcon.colcon_core.shell:Creating package descriptor '/workspaces/ros_ws/install/adt_code/share/adt_code/package.dsv'
[2.251s] INFO:colcon.colcon_core.shell:Creating package script '/workspaces/ros_ws/install/adt_code/share/adt_code/package.sh'
[2.251s] INFO:colcon.colcon_core.shell:Creating package script '/workspaces/ros_ws/install/adt_code/share/adt_code/package.bash'
[2.252s] INFO:colcon.colcon_core.shell:Creating package script '/workspaces/ros_ws/install/adt_code/share/adt_code/package.zsh'
[2.252s] Level 1:colcon.colcon_core.environment:create_file_with_runtime_dependencies(/workspaces/ros_ws/install/adt_code/share/colcon-core/packages/adt_code)
[2.390s] DEBUG:colcon.colcon_core.event_handler.log_command:Invoked command in '/workspaces/ros_ws/build/adt_diffdrive' returned '2': CMAKE_PREFIX_PATH=/opt/ros/humble /usr/bin/cmake --build /workspaces/ros_ws/build/adt_diffdrive -- -j16 -l16
[2.411s] Level 1:colcon.colcon_core.environment:create_environment_scripts_only(adt_diffdrive)
[2.419s] Level 1:colcon.colcon_core.environment:checking '/workspaces/ros_ws/install/adt_diffdrive' for CMake module files
[2.419s] Level 1:colcon.colcon_core.environment:checking '/workspaces/ros_ws/install/adt_diffdrive' for CMake config files
[2.420s] Level 1:colcon.colcon_core.shell:create_environment_hook('adt_diffdrive', 'cmake_prefix_path')
[2.428s] INFO:colcon.colcon_core.shell:Creating environment hook '/workspaces/ros_ws/install/adt_diffdrive/share/adt_diffdrive/hook/cmake_prefix_path.ps1'
[2.429s] INFO:colcon.colcon_core.shell:Creating environment descriptor '/workspaces/ros_ws/install/adt_diffdrive/share/adt_diffdrive/hook/cmake_prefix_path.dsv'
[2.429s] INFO:colcon.colcon_core.shell:Creating environment hook '/workspaces/ros_ws/install/adt_diffdrive/share/adt_diffdrive/hook/cmake_prefix_path.sh'
[2.430s] Level 1:colcon.colcon_core.environment:checking '/workspaces/ros_ws/install/adt_diffdrive/lib'
[2.430s] Level 1:colcon.colcon_core.shell:create_environment_hook('adt_diffdrive', 'ld_library_path_lib')
[2.438s] INFO:colcon.colcon_core.shell:Creating environment hook '/workspaces/ros_ws/install/adt_diffdrive/share/adt_diffdrive/hook/ld_library_path_lib.ps1'
[2.439s] INFO:colcon.colcon_core.shell:Creating environment descriptor '/workspaces/ros_ws/install/adt_diffdrive/share/adt_diffdrive/hook/ld_library_path_lib.dsv'
[2.439s] INFO:colcon.colcon_core.shell:Creating environment hook '/workspaces/ros_ws/install/adt_diffdrive/share/adt_diffdrive/hook/ld_library_path_lib.sh'
[2.439s] Level 1:colcon.colcon_core.environment:checking '/workspaces/ros_ws/install/adt_diffdrive/bin'
[2.439s] Level 1:colcon.colcon_core.environment:checking '/workspaces/ros_ws/install/adt_diffdrive/lib/pkgconfig/adt_diffdrive.pc'
[2.440s] Level 1:colcon.colcon_core.environment:checking '/workspaces/ros_ws/install/adt_diffdrive/lib/python3.10/site-packages'
[2.440s] Level 1:colcon.colcon_core.environment:checking '/workspaces/ros_ws/install/adt_diffdrive/bin'
[2.447s] INFO:colcon.colcon_core.shell:Creating package script '/workspaces/ros_ws/install/adt_diffdrive/share/adt_diffdrive/package.ps1'
[2.448s] INFO:colcon.colcon_core.shell:Creating package descriptor '/workspaces/ros_ws/install/adt_diffdrive/share/adt_diffdrive/package.dsv'
[2.448s] INFO:colcon.colcon_core.shell:Creating package script '/workspaces/ros_ws/install/adt_diffdrive/share/adt_diffdrive/package.sh'
[2.449s] INFO:colcon.colcon_core.shell:Creating package script '/workspaces/ros_ws/install/adt_diffdrive/share/adt_diffdrive/package.bash'
[2.449s] INFO:colcon.colcon_core.shell:Creating package script '/workspaces/ros_ws/install/adt_diffdrive/share/adt_diffdrive/package.zsh'
[2.449s] Level 1:colcon.colcon_core.environment:create_file_with_runtime_dependencies(/workspaces/ros_ws/install/adt_diffdrive/share/colcon-core/packages/adt_diffdrive)
[2.460s] DEBUG:colcon.colcon_parallel_executor.executor.parallel:closing loop
[2.460s] DEBUG:colcon.colcon_parallel_executor.executor.parallel:loop closed
[2.460s] DEBUG:colcon.colcon_parallel_executor.executor.parallel:run_until_complete finished with '2'
[2.460s] DEBUG:colcon.colcon_core.event_reactor:joining thread
[2.472s] INFO:colcon.colcon_core.plugin_system:Skipping extension 'colcon_notification.desktop_notification.notify_send': Could not find 'notify-send'
[2.472s] INFO:colcon.colcon_core.plugin_system:Skipping extension 'colcon_notification.desktop_notification.terminal_notifier': Not used on non-Darwin systems
[2.472s] INFO:colcon.colcon_core.plugin_system:Skipping extension 'colcon_notification.desktop_notification.win32': Not used on non-Windows systems
[2.472s] INFO:colcon.colcon_notification.desktop_notification:Sending desktop notification using 'notify2'
[2.474s] DEBUG:colcon.colcon_notification.desktop_notification.notify2:Failed to initialize notify2: org.freedesktop.DBus.Error.Spawn.ExecFailed: /usr/bin/dbus-launch terminated abnormally without any error message
[2.474s] DEBUG:colcon.colcon_core.event_reactor:joined thread
[2.482s] INFO:colcon.colcon_core.shell:Creating prefix script '/workspaces/ros_ws/install/local_setup.ps1'
[2.483s] INFO:colcon.colcon_core.shell:Creating prefix util module '/workspaces/ros_ws/install/_local_setup_util_ps1.py'
[2.484s] INFO:colcon.colcon_core.shell:Creating prefix chain script '/workspaces/ros_ws/install/setup.ps1'
[2.492s] INFO:colcon.colcon_core.shell:Creating prefix script '/workspaces/ros_ws/install/local_setup.sh'
[2.492s] INFO:colcon.colcon_core.shell:Creating prefix util module '/workspaces/ros_ws/install/_local_setup_util_sh.py'
[2.492s] INFO:colcon.colcon_core.shell:Creating prefix chain script '/workspaces/ros_ws/install/setup.sh'
[2.503s] INFO:colcon.colcon_core.shell:Creating prefix script '/workspaces/ros_ws/install/local_setup.bash'
[2.503s] INFO:colcon.colcon_core.shell:Creating prefix chain script '/workspaces/ros_ws/install/setup.bash'
[2.514s] INFO:colcon.colcon_core.shell:Creating prefix script '/workspaces/ros_ws/install/local_setup.zsh'
[2.515s] INFO:colcon.colcon_core.shell:Creating prefix chain script '/workspaces/ros_ws/install/setup.zsh'
