[1.148s] Invoking command in '/workspaces/ros_ws/build/adt': PYTHONPATH=/workspaces/ros_ws/build/adt/prefix_override:/workspaces/ros_ws/install/adt/lib/python3.10/site-packages:${PYTHONPATH} /usr/bin/python3 setup.py develop --editable --build-directory /workspaces/ros_ws/build/adt/build --no-deps install_data
[1.357s] running develop
[1.357s] /usr/lib/python3/dist-packages/setuptools/command/easy_install.py:158: EasyInstallDeprecationWarning: easy_install command is deprecated. Use build and pip and other standards-based tools.
[1.357s]   warnings.warn(
[1.358s] /usr/lib/python3/dist-packages/setuptools/command/install.py:34: SetuptoolsDeprecationWarning: setup.py install is deprecated. Use build and pip and other standards-based tools.
[1.358s]   warnings.warn(
[1.440s] running egg_info
[1.440s] writing adt.egg-info/PKG-INFO
[1.440s] writing dependency_links to adt.egg-info/dependency_links.txt
[1.440s] writing entry points to adt.egg-info/entry_points.txt
[1.441s] writing requirements to adt.egg-info/requires.txt
[1.441s] writing top-level names to adt.egg-info/top_level.txt
[1.442s] reading manifest file 'adt.egg-info/SOURCES.txt'
[1.443s] writing manifest file 'adt.egg-info/SOURCES.txt'
[1.445s] running build_ext
[1.445s] Creating /workspaces/ros_ws/install/adt/lib/python3.10/site-packages/adt.egg-link (link to .)
[1.447s] Installing base_drive_serial_bridge script to /workspaces/ros_ws/install/adt/lib/adt
[1.448s] Installing base_vision_dosen_detector script to /workspaces/ros_ws/install/adt/lib/adt
[1.448s] 
[1.448s] Installed /workspaces/ros_ws/build/adt
[1.449s] running install_data
[1.538s] Invoked command in '/workspaces/ros_ws/build/adt' returned '0': PYTHONPATH=/workspaces/ros_ws/build/adt/prefix_override:/workspaces/ros_ws/install/adt/lib/python3.10/site-packages:${PYTHONPATH} /usr/bin/python3 setup.py develop --editable --build-directory /workspaces/ros_ws/build/adt/build --no-deps install_data
