[1.025s] Invoking command in '/workspaces/ros_ws/build/adt_code': PYTHONPATH=/workspaces/ros_ws/build/adt_code/prefix_override:/workspaces/ros_ws/install/adt_code/lib/python3.10/site-packages:${PYTHONPATH} /usr/bin/python3 setup.py develop --editable --build-directory /workspaces/ros_ws/build/adt_code/build --no-deps install_data
[1.193s] /usr/lib/python3/dist-packages/setuptools/dist.py:723: UserWarning: Usage of dash-separated 'script-dir' will not be supported in future versions. Please use the underscore name 'script_dir' instead
[1.193s]   warnings.warn(
[1.224s] running develop
[1.224s] /usr/lib/python3/dist-packages/setuptools/command/easy_install.py:158: EasyInstallDeprecationWarning: easy_install command is deprecated. Use build and pip and other standards-based tools.
[1.224s]   warnings.warn(
[1.226s] /usr/lib/python3/dist-packages/setuptools/command/install.py:34: SetuptoolsDeprecationWarning: setup.py install is deprecated. Use build and pip and other standards-based tools.
[1.226s]   warnings.warn(
[1.315s] running egg_info
[1.315s] creating adt_code.egg-info
[1.316s] writing adt_code.egg-info/PKG-INFO
[1.316s] writing dependency_links to adt_code.egg-info/dependency_links.txt
[1.316s] writing entry points to adt_code.egg-info/entry_points.txt
[1.317s] writing requirements to adt_code.egg-info/requires.txt
[1.317s] writing top-level names to adt_code.egg-info/top_level.txt
[1.317s] writing manifest file 'adt_code.egg-info/SOURCES.txt'
[1.318s] reading manifest file 'adt_code.egg-info/SOURCES.txt'
[1.319s] writing manifest file 'adt_code.egg-info/SOURCES.txt'
[1.320s] running build_ext
[1.320s] Creating /workspaces/ros_ws/install/adt_code/lib/python3.10/site-packages/adt-code.egg-link (link to .)
[1.322s] Installing basis_roboter_demo script to /workspaces/ros_ws/install/adt_code/lib/adt_code
[1.322s] 
[1.322s] Installed /workspaces/ros_ws/build/adt_code
[1.322s] running install_data
[1.322s] creating /workspaces/ros_ws/install/adt_code/share/ament_index
[1.322s] creating /workspaces/ros_ws/install/adt_code/share/ament_index/resource_index
[1.323s] creating /workspaces/ros_ws/install/adt_code/share/ament_index/resource_index/packages
[1.323s] copying resource/adt_code -> /workspaces/ros_ws/install/adt_code/share/ament_index/resource_index/packages
[1.323s] copying package.xml -> /workspaces/ros_ws/install/adt_code/share/adt_code
[1.323s] creating /workspaces/ros_ws/install/adt_code/share/adt_code/launch
[1.323s] copying launch/basis_roboter_demo.launch.py -> /workspaces/ros_ws/install/adt_code/share/adt_code/launch
[1.398s] Invoked command in '/workspaces/ros_ws/build/adt_code' returned '0': PYTHONPATH=/workspaces/ros_ws/build/adt_code/prefix_override:/workspaces/ros_ws/install/adt_code/lib/python3.10/site-packages:${PYTHONPATH} /usr/bin/python3 setup.py develop --editable --build-directory /workspaces/ros_ws/build/adt_code/build --no-deps install_data
