[0.853s] Invoking command in '/workspaces/ros_ws/build/diffdrive_adt': CMAKE_PREFIX_PATH=/opt/ros/humble /usr/bin/cmake /workspaces/ros_ws/src/diffdrive_adt -DAMENT_CMAKE_SYMLINK_INSTALL=1 -DCMAKE_INSTALL_PREFIX=/workspaces/ros_ws/install/diffdrive_adt
[0.909s] -- The CXX compiler identification is GNU 11.4.0
[0.915s] -- Detecting CXX compiler ABI info
[0.987s] -- Detecting CXX compiler ABI info - done
[0.996s] -- Check for working CXX compiler: /usr/bin/c++ - skipped
[0.996s] -- Detecting CXX compile features
[0.997s] -- Detecting CXX compile features - done
[0.999s] -- Found ament_cmake: 1.3.7 (/opt/ros/humble/share/ament_cmake/cmake)
[1.125s] -- Found Python3: /usr/bin/python3.10 (found version "3.10.12") found components: Interpreter 
[1.184s] -- Override CMake install command with custom implementation using symlinks instead of copying resources
[1.206s] -- Found hardware_interface: 2.37.0 (/opt/ros/humble/share/hardware_interface/cmake)
[1.238s] -- Found rosidl_generator_c: 3.1.5 (/opt/ros/humble/share/rosidl_generator_c/cmake)
[1.242s] -- Found rosidl_adapter: 3.1.5 (/opt/ros/humble/share/rosidl_adapter/cmake)
[1.250s] -- Found rosidl_generator_cpp: 3.1.5 (/opt/ros/humble/share/rosidl_generator_cpp/cmake)
[1.265s] -- Using all available rosidl_typesupport_c: rosidl_typesupport_fastrtps_c;rosidl_typesupport_introspection_c
[1.289s] -- Using all available rosidl_typesupport_cpp: rosidl_typesupport_fastrtps_cpp;rosidl_typesupport_introspection_cpp
[1.909s] -- Found rmw_implementation_cmake: 6.1.1 (/opt/ros/humble/share/rmw_implementation_cmake/cmake)
[1.910s] -- Found rmw_fastrtps_cpp: 6.2.6 (/opt/ros/humble/share/rmw_fastrtps_cpp/cmake)
[1.936s] -- Found TinyXML2 via Config file: TinyXML2_DIR-NOTFOUND
[1.961s] -- Found OpenSSL: /usr/lib/x86_64-linux-gnu/libcrypto.so (found version "3.0.2")  
[1.963s] -- Found TinyXML2 via Config file: TinyXML2_DIR-NOTFOUND
[1.970s] -- Found FastRTPS: /opt/ros/humble/include  
[1.978s] -- Found TinyXML2 via Config file: TinyXML2_DIR-NOTFOUND
[1.985s] -- Found TinyXML2 via Config file: TinyXML2_DIR-NOTFOUND
[1.990s] -- Using RMW implementation 'rmw_fastrtps_cpp' as default
[1.996s] -- Looking for C++ include pthread.h
[2.056s] -- Looking for C++ include pthread.h - found
[2.056s] -- Performing Test CMAKE_HAVE_LIBC_PTHREAD
[2.118s] -- Performing Test CMAKE_HAVE_LIBC_PTHREAD - Success
[2.118s] -- Found Threads: TRUE  
[2.279s] [31mCMake Error at /opt/ros/humble/share/pluginlib/cmake/pluginlib_export_plugin_description_file.cmake:84 (message):
[2.279s]   Given plugin description file
[2.279s]   '/workspaces/ros_ws/src/diffdrive_adt/diffdrive_adt.xml' does not exist
[2.279s] Call Stack (most recent call first):
[2.279s]   CMakeLists.txt:44 (pluginlib_export_plugin_description_file)
[2.279s] 
[2.279s] [0m
[2.279s] -- Configuring incomplete, errors occurred!
[2.279s] See also "/workspaces/ros_ws/build/diffdrive_adt/CMakeFiles/CMakeOutput.log".
[2.286s] Invoked command in '/workspaces/ros_ws/build/diffdrive_adt' returned '1': CMAKE_PREFIX_PATH=/opt/ros/humble /usr/bin/cmake /workspaces/ros_ws/src/diffdrive_adt -DAMENT_CMAKE_SYMLINK_INSTALL=1 -DCMAKE_INSTALL_PREFIX=/workspaces/ros_ws/install/diffdrive_adt
