[0.969s] Invoking command in '/workspaces/ros_ws/build/adt_web': PYTHONPATH=/workspaces/ros_ws/build/adt_web/prefix_override:/workspaces/ros_ws/install/adt_web/lib/python3.10/site-packages:${PYTHONPATH} /usr/bin/python3 setup.py develop --editable --build-directory /workspaces/ros_ws/build/adt_web/build --no-deps install_data
[1.130s] /usr/lib/python3/dist-packages/setuptools/dist.py:723: UserWarning: Usage of dash-separated 'script-dir' will not be supported in future versions. Please use the underscore name 'script_dir' instead
[1.130s]   warnings.warn(
[1.152s] running develop
[1.152s] /usr/lib/python3/dist-packages/setuptools/command/easy_install.py:158: EasyInstallDeprecationWarning: easy_install command is deprecated. Use build and pip and other standards-based tools.
[1.152s]   warnings.warn(
[1.153s] /usr/lib/python3/dist-packages/setuptools/command/install.py:34: SetuptoolsDeprecationWarning: setup.py install is deprecated. Use build and pip and other standards-based tools.
[1.153s]   warnings.warn(
[1.238s] running egg_info
[1.238s] writing adt_web.egg-info/PKG-INFO
[1.238s] writing dependency_links to adt_web.egg-info/dependency_links.txt
[1.239s] writing entry points to adt_web.egg-info/entry_points.txt
[1.239s] writing requirements to adt_web.egg-info/requires.txt
[1.239s] writing top-level names to adt_web.egg-info/top_level.txt
[1.240s] reading manifest file 'adt_web.egg-info/SOURCES.txt'
[1.241s] writing manifest file 'adt_web.egg-info/SOURCES.txt'
[1.242s] running build_ext
[1.242s] Creating /workspaces/ros_ws/install/adt_web/lib/python3.10/site-packages/adt-web.egg-link (link to .)
[1.243s] Installing data_provider script to /workspaces/ros_ws/install/adt_web/lib/adt_web
[1.243s] 
[1.243s] Installed /workspaces/ros_ws/build/adt_web
[1.243s] running install_data
[1.318s] Invoked command in '/workspaces/ros_ws/build/adt_web' returned '0': PYTHONPATH=/workspaces/ros_ws/build/adt_web/prefix_override:/workspaces/ros_ws/install/adt_web/lib/python3.10/site-packages:${PYTHONPATH} /usr/bin/python3 setup.py develop --editable --build-directory /workspaces/ros_ws/build/adt_web/build --no-deps install_data
