[1.091s] Invoking command in '/workspaces/ros_ws/build/adt': PYTHONPATH=/workspaces/ros_ws/build/adt/prefix_override:/workspaces/ros_ws/install/adt/lib/python3.10/site-packages:${PYTHONPATH} /usr/bin/python3 setup.py develop --editable --build-directory /workspaces/ros_ws/build/adt/build --no-deps install_data
[1.280s] running develop
[1.281s] /usr/lib/python3/dist-packages/setuptools/command/easy_install.py:158: EasyInstallDeprecationWarning: easy_install command is deprecated. Use build and pip and other standards-based tools.
[1.281s]   warnings.warn(
[1.281s] /usr/lib/python3/dist-packages/setuptools/command/install.py:34: SetuptoolsDeprecationWarning: setup.py install is deprecated. Use build and pip and other standards-based tools.
[1.281s]   warnings.warn(
[1.364s] running egg_info
[1.364s] writing adt.egg-info/PKG-INFO
[1.364s] writing dependency_links to adt.egg-info/dependency_links.txt
[1.364s] writing entry points to adt.egg-info/entry_points.txt
[1.365s] writing requirements to adt.egg-info/requires.txt
[1.365s] writing top-level names to adt.egg-info/top_level.txt
[1.366s] reading manifest file 'adt.egg-info/SOURCES.txt'
[1.367s] writing manifest file 'adt.egg-info/SOURCES.txt'
[1.369s] running build_ext
[1.369s] Creating /workspaces/ros_ws/install/adt/lib/python3.10/site-packages/adt.egg-link (link to .)
[1.370s] Installing base_drive_serial_bridge script to /workspaces/ros_ws/install/adt/lib/adt
[1.370s] Installing base_vision_dosen_detector script to /workspaces/ros_ws/install/adt/lib/adt
[1.370s] 
[1.371s] Installed /workspaces/ros_ws/build/adt
[1.371s] running install_data
[1.462s] Invoked command in '/workspaces/ros_ws/build/adt' returned '0': PYTHONPATH=/workspaces/ros_ws/build/adt/prefix_override:/workspaces/ros_ws/install/adt/lib/python3.10/site-packages:${PYTHONPATH} /usr/bin/python3 setup.py develop --editable --build-directory /workspaces/ros_ws/build/adt/build --no-deps install_data
