[0.590s] DEBUG:colcon:Command line arguments: ['/usr/bin/colcon', 'build', '--symlink-install']
[0.590s] DEBUG:colcon:Parsed command line arguments: Namespace(log_base=None, log_level=None, verb_name='build', build_base='build', install_base='install', merge_install=False, symlink_install=True, test_result_base=None, continue_on_error=False, executor='parallel', parallel_workers=16, event_handlers=None, ignore_user_meta=False, metas=['./colcon.meta'], base_paths=['.'], packages_ignore=None, packages_ignore_regex=None, paths=None, packages_up_to=None, packages_up_to_regex=None, packages_above=None, packages_above_and_dependencies=None, packages_above_depth=None, packages_select_by_dep=None, packages_skip_by_dep=None, packages_skip_up_to=None, packages_select_build_failed=False, packages_skip_build_finished=False, packages_select_test_failures=False, packages_skip_test_passed=False, packages_select=None, packages_skip=None, packages_select_regex=None, packages_skip_regex=None, packages_start=None, packages_end=None, cmake_args=None, cmake_target=None, cmake_target_skip_unavailable=False, cmake_clean_cache=False, cmake_clean_first=False, cmake_force_configure=False, ament_cmake_args=None, catkin_cmake_args=None, catkin_skip_building_tests=False, mixin_files=None, mixin=None, verb_parser=<colcon_mixin.mixin.mixin_argument.MixinArgumentDecorator object at 0x7f9274dcb940>, verb_extension=<colcon_core.verb.build.BuildVerb object at 0x7f9275267250>, main=<bound method BuildVerb.main of <colcon_core.verb.build.BuildVerb object at 0x7f9275267250>>, mixin_verb=('build',))
[0.619s] Level 1:colcon.colcon_core.package_discovery:discover_packages(colcon_meta) check parameters
[0.620s] Level 1:colcon.colcon_core.package_discovery:discover_packages(recursive) check parameters
[0.620s] Level 1:colcon.colcon_core.package_discovery:discover_packages(ignore) check parameters
[0.620s] Level 1:colcon.colcon_core.package_discovery:discover_packages(path) check parameters
[0.620s] Level 1:colcon.colcon_core.package_discovery:discover_packages(colcon_meta) discover
[0.620s] Level 1:colcon.colcon_core.package_discovery:discover_packages(recursive) discover
[0.620s] INFO:colcon.colcon_core.package_discovery:Crawling recursively for packages in '/workspaces/ros_ws'
[0.620s] Level 1:colcon.colcon_core.package_identification:_identify(.) by extensions ['ignore', 'ignore_ament_install']
[0.620s] Level 1:colcon.colcon_core.package_identification:_identify(.) by extension 'ignore'
[0.620s] Level 1:colcon.colcon_core.package_identification:_identify(.) by extension 'ignore_ament_install'
[0.620s] Level 1:colcon.colcon_core.package_identification:_identify(.) by extensions ['colcon_pkg']
[0.620s] Level 1:colcon.colcon_core.package_identification:_identify(.) by extension 'colcon_pkg'
[0.620s] Level 1:colcon.colcon_core.package_identification:_identify(.) by extensions ['colcon_meta']
[0.620s] Level 1:colcon.colcon_core.package_identification:_identify(.) by extension 'colcon_meta'
[0.620s] Level 1:colcon.colcon_core.package_identification:_identify(.) by extensions ['ros']
[0.620s] Level 1:colcon.colcon_core.package_identification:_identify(.) by extension 'ros'
[0.630s] Level 1:colcon.colcon_core.package_identification:_identify(.) by extensions ['cmake', 'python']
[0.630s] Level 1:colcon.colcon_core.package_identification:_identify(.) by extension 'cmake'
[0.630s] Level 1:colcon.colcon_core.package_identification:_identify(.) by extension 'python'
[0.630s] Level 1:colcon.colcon_core.package_identification:_identify(.) by extensions ['python_setup_py']
[0.630s] Level 1:colcon.colcon_core.package_identification:_identify(.) by extension 'python_setup_py'
[0.630s] Level 1:colcon.colcon_core.package_identification:_identify(build) by extensions ['ignore', 'ignore_ament_install']
[0.630s] Level 1:colcon.colcon_core.package_identification:_identify(build) by extension 'ignore'
[0.630s] Level 1:colcon.colcon_core.package_identification:_identify(build) ignored
[0.630s] Level 1:colcon.colcon_core.package_identification:_identify(install) by extensions ['ignore', 'ignore_ament_install']
[0.630s] Level 1:colcon.colcon_core.package_identification:_identify(install) by extension 'ignore'
[0.630s] Level 1:colcon.colcon_core.package_identification:_identify(install) ignored
[0.631s] Level 1:colcon.colcon_core.package_identification:_identify(log) by extensions ['ignore', 'ignore_ament_install']
[0.631s] Level 1:colcon.colcon_core.package_identification:_identify(log) by extension 'ignore'
[0.631s] Level 1:colcon.colcon_core.package_identification:_identify(log) ignored
[0.631s] Level 1:colcon.colcon_core.package_identification:_identify(src) by extensions ['ignore', 'ignore_ament_install']
[0.631s] Level 1:colcon.colcon_core.package_identification:_identify(src) by extension 'ignore'
[0.631s] Level 1:colcon.colcon_core.package_identification:_identify(src) by extension 'ignore_ament_install'
[0.631s] Level 1:colcon.colcon_core.package_identification:_identify(src) by extensions ['colcon_pkg']
[0.631s] Level 1:colcon.colcon_core.package_identification:_identify(src) by extension 'colcon_pkg'
[0.631s] Level 1:colcon.colcon_core.package_identification:_identify(src) by extensions ['colcon_meta']
[0.631s] Level 1:colcon.colcon_core.package_identification:_identify(src) by extension 'colcon_meta'
[0.631s] Level 1:colcon.colcon_core.package_identification:_identify(src) by extensions ['ros']
[0.631s] Level 1:colcon.colcon_core.package_identification:_identify(src) by extension 'ros'
[0.631s] Level 1:colcon.colcon_core.package_identification:_identify(src) by extensions ['cmake', 'python']
[0.631s] Level 1:colcon.colcon_core.package_identification:_identify(src) by extension 'cmake'
[0.631s] Level 1:colcon.colcon_core.package_identification:_identify(src) by extension 'python'
[0.631s] Level 1:colcon.colcon_core.package_identification:_identify(src) by extensions ['python_setup_py']
[0.631s] Level 1:colcon.colcon_core.package_identification:_identify(src) by extension 'python_setup_py'
[0.631s] Level 1:colcon.colcon_core.package_identification:_identify(src/adt) by extensions ['ignore', 'ignore_ament_install']
[0.631s] Level 1:colcon.colcon_core.package_identification:_identify(src/adt) by extension 'ignore'
[0.631s] Level 1:colcon.colcon_core.package_identification:_identify(src/adt) by extension 'ignore_ament_install'
[0.631s] Level 1:colcon.colcon_core.package_identification:_identify(src/adt) by extensions ['colcon_pkg']
[0.631s] Level 1:colcon.colcon_core.package_identification:_identify(src/adt) by extension 'colcon_pkg'
[0.632s] Level 1:colcon.colcon_core.package_identification:_identify(src/adt) by extensions ['colcon_meta']
[0.632s] Level 1:colcon.colcon_core.package_identification:_identify(src/adt) by extension 'colcon_meta'
[0.632s] Level 1:colcon.colcon_core.package_identification:_identify(src/adt) by extensions ['ros']
[0.632s] Level 1:colcon.colcon_core.package_identification:_identify(src/adt) by extension 'ros'
[0.634s] DEBUG:colcon.colcon_core.package_identification:Package 'src/adt' with type 'ros.ament_python' and name 'adt'
[0.634s] Level 1:colcon.colcon_core.package_identification:_identify(src/adt_code) by extensions ['ignore', 'ignore_ament_install']
[0.634s] Level 1:colcon.colcon_core.package_identification:_identify(src/adt_code) by extension 'ignore'
[0.634s] Level 1:colcon.colcon_core.package_identification:_identify(src/adt_code) by extension 'ignore_ament_install'
[0.634s] Level 1:colcon.colcon_core.package_identification:_identify(src/adt_code) by extensions ['colcon_pkg']
[0.634s] Level 1:colcon.colcon_core.package_identification:_identify(src/adt_code) by extension 'colcon_pkg'
[0.634s] Level 1:colcon.colcon_core.package_identification:_identify(src/adt_code) by extensions ['colcon_meta']
[0.634s] Level 1:colcon.colcon_core.package_identification:_identify(src/adt_code) by extension 'colcon_meta'
[0.634s] Level 1:colcon.colcon_core.package_identification:_identify(src/adt_code) by extensions ['ros']
[0.634s] Level 1:colcon.colcon_core.package_identification:_identify(src/adt_code) by extension 'ros'
[0.634s] DEBUG:colcon.colcon_core.package_identification:Package 'src/adt_code' with type 'ros.ament_python' and name 'adt_code'
[0.634s] Level 1:colcon.colcon_core.package_identification:_identify(src/adt_diffdrive) by extensions ['ignore', 'ignore_ament_install']
[0.634s] Level 1:colcon.colcon_core.package_identification:_identify(src/adt_diffdrive) by extension 'ignore'
[0.634s] Level 1:colcon.colcon_core.package_identification:_identify(src/adt_diffdrive) by extension 'ignore_ament_install'
[0.634s] Level 1:colcon.colcon_core.package_identification:_identify(src/adt_diffdrive) by extensions ['colcon_pkg']
[0.635s] Level 1:colcon.colcon_core.package_identification:_identify(src/adt_diffdrive) by extension 'colcon_pkg'
[0.635s] Level 1:colcon.colcon_core.package_identification:_identify(src/adt_diffdrive) by extensions ['colcon_meta']
[0.635s] Level 1:colcon.colcon_core.package_identification:_identify(src/adt_diffdrive) by extension 'colcon_meta'
[0.635s] Level 1:colcon.colcon_core.package_identification:_identify(src/adt_diffdrive) by extensions ['ros']
[0.635s] Level 1:colcon.colcon_core.package_identification:_identify(src/adt_diffdrive) by extension 'ros'
[0.635s] DEBUG:colcon.colcon_core.package_identification:Package 'src/adt_diffdrive' with type 'ros.ament_cmake' and name 'adt_diffdrive'
[0.635s] Level 1:colcon.colcon_core.package_identification:_identify(src/adt_urdf) by extensions ['ignore', 'ignore_ament_install']
[0.635s] Level 1:colcon.colcon_core.package_identification:_identify(src/adt_urdf) by extension 'ignore'
[0.635s] Level 1:colcon.colcon_core.package_identification:_identify(src/adt_urdf) by extension 'ignore_ament_install'
[0.636s] Level 1:colcon.colcon_core.package_identification:_identify(src/adt_urdf) by extensions ['colcon_pkg']
[0.636s] Level 1:colcon.colcon_core.package_identification:_identify(src/adt_urdf) by extension 'colcon_pkg'
[0.636s] Level 1:colcon.colcon_core.package_identification:_identify(src/adt_urdf) by extensions ['colcon_meta']
[0.636s] Level 1:colcon.colcon_core.package_identification:_identify(src/adt_urdf) by extension 'colcon_meta'
[0.636s] Level 1:colcon.colcon_core.package_identification:_identify(src/adt_urdf) by extensions ['ros']
[0.636s] Level 1:colcon.colcon_core.package_identification:_identify(src/adt_urdf) by extension 'ros'
[0.636s] DEBUG:colcon.colcon_core.package_identification:Package 'src/adt_urdf' with type 'ros.ament_python' and name 'adt_urdf'
[0.636s] Level 1:colcon.colcon_core.package_identification:_identify(src/adt_web) by extensions ['ignore', 'ignore_ament_install']
[0.636s] Level 1:colcon.colcon_core.package_identification:_identify(src/adt_web) by extension 'ignore'
[0.636s] Level 1:colcon.colcon_core.package_identification:_identify(src/adt_web) by extension 'ignore_ament_install'
[0.636s] Level 1:colcon.colcon_core.package_identification:_identify(src/adt_web) by extensions ['colcon_pkg']
[0.636s] Level 1:colcon.colcon_core.package_identification:_identify(src/adt_web) by extension 'colcon_pkg'
[0.636s] Level 1:colcon.colcon_core.package_identification:_identify(src/adt_web) by extensions ['colcon_meta']
[0.636s] Level 1:colcon.colcon_core.package_identification:_identify(src/adt_web) by extension 'colcon_meta'
[0.636s] Level 1:colcon.colcon_core.package_identification:_identify(src/adt_web) by extensions ['ros']
[0.636s] Level 1:colcon.colcon_core.package_identification:_identify(src/adt_web) by extension 'ros'
[0.637s] DEBUG:colcon.colcon_core.package_identification:Package 'src/adt_web' with type 'ros.ament_python' and name 'adt_web'
[0.637s] Level 1:colcon.colcon_core.package_discovery:discover_packages(recursive) using defaults
[0.637s] Level 1:colcon.colcon_core.package_discovery:discover_packages(ignore) discover
[0.637s] Level 1:colcon.colcon_core.package_discovery:discover_packages(ignore) using defaults
[0.637s] Level 1:colcon.colcon_core.package_discovery:discover_packages(path) discover
[0.637s] Level 1:colcon.colcon_core.package_discovery:discover_packages(path) using defaults
[0.678s] Level 5:colcon.colcon_core.verb:set package 'adt' build argument 'cmake_args' from command line to 'None'
[0.678s] Level 5:colcon.colcon_core.verb:set package 'adt' build argument 'cmake_target' from command line to 'None'
[0.678s] Level 5:colcon.colcon_core.verb:set package 'adt' build argument 'cmake_target_skip_unavailable' from command line to 'False'
[0.678s] Level 5:colcon.colcon_core.verb:set package 'adt' build argument 'cmake_clean_cache' from command line to 'False'
[0.678s] Level 5:colcon.colcon_core.verb:set package 'adt' build argument 'cmake_clean_first' from command line to 'False'
[0.678s] Level 5:colcon.colcon_core.verb:set package 'adt' build argument 'cmake_force_configure' from command line to 'False'
[0.678s] Level 5:colcon.colcon_core.verb:set package 'adt' build argument 'ament_cmake_args' from command line to 'None'
[0.678s] Level 5:colcon.colcon_core.verb:set package 'adt' build argument 'catkin_cmake_args' from command line to 'None'
[0.678s] Level 5:colcon.colcon_core.verb:set package 'adt' build argument 'catkin_skip_building_tests' from command line to 'False'
[0.678s] DEBUG:colcon.colcon_core.verb:Building package 'adt' with the following arguments: {'ament_cmake_args': None, 'build_base': '/workspaces/ros_ws/build/adt', 'catkin_cmake_args': None, 'catkin_skip_building_tests': False, 'cmake_args': None, 'cmake_clean_cache': False, 'cmake_clean_first': False, 'cmake_force_configure': False, 'cmake_target': None, 'cmake_target_skip_unavailable': False, 'install_base': '/workspaces/ros_ws/install/adt', 'merge_install': False, 'path': '/workspaces/ros_ws/src/adt', 'symlink_install': True, 'test_result_base': None}
[0.685s] Level 5:colcon.colcon_core.verb:set package 'adt_code' build argument 'cmake_args' from command line to 'None'
[0.685s] Level 5:colcon.colcon_core.verb:set package 'adt_code' build argument 'cmake_target' from command line to 'None'
[0.685s] Level 5:colcon.colcon_core.verb:set package 'adt_code' build argument 'cmake_target_skip_unavailable' from command line to 'False'
[0.685s] Level 5:colcon.colcon_core.verb:set package 'adt_code' build argument 'cmake_clean_cache' from command line to 'False'
[0.685s] Level 5:colcon.colcon_core.verb:set package 'adt_code' build argument 'cmake_clean_first' from command line to 'False'
[0.685s] Level 5:colcon.colcon_core.verb:set package 'adt_code' build argument 'cmake_force_configure' from command line to 'False'
[0.685s] Level 5:colcon.colcon_core.verb:set package 'adt_code' build argument 'ament_cmake_args' from command line to 'None'
[0.685s] Level 5:colcon.colcon_core.verb:set package 'adt_code' build argument 'catkin_cmake_args' from command line to 'None'
[0.685s] Level 5:colcon.colcon_core.verb:set package 'adt_code' build argument 'catkin_skip_building_tests' from command line to 'False'
[0.685s] DEBUG:colcon.colcon_core.verb:Building package 'adt_code' with the following arguments: {'ament_cmake_args': None, 'build_base': '/workspaces/ros_ws/build/adt_code', 'catkin_cmake_args': None, 'catkin_skip_building_tests': False, 'cmake_args': None, 'cmake_clean_cache': False, 'cmake_clean_first': False, 'cmake_force_configure': False, 'cmake_target': None, 'cmake_target_skip_unavailable': False, 'install_base': '/workspaces/ros_ws/install/adt_code', 'merge_install': False, 'path': '/workspaces/ros_ws/src/adt_code', 'symlink_install': True, 'test_result_base': None}
[0.691s] Level 5:colcon.colcon_core.verb:set package 'adt_diffdrive' build argument 'cmake_args' from command line to 'None'
[0.691s] Level 5:colcon.colcon_core.verb:set package 'adt_diffdrive' build argument 'cmake_target' from command line to 'None'
[0.691s] Level 5:colcon.colcon_core.verb:set package 'adt_diffdrive' build argument 'cmake_target_skip_unavailable' from command line to 'False'
[0.691s] Level 5:colcon.colcon_core.verb:set package 'adt_diffdrive' build argument 'cmake_clean_cache' from command line to 'False'
[0.691s] Level 5:colcon.colcon_core.verb:set package 'adt_diffdrive' build argument 'cmake_clean_first' from command line to 'False'
[0.691s] Level 5:colcon.colcon_core.verb:set package 'adt_diffdrive' build argument 'cmake_force_configure' from command line to 'False'
[0.691s] Level 5:colcon.colcon_core.verb:set package 'adt_diffdrive' build argument 'ament_cmake_args' from command line to 'None'
[0.691s] Level 5:colcon.colcon_core.verb:set package 'adt_diffdrive' build argument 'catkin_cmake_args' from command line to 'None'
[0.691s] Level 5:colcon.colcon_core.verb:set package 'adt_diffdrive' build argument 'catkin_skip_building_tests' from command line to 'False'
[0.691s] DEBUG:colcon.colcon_core.verb:Building package 'adt_diffdrive' with the following arguments: {'ament_cmake_args': None, 'build_base': '/workspaces/ros_ws/build/adt_diffdrive', 'catkin_cmake_args': None, 'catkin_skip_building_tests': False, 'cmake_args': None, 'cmake_clean_cache': False, 'cmake_clean_first': False, 'cmake_force_configure': False, 'cmake_target': None, 'cmake_target_skip_unavailable': False, 'install_base': '/workspaces/ros_ws/install/adt_diffdrive', 'merge_install': False, 'path': '/workspaces/ros_ws/src/adt_diffdrive', 'symlink_install': True, 'test_result_base': None}
[0.697s] Level 5:colcon.colcon_core.verb:set package 'adt_urdf' build argument 'cmake_args' from command line to 'None'
[0.697s] Level 5:colcon.colcon_core.verb:set package 'adt_urdf' build argument 'cmake_target' from command line to 'None'
[0.697s] Level 5:colcon.colcon_core.verb:set package 'adt_urdf' build argument 'cmake_target_skip_unavailable' from command line to 'False'
[0.697s] Level 5:colcon.colcon_core.verb:set package 'adt_urdf' build argument 'cmake_clean_cache' from command line to 'False'
[0.697s] Level 5:colcon.colcon_core.verb:set package 'adt_urdf' build argument 'cmake_clean_first' from command line to 'False'
[0.697s] Level 5:colcon.colcon_core.verb:set package 'adt_urdf' build argument 'cmake_force_configure' from command line to 'False'
[0.697s] Level 5:colcon.colcon_core.verb:set package 'adt_urdf' build argument 'ament_cmake_args' from command line to 'None'
[0.697s] Level 5:colcon.colcon_core.verb:set package 'adt_urdf' build argument 'catkin_cmake_args' from command line to 'None'
[0.697s] Level 5:colcon.colcon_core.verb:set package 'adt_urdf' build argument 'catkin_skip_building_tests' from command line to 'False'
[0.697s] DEBUG:colcon.colcon_core.verb:Building package 'adt_urdf' with the following arguments: {'ament_cmake_args': None, 'build_base': '/workspaces/ros_ws/build/adt_urdf', 'catkin_cmake_args': None, 'catkin_skip_building_tests': False, 'cmake_args': None, 'cmake_clean_cache': False, 'cmake_clean_first': False, 'cmake_force_configure': False, 'cmake_target': None, 'cmake_target_skip_unavailable': False, 'install_base': '/workspaces/ros_ws/install/adt_urdf', 'merge_install': False, 'path': '/workspaces/ros_ws/src/adt_urdf', 'symlink_install': True, 'test_result_base': None}
[0.704s] Level 5:colcon.colcon_core.verb:set package 'adt_web' build argument 'cmake_args' from command line to 'None'
[0.704s] Level 5:colcon.colcon_core.verb:set package 'adt_web' build argument 'cmake_target' from command line to 'None'
[0.704s] Level 5:colcon.colcon_core.verb:set package 'adt_web' build argument 'cmake_target_skip_unavailable' from command line to 'False'
[0.704s] Level 5:colcon.colcon_core.verb:set package 'adt_web' build argument 'cmake_clean_cache' from command line to 'False'
[0.704s] Level 5:colcon.colcon_core.verb:set package 'adt_web' build argument 'cmake_clean_first' from command line to 'False'
[0.704s] Level 5:colcon.colcon_core.verb:set package 'adt_web' build argument 'cmake_force_configure' from command line to 'False'
[0.704s] Level 5:colcon.colcon_core.verb:set package 'adt_web' build argument 'ament_cmake_args' from command line to 'None'
[0.704s] Level 5:colcon.colcon_core.verb:set package 'adt_web' build argument 'catkin_cmake_args' from command line to 'None'
[0.704s] Level 5:colcon.colcon_core.verb:set package 'adt_web' build argument 'catkin_skip_building_tests' from command line to 'False'
[0.704s] DEBUG:colcon.colcon_core.verb:Building package 'adt_web' with the following arguments: {'ament_cmake_args': None, 'build_base': '/workspaces/ros_ws/build/adt_web', 'catkin_cmake_args': None, 'catkin_skip_building_tests': False, 'cmake_args': None, 'cmake_clean_cache': False, 'cmake_clean_first': False, 'cmake_force_configure': False, 'cmake_target': None, 'cmake_target_skip_unavailable': False, 'install_base': '/workspaces/ros_ws/install/adt_web', 'merge_install': False, 'path': '/workspaces/ros_ws/src/adt_web', 'symlink_install': True, 'test_result_base': None}
[0.710s] INFO:colcon.colcon_core.executor:Executing jobs using 'parallel' executor
[0.717s] DEBUG:colcon.colcon_parallel_executor.executor.parallel:run_until_complete
[0.717s] INFO:colcon.colcon_ros.task.ament_python.build:Building ROS package in '/workspaces/ros_ws/src/adt' with build type 'ament_python'
[0.718s] Level 1:colcon.colcon_core.shell:create_environment_hook('adt', 'ament_prefix_path')
[0.726s] INFO:colcon.colcon_core.plugin_system:Skipping extension 'colcon_core.shell.bat': Not used on non-Windows systems
[0.727s] INFO:colcon.colcon_core.shell:Creating environment hook '/workspaces/ros_ws/install/adt/share/adt/hook/ament_prefix_path.ps1'
[0.727s] INFO:colcon.colcon_core.shell:Creating environment descriptor '/workspaces/ros_ws/install/adt/share/adt/hook/ament_prefix_path.dsv'
[0.728s] INFO:colcon.colcon_core.shell:Creating environment hook '/workspaces/ros_ws/install/adt/share/adt/hook/ament_prefix_path.sh'
[0.735s] INFO:colcon.colcon_core.shell:Skip shell extension 'powershell' for command environment: Not usable outside of PowerShell
[0.735s] DEBUG:colcon.colcon_core.shell:Skip shell extension 'dsv' for command environment
[0.752s] INFO:colcon.colcon_ros.task.ament_python.build:Building ROS package in '/workspaces/ros_ws/src/adt_code' with build type 'ament_python'
[0.752s] Level 1:colcon.colcon_core.shell:create_environment_hook('adt_code', 'ament_prefix_path')
[0.759s] INFO:colcon.colcon_core.shell:Creating environment hook '/workspaces/ros_ws/install/adt_code/share/adt_code/hook/ament_prefix_path.ps1'
[0.759s] INFO:colcon.colcon_core.shell:Creating environment descriptor '/workspaces/ros_ws/install/adt_code/share/adt_code/hook/ament_prefix_path.dsv'
[0.760s] INFO:colcon.colcon_core.shell:Creating environment hook '/workspaces/ros_ws/install/adt_code/share/adt_code/hook/ament_prefix_path.sh'
[0.769s] INFO:colcon.colcon_core.shell:Skip shell extension 'powershell' for command environment: Not usable outside of PowerShell
[0.770s] DEBUG:colcon.colcon_core.shell:Skip shell extension 'dsv' for command environment
[0.785s] INFO:colcon.colcon_ros.task.ament_cmake.build:Building ROS package in '/workspaces/ros_ws/src/adt_diffdrive' with build type 'ament_cmake'
[0.785s] INFO:colcon.colcon_cmake.task.cmake.build:Building CMake package in '/workspaces/ros_ws/src/adt_diffdrive'
[0.792s] INFO:colcon.colcon_core.shell:Skip shell extension 'powershell' for command environment: Not usable outside of PowerShell
[0.792s] DEBUG:colcon.colcon_core.shell:Skip shell extension 'dsv' for command environment
[0.807s] INFO:colcon.colcon_ros.task.ament_python.build:Building ROS package in '/workspaces/ros_ws/src/adt_urdf' with build type 'ament_python'
[0.807s] Level 1:colcon.colcon_core.shell:create_environment_hook('adt_urdf', 'ament_prefix_path')
[0.814s] INFO:colcon.colcon_core.shell:Creating environment hook '/workspaces/ros_ws/install/adt_urdf/share/adt_urdf/hook/ament_prefix_path.ps1'
[0.815s] INFO:colcon.colcon_core.shell:Creating environment descriptor '/workspaces/ros_ws/install/adt_urdf/share/adt_urdf/hook/ament_prefix_path.dsv'
[0.815s] INFO:colcon.colcon_core.shell:Creating environment hook '/workspaces/ros_ws/install/adt_urdf/share/adt_urdf/hook/ament_prefix_path.sh'
[0.823s] INFO:colcon.colcon_core.shell:Skip shell extension 'powershell' for command environment: Not usable outside of PowerShell
[0.823s] DEBUG:colcon.colcon_core.shell:Skip shell extension 'dsv' for command environment
[0.837s] INFO:colcon.colcon_ros.task.ament_python.build:Building ROS package in '/workspaces/ros_ws/src/adt_web' with build type 'ament_python'
[0.837s] Level 1:colcon.colcon_core.shell:create_environment_hook('adt_web', 'ament_prefix_path')
[0.845s] INFO:colcon.colcon_core.shell:Creating environment hook '/workspaces/ros_ws/install/adt_web/share/adt_web/hook/ament_prefix_path.ps1'
[0.846s] INFO:colcon.colcon_core.shell:Creating environment descriptor '/workspaces/ros_ws/install/adt_web/share/adt_web/hook/ament_prefix_path.dsv'
[0.846s] INFO:colcon.colcon_core.shell:Creating environment hook '/workspaces/ros_ws/install/adt_web/share/adt_web/hook/ament_prefix_path.sh'
[0.853s] INFO:colcon.colcon_core.shell:Skip shell extension 'powershell' for command environment: Not usable outside of PowerShell
[0.853s] DEBUG:colcon.colcon_core.shell:Skip shell extension 'dsv' for command environment
[1.006s] INFO:colcon.colcon_core.task.python.build:Building Python package in '/workspaces/ros_ws/src/adt'
[1.014s] INFO:colcon.colcon_core.shell:Skip shell extension 'powershell' for command environment: Not usable outside of PowerShell
[1.014s] DEBUG:colcon.colcon_core.shell:Skip shell extension 'dsv' for command environment
[1.164s] INFO:colcon.colcon_core.task.python.build:Building Python package in '/workspaces/ros_ws/src/adt_code'
[1.171s] INFO:colcon.colcon_core.shell:Skip shell extension 'powershell' for command environment: Not usable outside of PowerShell
[1.172s] DEBUG:colcon.colcon_core.shell:Skip shell extension 'dsv' for command environment
[1.190s] DEBUG:colcon.colcon_core.event_handler.log_command:Invoking command in '/workspaces/ros_ws/build/adt_diffdrive': CMAKE_PREFIX_PATH=/opt/ros/humble /usr/bin/cmake /workspaces/ros_ws/src/adt_diffdrive -DAMENT_CMAKE_SYMLINK_INSTALL=1 -DCMAKE_INSTALL_PREFIX=/workspaces/ros_ws/install/adt_diffdrive
[1.331s] INFO:colcon.colcon_core.task.python.build:Building Python package in '/workspaces/ros_ws/src/adt_urdf'
[1.338s] INFO:colcon.colcon_core.shell:Skip shell extension 'powershell' for command environment: Not usable outside of PowerShell
[1.338s] DEBUG:colcon.colcon_core.shell:Skip shell extension 'dsv' for command environment
[1.490s] INFO:colcon.colcon_core.task.python.build:Building Python package in '/workspaces/ros_ws/src/adt_web'
[1.497s] INFO:colcon.colcon_core.shell:Skip shell extension 'powershell' for command environment: Not usable outside of PowerShell
[1.497s] DEBUG:colcon.colcon_core.shell:Skip shell extension 'dsv' for command environment
[1.770s] DEBUG:colcon.colcon_core.event_handler.log_command:Invoking command in '/workspaces/ros_ws/build/adt_code': PYTHONPATH=/workspaces/ros_ws/build/adt_code/prefix_override:/workspaces/ros_ws/install/adt_code/lib/python3.10/site-packages:${PYTHONPATH} /usr/bin/python3 setup.py develop --editable --build-directory /workspaces/ros_ws/build/adt_code/build --no-deps install_data
[1.772s] DEBUG:colcon.colcon_core.event_handler.log_command:Invoking command in '/workspaces/ros_ws/build/adt_web': PYTHONPATH=/workspaces/ros_ws/build/adt_web/prefix_override:/workspaces/ros_ws/install/adt_web/lib/python3.10/site-packages:${PYTHONPATH} /usr/bin/python3 setup.py develop --editable --build-directory /workspaces/ros_ws/build/adt_web/build --no-deps install_data
[1.787s] DEBUG:colcon.colcon_core.event_handler.log_command:Invoking command in '/workspaces/ros_ws/build/adt_urdf': PYTHONPATH=/workspaces/ros_ws/build/adt_urdf/prefix_override:/workspaces/ros_ws/install/adt_urdf/lib/python3.10/site-packages:${PYTHONPATH} /usr/bin/python3 setup.py develop --editable --build-directory /workspaces/ros_ws/build/adt_urdf/build --no-deps install_data
[1.789s] DEBUG:colcon.colcon_core.event_handler.log_command:Invoking command in '/workspaces/ros_ws/build/adt': PYTHONPATH=/workspaces/ros_ws/build/adt/prefix_override:/workspaces/ros_ws/install/adt/lib/python3.10/site-packages:${PYTHONPATH} /usr/bin/python3 setup.py develop --editable --build-directory /workspaces/ros_ws/build/adt/build --no-deps install_data
[2.050s] Level 1:colcon.colcon_core.shell:create_environment_hook('adt_web', 'pythonpath_develop')
[2.051s] DEBUG:colcon.colcon_core.event_handler.log_command:Invoked command in '/workspaces/ros_ws/build/adt_web' returned '0': PYTHONPATH=/workspaces/ros_ws/build/adt_web/prefix_override:/workspaces/ros_ws/install/adt_web/lib/python3.10/site-packages:${PYTHONPATH} /usr/bin/python3 setup.py develop --editable --build-directory /workspaces/ros_ws/build/adt_web/build --no-deps install_data
[2.073s] INFO:colcon.colcon_core.shell:Creating environment hook '/workspaces/ros_ws/build/adt_web/share/adt_web/hook/pythonpath_develop.ps1'
[2.073s] INFO:colcon.colcon_core.shell:Creating environment descriptor '/workspaces/ros_ws/build/adt_web/share/adt_web/hook/pythonpath_develop.dsv'
[2.074s] INFO:colcon.colcon_core.shell:Creating environment hook '/workspaces/ros_ws/build/adt_web/share/adt_web/hook/pythonpath_develop.sh'
[2.086s] Level 1:colcon.colcon_core.environment:checking '/workspaces/ros_ws/install/adt_web' for CMake module files
[2.087s] Level 1:colcon.colcon_core.environment:checking '/workspaces/ros_ws/install/adt_web' for CMake config files
[2.087s] Level 1:colcon.colcon_core.environment:checking '/workspaces/ros_ws/install/adt_web/lib'
[2.088s] Level 1:colcon.colcon_core.environment:checking '/workspaces/ros_ws/install/adt_web/bin'
[2.088s] Level 1:colcon.colcon_core.environment:checking '/workspaces/ros_ws/install/adt_web/lib/pkgconfig/adt_web.pc'
[2.088s] Level 1:colcon.colcon_core.environment:checking '/workspaces/ros_ws/install/adt_web/lib/python3.10/site-packages'
[2.088s] Level 1:colcon.colcon_core.shell:create_environment_hook('adt_web', 'pythonpath')
[2.098s] INFO:colcon.colcon_core.shell:Creating environment hook '/workspaces/ros_ws/install/adt_web/share/adt_web/hook/pythonpath.ps1'
[2.098s] INFO:colcon.colcon_core.shell:Creating environment descriptor '/workspaces/ros_ws/install/adt_web/share/adt_web/hook/pythonpath.dsv'
[2.098s] INFO:colcon.colcon_core.shell:Creating environment hook '/workspaces/ros_ws/install/adt_web/share/adt_web/hook/pythonpath.sh'
[2.099s] Level 1:colcon.colcon_core.environment:checking '/workspaces/ros_ws/install/adt_web/bin'
[2.099s] Level 1:colcon.colcon_core.environment:create_environment_scripts_only(adt_web)
[2.107s] INFO:colcon.colcon_core.shell:Creating package script '/workspaces/ros_ws/install/adt_web/share/adt_web/package.ps1'
[2.108s] INFO:colcon.colcon_core.shell:Creating package descriptor '/workspaces/ros_ws/install/adt_web/share/adt_web/package.dsv'
[2.108s] INFO:colcon.colcon_core.shell:Creating package script '/workspaces/ros_ws/install/adt_web/share/adt_web/package.sh'
[2.109s] INFO:colcon.colcon_core.shell:Creating package script '/workspaces/ros_ws/install/adt_web/share/adt_web/package.bash'
[2.110s] INFO:colcon.colcon_core.shell:Creating package script '/workspaces/ros_ws/install/adt_web/share/adt_web/package.zsh'
[2.111s] Level 1:colcon.colcon_core.environment:create_file_with_runtime_dependencies(/workspaces/ros_ws/install/adt_web/share/colcon-core/packages/adt_web)
[2.113s] Level 1:colcon.colcon_core.shell:create_environment_hook('adt_urdf', 'pythonpath_develop')
[2.113s] DEBUG:colcon.colcon_core.event_handler.log_command:Invoked command in '/workspaces/ros_ws/build/adt_urdf' returned '0': PYTHONPATH=/workspaces/ros_ws/build/adt_urdf/prefix_override:/workspaces/ros_ws/install/adt_urdf/lib/python3.10/site-packages:${PYTHONPATH} /usr/bin/python3 setup.py develop --editable --build-directory /workspaces/ros_ws/build/adt_urdf/build --no-deps install_data
[2.121s] INFO:colcon.colcon_core.shell:Creating environment hook '/workspaces/ros_ws/build/adt_urdf/share/adt_urdf/hook/pythonpath_develop.ps1'
[2.121s] INFO:colcon.colcon_core.shell:Creating environment descriptor '/workspaces/ros_ws/build/adt_urdf/share/adt_urdf/hook/pythonpath_develop.dsv'
[2.122s] INFO:colcon.colcon_core.shell:Creating environment hook '/workspaces/ros_ws/build/adt_urdf/share/adt_urdf/hook/pythonpath_develop.sh'
[2.128s] Level 1:colcon.colcon_core.environment:checking '/workspaces/ros_ws/install/adt_urdf' for CMake module files
[2.129s] Level 1:colcon.colcon_core.environment:checking '/workspaces/ros_ws/install/adt_urdf' for CMake config files
[2.129s] Level 1:colcon.colcon_core.environment:checking '/workspaces/ros_ws/install/adt_urdf/lib'
[2.129s] Level 1:colcon.colcon_core.environment:checking '/workspaces/ros_ws/install/adt_urdf/bin'
[2.129s] Level 1:colcon.colcon_core.environment:checking '/workspaces/ros_ws/install/adt_urdf/lib/pkgconfig/adt_urdf.pc'
[2.130s] Level 1:colcon.colcon_core.environment:checking '/workspaces/ros_ws/install/adt_urdf/lib/python3.10/site-packages'
[2.130s] Level 1:colcon.colcon_core.shell:create_environment_hook('adt_urdf', 'pythonpath')
[2.137s] INFO:colcon.colcon_core.shell:Creating environment hook '/workspaces/ros_ws/install/adt_urdf/share/adt_urdf/hook/pythonpath.ps1'
[2.138s] INFO:colcon.colcon_core.shell:Creating environment descriptor '/workspaces/ros_ws/install/adt_urdf/share/adt_urdf/hook/pythonpath.dsv'
[2.138s] INFO:colcon.colcon_core.shell:Creating environment hook '/workspaces/ros_ws/install/adt_urdf/share/adt_urdf/hook/pythonpath.sh'
[2.139s] Level 1:colcon.colcon_core.environment:checking '/workspaces/ros_ws/install/adt_urdf/bin'
[2.139s] Level 1:colcon.colcon_core.environment:create_environment_scripts_only(adt_urdf)
[2.146s] INFO:colcon.colcon_core.shell:Creating package script '/workspaces/ros_ws/install/adt_urdf/share/adt_urdf/package.ps1'
[2.146s] INFO:colcon.colcon_core.shell:Creating package descriptor '/workspaces/ros_ws/install/adt_urdf/share/adt_urdf/package.dsv'
[2.147s] INFO:colcon.colcon_core.shell:Creating package script '/workspaces/ros_ws/install/adt_urdf/share/adt_urdf/package.sh'
[2.147s] INFO:colcon.colcon_core.shell:Creating package script '/workspaces/ros_ws/install/adt_urdf/share/adt_urdf/package.bash'
[2.147s] INFO:colcon.colcon_core.shell:Creating package script '/workspaces/ros_ws/install/adt_urdf/share/adt_urdf/package.zsh'
[2.147s] Level 1:colcon.colcon_core.environment:create_file_with_runtime_dependencies(/workspaces/ros_ws/install/adt_urdf/share/colcon-core/packages/adt_urdf)
[2.148s] Level 1:colcon.colcon_core.shell:create_environment_hook('adt_code', 'pythonpath_develop')
[2.149s] DEBUG:colcon.colcon_core.event_handler.log_command:Invoked command in '/workspaces/ros_ws/build/adt_code' returned '0': PYTHONPATH=/workspaces/ros_ws/build/adt_code/prefix_override:/workspaces/ros_ws/install/adt_code/lib/python3.10/site-packages:${PYTHONPATH} /usr/bin/python3 setup.py develop --editable --build-directory /workspaces/ros_ws/build/adt_code/build --no-deps install_data
[2.156s] INFO:colcon.colcon_core.shell:Creating environment hook '/workspaces/ros_ws/build/adt_code/share/adt_code/hook/pythonpath_develop.ps1'
[2.157s] INFO:colcon.colcon_core.shell:Creating environment descriptor '/workspaces/ros_ws/build/adt_code/share/adt_code/hook/pythonpath_develop.dsv'
[2.158s] INFO:colcon.colcon_core.shell:Creating environment hook '/workspaces/ros_ws/build/adt_code/share/adt_code/hook/pythonpath_develop.sh'
[2.166s] Level 1:colcon.colcon_core.environment:checking '/workspaces/ros_ws/install/adt_code' for CMake module files
[2.166s] Level 1:colcon.colcon_core.environment:checking '/workspaces/ros_ws/install/adt_code' for CMake config files
[2.167s] Level 1:colcon.colcon_core.environment:checking '/workspaces/ros_ws/install/adt_code/lib'
[2.167s] Level 1:colcon.colcon_core.environment:checking '/workspaces/ros_ws/install/adt_code/bin'
[2.167s] Level 1:colcon.colcon_core.environment:checking '/workspaces/ros_ws/install/adt_code/lib/pkgconfig/adt_code.pc'
[2.167s] Level 1:colcon.colcon_core.environment:checking '/workspaces/ros_ws/install/adt_code/lib/python3.10/site-packages'
[2.167s] Level 1:colcon.colcon_core.shell:create_environment_hook('adt_code', 'pythonpath')
[2.174s] INFO:colcon.colcon_core.shell:Creating environment hook '/workspaces/ros_ws/install/adt_code/share/adt_code/hook/pythonpath.ps1'
[2.175s] INFO:colcon.colcon_core.shell:Creating environment descriptor '/workspaces/ros_ws/install/adt_code/share/adt_code/hook/pythonpath.dsv'
[2.175s] INFO:colcon.colcon_core.shell:Creating environment hook '/workspaces/ros_ws/install/adt_code/share/adt_code/hook/pythonpath.sh'
[2.176s] Level 1:colcon.colcon_core.environment:checking '/workspaces/ros_ws/install/adt_code/bin'
[2.176s] Level 1:colcon.colcon_core.environment:create_environment_scripts_only(adt_code)
[2.182s] INFO:colcon.colcon_core.shell:Creating package script '/workspaces/ros_ws/install/adt_code/share/adt_code/package.ps1'
[2.183s] INFO:colcon.colcon_core.shell:Creating package descriptor '/workspaces/ros_ws/install/adt_code/share/adt_code/package.dsv'
[2.183s] INFO:colcon.colcon_core.shell:Creating package script '/workspaces/ros_ws/install/adt_code/share/adt_code/package.sh'
[2.184s] INFO:colcon.colcon_core.shell:Creating package script '/workspaces/ros_ws/install/adt_code/share/adt_code/package.bash'
[2.184s] INFO:colcon.colcon_core.shell:Creating package script '/workspaces/ros_ws/install/adt_code/share/adt_code/package.zsh'
[2.184s] Level 1:colcon.colcon_core.environment:create_file_with_runtime_dependencies(/workspaces/ros_ws/install/adt_code/share/colcon-core/packages/adt_code)
[2.185s] Level 1:colcon.colcon_core.shell:create_environment_hook('adt', 'pythonpath_develop')
[2.186s] DEBUG:colcon.colcon_core.event_handler.log_command:Invoked command in '/workspaces/ros_ws/build/adt' returned '0': PYTHONPATH=/workspaces/ros_ws/build/adt/prefix_override:/workspaces/ros_ws/install/adt/lib/python3.10/site-packages:${PYTHONPATH} /usr/bin/python3 setup.py develop --editable --build-directory /workspaces/ros_ws/build/adt/build --no-deps install_data
[2.193s] INFO:colcon.colcon_core.shell:Creating environment hook '/workspaces/ros_ws/build/adt/share/adt/hook/pythonpath_develop.ps1'
[2.193s] INFO:colcon.colcon_core.shell:Creating environment descriptor '/workspaces/ros_ws/build/adt/share/adt/hook/pythonpath_develop.dsv'
[2.194s] INFO:colcon.colcon_core.shell:Creating environment hook '/workspaces/ros_ws/build/adt/share/adt/hook/pythonpath_develop.sh'
[2.204s] Level 1:colcon.colcon_core.environment:checking '/workspaces/ros_ws/install/adt' for CMake module files
[2.205s] Level 1:colcon.colcon_core.environment:checking '/workspaces/ros_ws/install/adt' for CMake config files
[2.206s] Level 1:colcon.colcon_core.environment:checking '/workspaces/ros_ws/install/adt/lib'
[2.206s] Level 1:colcon.colcon_core.environment:checking '/workspaces/ros_ws/install/adt/bin'
[2.206s] Level 1:colcon.colcon_core.environment:checking '/workspaces/ros_ws/install/adt/lib/pkgconfig/adt.pc'
[2.206s] Level 1:colcon.colcon_core.environment:checking '/workspaces/ros_ws/install/adt/lib/python3.10/site-packages'
[2.206s] Level 1:colcon.colcon_core.shell:create_environment_hook('adt', 'pythonpath')
[2.215s] INFO:colcon.colcon_core.shell:Creating environment hook '/workspaces/ros_ws/install/adt/share/adt/hook/pythonpath.ps1'
[2.215s] INFO:colcon.colcon_core.shell:Creating environment descriptor '/workspaces/ros_ws/install/adt/share/adt/hook/pythonpath.dsv'
[2.216s] INFO:colcon.colcon_core.shell:Creating environment hook '/workspaces/ros_ws/install/adt/share/adt/hook/pythonpath.sh'
[2.216s] Level 1:colcon.colcon_core.environment:checking '/workspaces/ros_ws/install/adt/bin'
[2.216s] Level 1:colcon.colcon_core.environment:create_environment_scripts_only(adt)
[2.239s] INFO:colcon.colcon_core.shell:Creating package script '/workspaces/ros_ws/install/adt/share/adt/package.ps1'
[2.239s] INFO:colcon.colcon_core.shell:Creating package descriptor '/workspaces/ros_ws/install/adt/share/adt/package.dsv'
[2.240s] INFO:colcon.colcon_core.shell:Creating package script '/workspaces/ros_ws/install/adt/share/adt/package.sh'
[2.240s] INFO:colcon.colcon_core.shell:Creating package script '/workspaces/ros_ws/install/adt/share/adt/package.bash'
[2.240s] INFO:colcon.colcon_core.shell:Creating package script '/workspaces/ros_ws/install/adt/share/adt/package.zsh'
[2.241s] Level 1:colcon.colcon_core.environment:create_file_with_runtime_dependencies(/workspaces/ros_ws/install/adt/share/colcon-core/packages/adt)
[3.103s] DEBUG:colcon.colcon_core.event_handler.log_command:Invoked command in '/workspaces/ros_ws/build/adt_diffdrive' returned '0': CMAKE_PREFIX_PATH=/opt/ros/humble /usr/bin/cmake /workspaces/ros_ws/src/adt_diffdrive -DAMENT_CMAKE_SYMLINK_INSTALL=1 -DCMAKE_INSTALL_PREFIX=/workspaces/ros_ws/install/adt_diffdrive
[3.105s] DEBUG:colcon.colcon_core.event_handler.log_command:Invoking command in '/workspaces/ros_ws/build/adt_diffdrive': CMAKE_PREFIX_PATH=/opt/ros/humble /usr/bin/cmake --build /workspaces/ros_ws/build/adt_diffdrive -- -j16 -l16
[6.000s] DEBUG:colcon.colcon_core.event_handler.log_command:Invoked command in '/workspaces/ros_ws/build/adt_diffdrive' returned '0': CMAKE_PREFIX_PATH=/opt/ros/humble /usr/bin/cmake --build /workspaces/ros_ws/build/adt_diffdrive -- -j16 -l16
[6.018s] DEBUG:colcon.colcon_core.event_handler.log_command:Invoking command in '/workspaces/ros_ws/build/adt_diffdrive': CMAKE_PREFIX_PATH=/opt/ros/humble /usr/bin/cmake --install /workspaces/ros_ws/build/adt_diffdrive
[6.160s] Level 1:colcon.colcon_core.environment:create_environment_scripts_only(adt_diffdrive)
[6.161s] DEBUG:colcon.colcon_core.event_handler.log_command:Invoked command in '/workspaces/ros_ws/build/adt_diffdrive' returned '0': CMAKE_PREFIX_PATH=/opt/ros/humble /usr/bin/cmake --install /workspaces/ros_ws/build/adt_diffdrive
[6.168s] Level 1:colcon.colcon_core.environment:checking '/workspaces/ros_ws/install/adt_diffdrive' for CMake module files
[6.168s] Level 1:colcon.colcon_core.environment:checking '/workspaces/ros_ws/install/adt_diffdrive' for CMake config files
[6.168s] Level 1:colcon.colcon_core.shell:create_environment_hook('adt_diffdrive', 'cmake_prefix_path')
[6.175s] INFO:colcon.colcon_core.shell:Creating environment hook '/workspaces/ros_ws/install/adt_diffdrive/share/adt_diffdrive/hook/cmake_prefix_path.ps1'
[6.175s] INFO:colcon.colcon_core.shell:Creating environment descriptor '/workspaces/ros_ws/install/adt_diffdrive/share/adt_diffdrive/hook/cmake_prefix_path.dsv'
[6.176s] INFO:colcon.colcon_core.shell:Creating environment hook '/workspaces/ros_ws/install/adt_diffdrive/share/adt_diffdrive/hook/cmake_prefix_path.sh'
[6.176s] Level 1:colcon.colcon_core.environment:checking '/workspaces/ros_ws/install/adt_diffdrive/lib'
[6.176s] Level 1:colcon.colcon_core.shell:create_environment_hook('adt_diffdrive', 'ld_library_path_lib')
[6.182s] INFO:colcon.colcon_core.shell:Creating environment hook '/workspaces/ros_ws/install/adt_diffdrive/share/adt_diffdrive/hook/ld_library_path_lib.ps1'
[6.182s] INFO:colcon.colcon_core.shell:Creating environment descriptor '/workspaces/ros_ws/install/adt_diffdrive/share/adt_diffdrive/hook/ld_library_path_lib.dsv'
[6.183s] INFO:colcon.colcon_core.shell:Creating environment hook '/workspaces/ros_ws/install/adt_diffdrive/share/adt_diffdrive/hook/ld_library_path_lib.sh'
[6.183s] Level 1:colcon.colcon_core.environment:checking '/workspaces/ros_ws/install/adt_diffdrive/bin'
[6.183s] Level 1:colcon.colcon_core.environment:checking '/workspaces/ros_ws/install/adt_diffdrive/lib/pkgconfig/adt_diffdrive.pc'
[6.183s] Level 1:colcon.colcon_core.environment:checking '/workspaces/ros_ws/install/adt_diffdrive/lib/python3.10/site-packages'
[6.183s] Level 1:colcon.colcon_core.environment:checking '/workspaces/ros_ws/install/adt_diffdrive/bin'
[6.189s] INFO:colcon.colcon_core.shell:Creating package script '/workspaces/ros_ws/install/adt_diffdrive/share/adt_diffdrive/package.ps1'
[6.190s] INFO:colcon.colcon_core.shell:Creating package descriptor '/workspaces/ros_ws/install/adt_diffdrive/share/adt_diffdrive/package.dsv'
[6.190s] INFO:colcon.colcon_core.shell:Creating package script '/workspaces/ros_ws/install/adt_diffdrive/share/adt_diffdrive/package.sh'
[6.190s] INFO:colcon.colcon_core.shell:Creating package script '/workspaces/ros_ws/install/adt_diffdrive/share/adt_diffdrive/package.bash'
[6.191s] INFO:colcon.colcon_core.shell:Creating package script '/workspaces/ros_ws/install/adt_diffdrive/share/adt_diffdrive/package.zsh'
[6.191s] Level 1:colcon.colcon_core.environment:create_file_with_runtime_dependencies(/workspaces/ros_ws/install/adt_diffdrive/share/colcon-core/packages/adt_diffdrive)
[6.211s] Level 1:colcon.colcon_core.environment:create_environment_scripts_only(adt_diffdrive)
[6.218s] Level 1:colcon.colcon_core.environment:checking '/workspaces/ros_ws/install/adt_diffdrive' for CMake module files
[6.218s] Level 1:colcon.colcon_core.environment:checking '/workspaces/ros_ws/install/adt_diffdrive' for CMake config files
[6.218s] Level 1:colcon.colcon_core.shell:create_environment_hook('adt_diffdrive', 'cmake_prefix_path')
[6.225s] INFO:colcon.colcon_core.shell:Creating environment hook '/workspaces/ros_ws/install/adt_diffdrive/share/adt_diffdrive/hook/cmake_prefix_path.ps1'
[6.225s] INFO:colcon.colcon_core.shell:Creating environment descriptor '/workspaces/ros_ws/install/adt_diffdrive/share/adt_diffdrive/hook/cmake_prefix_path.dsv'
[6.225s] INFO:colcon.colcon_core.shell:Creating environment hook '/workspaces/ros_ws/install/adt_diffdrive/share/adt_diffdrive/hook/cmake_prefix_path.sh'
[6.226s] Level 1:colcon.colcon_core.environment:checking '/workspaces/ros_ws/install/adt_diffdrive/lib'
[6.226s] Level 1:colcon.colcon_core.shell:create_environment_hook('adt_diffdrive', 'ld_library_path_lib')
[6.232s] INFO:colcon.colcon_core.shell:Creating environment hook '/workspaces/ros_ws/install/adt_diffdrive/share/adt_diffdrive/hook/ld_library_path_lib.ps1'
[6.232s] INFO:colcon.colcon_core.shell:Creating environment descriptor '/workspaces/ros_ws/install/adt_diffdrive/share/adt_diffdrive/hook/ld_library_path_lib.dsv'
[6.232s] INFO:colcon.colcon_core.shell:Creating environment hook '/workspaces/ros_ws/install/adt_diffdrive/share/adt_diffdrive/hook/ld_library_path_lib.sh'
[6.233s] Level 1:colcon.colcon_core.environment:checking '/workspaces/ros_ws/install/adt_diffdrive/bin'
[6.233s] Level 1:colcon.colcon_core.environment:checking '/workspaces/ros_ws/install/adt_diffdrive/lib/pkgconfig/adt_diffdrive.pc'
[6.233s] Level 1:colcon.colcon_core.environment:checking '/workspaces/ros_ws/install/adt_diffdrive/lib/python3.10/site-packages'
[6.233s] Level 1:colcon.colcon_core.environment:checking '/workspaces/ros_ws/install/adt_diffdrive/bin'
[6.240s] INFO:colcon.colcon_core.shell:Creating package script '/workspaces/ros_ws/install/adt_diffdrive/share/adt_diffdrive/package.ps1'
[6.240s] INFO:colcon.colcon_core.shell:Creating package descriptor '/workspaces/ros_ws/install/adt_diffdrive/share/adt_diffdrive/package.dsv'
[6.241s] INFO:colcon.colcon_core.shell:Creating package script '/workspaces/ros_ws/install/adt_diffdrive/share/adt_diffdrive/package.sh'
[6.241s] INFO:colcon.colcon_core.shell:Creating package script '/workspaces/ros_ws/install/adt_diffdrive/share/adt_diffdrive/package.bash'
[6.241s] INFO:colcon.colcon_core.shell:Creating package script '/workspaces/ros_ws/install/adt_diffdrive/share/adt_diffdrive/package.zsh'
[6.242s] Level 1:colcon.colcon_core.environment:create_file_with_runtime_dependencies(/workspaces/ros_ws/install/adt_diffdrive/share/colcon-core/packages/adt_diffdrive)
[6.242s] DEBUG:colcon.colcon_parallel_executor.executor.parallel:closing loop
[6.242s] DEBUG:colcon.colcon_parallel_executor.executor.parallel:loop closed
[6.243s] DEBUG:colcon.colcon_parallel_executor.executor.parallel:run_until_complete finished with '0'
[6.243s] DEBUG:colcon.colcon_core.event_reactor:joining thread
[6.255s] INFO:colcon.colcon_core.plugin_system:Skipping extension 'colcon_notification.desktop_notification.notify_send': Could not find 'notify-send'
[6.255s] INFO:colcon.colcon_core.plugin_system:Skipping extension 'colcon_notification.desktop_notification.terminal_notifier': Not used on non-Darwin systems
[6.255s] INFO:colcon.colcon_core.plugin_system:Skipping extension 'colcon_notification.desktop_notification.win32': Not used on non-Windows systems
[6.255s] INFO:colcon.colcon_notification.desktop_notification:Sending desktop notification using 'notify2'
[6.257s] DEBUG:colcon.colcon_notification.desktop_notification.notify2:Failed to initialize notify2: org.freedesktop.DBus.Error.Spawn.ExecFailed: /usr/bin/dbus-launch terminated abnormally without any error message
[6.258s] DEBUG:colcon.colcon_core.event_reactor:joined thread
[6.265s] INFO:colcon.colcon_core.shell:Creating prefix script '/workspaces/ros_ws/install/local_setup.ps1'
[6.266s] INFO:colcon.colcon_core.shell:Creating prefix util module '/workspaces/ros_ws/install/_local_setup_util_ps1.py'
[6.267s] INFO:colcon.colcon_core.shell:Creating prefix chain script '/workspaces/ros_ws/install/setup.ps1'
[6.274s] INFO:colcon.colcon_core.shell:Creating prefix script '/workspaces/ros_ws/install/local_setup.sh'
[6.275s] INFO:colcon.colcon_core.shell:Creating prefix util module '/workspaces/ros_ws/install/_local_setup_util_sh.py'
[6.275s] INFO:colcon.colcon_core.shell:Creating prefix chain script '/workspaces/ros_ws/install/setup.sh'
[6.283s] INFO:colcon.colcon_core.shell:Creating prefix script '/workspaces/ros_ws/install/local_setup.bash'
[6.284s] INFO:colcon.colcon_core.shell:Creating prefix chain script '/workspaces/ros_ws/install/setup.bash'
[6.291s] INFO:colcon.colcon_core.shell:Creating prefix script '/workspaces/ros_ws/install/local_setup.zsh'
[6.291s] INFO:colcon.colcon_core.shell:Creating prefix chain script '/workspaces/ros_ws/install/setup.zsh'
