[0.432s] Invoking command in '/workspaces/ros_ws/build/adt_diffdrive': CMAKE_PREFIX_PATH=/opt/ros/humble /usr/bin/cmake --build /workspaces/ros_ws/build/adt_diffdrive -- -j16 -l16
[0.602s] -- Found ament_cmake: 1.3.7 (/opt/ros/humble/share/ament_cmake/cmake)
[0.602s] -- Override CMake install command with custom implementation using symlinks instead of copying resources
[0.602s] -- Found hardware_interface: 2.37.0 (/opt/ros/humble/share/hardware_interface/cmake)
[0.602s] -- Found rosidl_generator_c: 3.1.5 (/opt/ros/humble/share/rosidl_generator_c/cmake)
[0.603s] -- Found rosidl_adapter: 3.1.5 (/opt/ros/humble/share/rosidl_adapter/cmake)
[0.603s] -- Found rosidl_generator_cpp: 3.1.5 (/opt/ros/humble/share/rosidl_generator_cpp/cmake)
[0.603s] -- Using all available rosidl_typesupport_c: rosidl_typesupport_fastrtps_c;rosidl_typesupport_introspection_c
[0.603s] -- Using all available rosidl_typesupport_cpp: rosidl_typesupport_fastrtps_cpp;rosidl_typesupport_introspection_cpp
[1.157s] -- Found rmw_implementation_cmake: 6.1.1 (/opt/ros/humble/share/rmw_implementation_cmake/cmake)
[1.159s] -- Found rmw_fastrtps_cpp: 6.2.6 (/opt/ros/humble/share/rmw_fastrtps_cpp/cmake)
[1.194s] -- Found TinyXML2 via Config file: TinyXML2_DIR-NOTFOUND
[1.200s] -- Found TinyXML2 via Config file: TinyXML2_DIR-NOTFOUND
[1.215s] -- Found TinyXML2 via Config file: TinyXML2_DIR-NOTFOUND
[1.221s] -- Found TinyXML2 via Config file: TinyXML2_DIR-NOTFOUND
[1.229s] -- Using RMW implementation 'rmw_fastrtps_cpp' as default
[1.412s] -- Found ament_cmake_gtest: 1.3.7 (/opt/ros/humble/share/ament_cmake_gtest/cmake)
[1.472s] -- Configuring done
[1.498s] -- Generating done
[1.499s] -- Build files have been written to: /workspaces/ros_ws/build/adt_diffdrive
[1.519s] [35m[1mConsolidate compiler generated dependencies of target adt_diffdrive[0m
[1.534s] [ 50%] [32mBuilding CXX object CMakeFiles/adt_diffdrive.dir/hardware/diffbot_system.cpp.o[0m
[1.638s] In file included from [01m[K/workspaces/ros_ws/src/adt_diffdrive/hardware/include/adt_diffdrive/diffbot_system.hpp:34[m[K,
[1.638s]                  from [01m[K/workspaces/ros_ws/src/adt_diffdrive/hardware/diffbot_system.cpp:15[m[K:
[1.638s] [01m[K/workspaces/ros_ws/src/adt_diffdrive/hardware/include/adt_diffdrive/arduino_comms.hpp:7:10:[m[K [01;31m[Kfatal error: [m[Klibserial/SerialPort.h: No such file or directory
[1.638s]     7 | #include [01;31m[K<libserial/SerialPort.h>[m[K
[1.638s]       |          [01;31m[K^~~~~~~~~~~~~~~~~~~~~~~~[m[K
[1.638s] compilation terminated.
[1.639s] gmake[2]: *** [CMakeFiles/adt_diffdrive.dir/build.make:76: CMakeFiles/adt_diffdrive.dir/hardware/diffbot_system.cpp.o] Error 1
[1.639s] gmake[1]: *** [CMakeFiles/Makefile2:137: CMakeFiles/adt_diffdrive.dir/all] Error 2
[1.639s] gmake: *** [Makefile:146: all] Error 2
[1.642s] Invoked command in '/workspaces/ros_ws/build/adt_diffdrive' returned '2': CMAKE_PREFIX_PATH=/opt/ros/humble /usr/bin/cmake --build /workspaces/ros_ws/build/adt_diffdrive -- -j16 -l16
