-- The CXX compiler identification is GNU 11.4.0
-- Detecting CXX compiler ABI info
-- Detecting CXX compiler ABI info - done
-- Check for working CXX compiler: /usr/bin/c++ - skipped
-- Detecting CXX compile features
-- Detecting CXX compile features - done
-- Found ament_cmake: 1.3.7 (/opt/ros/humble/share/ament_cmake/cmake)
-- Found Python3: /usr/bin/python3.10 (found version "3.10.12") found components: Interpreter 
-- Override CMake install command with custom implementation using symlinks instead of copying resources
-- Found hardware_interface: 2.37.0 (/opt/ros/humble/share/hardware_interface/cmake)
-- Found rosidl_generator_c: 3.1.5 (/opt/ros/humble/share/rosidl_generator_c/cmake)
-- Found rosidl_adapter: 3.1.5 (/opt/ros/humble/share/rosidl_adapter/cmake)
-- Found rosidl_generator_cpp: 3.1.5 (/opt/ros/humble/share/rosidl_generator_cpp/cmake)
-- Using all available rosidl_typesupport_c: rosidl_typesupport_fastrtps_c;rosidl_typesupport_introspection_c
-- Using all available rosidl_typesupport_cpp: rosidl_typesupport_fastrtps_cpp;rosidl_typesupport_introspection_cpp
-- Found rmw_implementation_cmake: 6.1.1 (/opt/ros/humble/share/rmw_implementation_cmake/cmake)
-- Found rmw_fastrtps_cpp: 6.2.6 (/opt/ros/humble/share/rmw_fastrtps_cpp/cmake)
-- Found TinyXML2 via Config file: TinyXML2_DIR-NOTFOUND
-- Found OpenSSL: /usr/lib/x86_64-linux-gnu/libcrypto.so (found version "3.0.2")  
-- Found TinyXML2 via Config file: TinyXML2_DIR-NOTFOUND
-- Found FastRTPS: /opt/ros/humble/include  
-- Found TinyXML2 via Config file: TinyXML2_DIR-NOTFOUND
-- Found TinyXML2 via Config file: TinyXML2_DIR-NOTFOUND
-- Using RMW implementation 'rmw_fastrtps_cpp' as default
-- Looking for C++ include pthread.h
-- Looking for C++ include pthread.h - found
-- Performing Test CMAKE_HAVE_LIBC_PTHREAD
-- Performing Test CMAKE_HAVE_LIBC_PTHREAD - Success
-- Found Threads: TRUE  
-- Found ament_cmake_pytest: 1.3.7 (/opt/ros/humble/share/ament_cmake_pytest/cmake)
-- Configuring done
-- Generating done
-- Build files have been written to: /workspaces/ros_ws/build/adt_diffdrive
[ 50%] [32mBuilding CXX object CMakeFiles/adt_diffdrive.dir/hardware/diffbot_system.cpp.o[0m
[100%] [32m[1mLinking CXX shared library libadt_diffdrive.so[0m
[100%] Built target adt_diffdrive
-- Install configuration: ""
-- Execute custom install script
-- Symlinking: /workspaces/ros_ws/install/adt_diffdrive/share/adt_diffdrive//adt_diffdrive.xml
-- Symlinking: /workspaces/ros_ws/install/adt_diffdrive/include/adt_diffdrive/adt_diffdrive/diffbot_system.hpp
-- Symlinking: /workspaces/ros_ws/install/adt_diffdrive/include/adt_diffdrive/adt_diffdrive/visibility_control.h
-- Symlinking: /workspaces/ros_ws/install/adt_diffdrive/share/adt_diffdrive/launch/view_robot.launch.py
-- Symlinking: /workspaces/ros_ws/install/adt_diffdrive/share/adt_diffdrive/ros2_control/diffbot.ros2_control.xacro
-- Symlinking: /workspaces/ros_ws/install/adt_diffdrive/share/adt_diffdrive/urdf/diffbot.urdf.xacro
-- Symlinking: /workspaces/ros_ws/install/adt_diffdrive/share/adt_diffdrive/launch/diffbot.launch.py
-- Symlinking: /workspaces/ros_ws/install/adt_diffdrive/share/adt_diffdrive/config/diffbot_controllers.yaml
-- Symlinking: /workspaces/ros_ws/install/adt_diffdrive/share/adt_diffdrive/environment/library_path.sh
-- Symlinking: /workspaces/ros_ws/install/adt_diffdrive/share/adt_diffdrive/environment/library_path.dsv
-- Symlinking: /workspaces/ros_ws/install/adt_diffdrive/share/ament_index/resource_index/package_run_dependencies/adt_diffdrive
-- Symlinking: /workspaces/ros_ws/install/adt_diffdrive/share/ament_index/resource_index/parent_prefix_path/adt_diffdrive
-- Symlinking: /workspaces/ros_ws/install/adt_diffdrive/share/adt_diffdrive/environment/ament_prefix_path.sh
-- Symlinking: /workspaces/ros_ws/install/adt_diffdrive/share/adt_diffdrive/environment/ament_prefix_path.dsv
-- Symlinking: /workspaces/ros_ws/install/adt_diffdrive/share/adt_diffdrive/environment/path.sh
-- Symlinking: /workspaces/ros_ws/install/adt_diffdrive/share/adt_diffdrive/environment/path.dsv
-- Symlinking: /workspaces/ros_ws/install/adt_diffdrive/share/adt_diffdrive/local_setup.bash
-- Symlinking: /workspaces/ros_ws/install/adt_diffdrive/share/adt_diffdrive/local_setup.sh
-- Symlinking: /workspaces/ros_ws/install/adt_diffdrive/share/adt_diffdrive/local_setup.zsh
-- Symlinking: /workspaces/ros_ws/install/adt_diffdrive/share/adt_diffdrive/local_setup.dsv
-- Symlinking: /workspaces/ros_ws/install/adt_diffdrive/share/adt_diffdrive/package.dsv
-- Symlinking: /workspaces/ros_ws/install/adt_diffdrive/share/ament_index/resource_index/packages/adt_diffdrive
-- Symlinking: /workspaces/ros_ws/install/adt_diffdrive/share/ament_index/resource_index/hardware_interface__pluginlib__plugin/adt_diffdrive
-- Symlinking: /workspaces/ros_ws/install/adt_diffdrive/share/adt_diffdrive/cmake/ament_cmake_export_targets-extras.cmake
-- Symlinking: /workspaces/ros_ws/install/adt_diffdrive/share/adt_diffdrive/cmake/ament_cmake_export_dependencies-extras.cmake
-- Symlinking: /workspaces/ros_ws/install/adt_diffdrive/share/adt_diffdrive/cmake/adt_diffdriveConfig.cmake
-- Symlinking: /workspaces/ros_ws/install/adt_diffdrive/share/adt_diffdrive/cmake/adt_diffdriveConfig-version.cmake
-- Symlinking: /workspaces/ros_ws/install/adt_diffdrive/share/adt_diffdrive/package.xml
-- Installing: /workspaces/ros_ws/install/adt_diffdrive/lib/libadt_diffdrive.so
-- Set runtime path of "/workspaces/ros_ws/install/adt_diffdrive/lib/libadt_diffdrive.so" to ""
-- Installing: /workspaces/ros_ws/install/adt_diffdrive/share/adt_diffdrive/cmake/export_adt_diffdriveExport.cmake
-- Installing: /workspaces/ros_ws/install/adt_diffdrive/share/adt_diffdrive/cmake/export_adt_diffdriveExport-noconfig.cmake
