[0.405s] Invoking command in '/workspaces/ros_ws/build/adt_diffdrive': CMAKE_PREFIX_PATH=/opt/ros/humble /usr/bin/cmake /workspaces/ros_ws/src/adt_diffdrive -DAMENT_CMAKE_SYMLINK_INSTALL=1 -DCMAKE_INSTALL_PREFIX=/workspaces/ros_ws/install/adt_diffdrive
[0.569s] -- The CXX compiler identification is GNU 11.4.0
[0.569s] -- Detecting CXX compiler ABI info
[0.569s] -- Detecting CXX compiler ABI info - done
[0.570s] -- Check for working CXX compiler: /usr/bin/c++ - skipped
[0.570s] -- Detecting CXX compile features
[0.570s] -- Detecting CXX compile features - done
[0.570s] -- Found ament_cmake: 1.3.7 (/opt/ros/humble/share/ament_cmake/cmake)
[0.628s] -- Found Python3: /usr/bin/python3.10 (found version "3.10.12") found components: Interpreter 
[0.671s] -- Override CMake install command with custom implementation using symlinks instead of copying resources
[0.687s] -- Found hardware_interface: 2.37.0 (/opt/ros/humble/share/hardware_interface/cmake)
[0.715s] -- Found rosidl_generator_c: 3.1.5 (/opt/ros/humble/share/rosidl_generator_c/cmake)
[0.719s] -- Found rosidl_adapter: 3.1.5 (/opt/ros/humble/share/rosidl_adapter/cmake)
[0.726s] -- Found rosidl_generator_cpp: 3.1.5 (/opt/ros/humble/share/rosidl_generator_cpp/cmake)
[0.737s] -- Using all available rosidl_typesupport_c: rosidl_typesupport_fastrtps_c;rosidl_typesupport_introspection_c
[0.757s] -- Using all available rosidl_typesupport_cpp: rosidl_typesupport_fastrtps_cpp;rosidl_typesupport_introspection_cpp
[1.451s] -- Found rmw_implementation_cmake: 6.1.1 (/opt/ros/humble/share/rmw_implementation_cmake/cmake)
[1.451s] -- Found rmw_fastrtps_cpp: 6.2.6 (/opt/ros/humble/share/rmw_fastrtps_cpp/cmake)
[1.479s] -- Found TinyXML2 via Config file: TinyXML2_DIR-NOTFOUND
[1.504s] -- Found OpenSSL: /usr/lib/x86_64-linux-gnu/libcrypto.so (found version "3.0.2")  
[1.506s] -- Found TinyXML2 via Config file: TinyXML2_DIR-NOTFOUND
[1.513s] -- Found FastRTPS: /opt/ros/humble/include  
[1.520s] -- Found TinyXML2 via Config file: TinyXML2_DIR-NOTFOUND
[1.526s] -- Found TinyXML2 via Config file: TinyXML2_DIR-NOTFOUND
[1.531s] -- Using RMW implementation 'rmw_fastrtps_cpp' as default
[1.538s] -- Looking for C++ include pthread.h
[1.592s] -- Looking for C++ include pthread.h - found
[1.592s] -- Performing Test CMAKE_HAVE_LIBC_PTHREAD
[1.644s] -- Performing Test CMAKE_HAVE_LIBC_PTHREAD - Success
[1.644s] -- Found Threads: TRUE  
[1.811s] -- Found ament_cmake_pytest: 1.3.7 (/opt/ros/humble/share/ament_cmake_pytest/cmake)
[2.281s] -- Configuring done
[2.310s] -- Generating done
[2.311s] -- Build files have been written to: /workspaces/ros_ws/build/adt_diffdrive
[2.318s] Invoked command in '/workspaces/ros_ws/build/adt_diffdrive' returned '0': CMAKE_PREFIX_PATH=/opt/ros/humble /usr/bin/cmake /workspaces/ros_ws/src/adt_diffdrive -DAMENT_CMAKE_SYMLINK_INSTALL=1 -DCMAKE_INSTALL_PREFIX=/workspaces/ros_ws/install/adt_diffdrive
[2.320s] Invoking command in '/workspaces/ros_ws/build/adt_diffdrive': CMAKE_PREFIX_PATH=/opt/ros/humble /usr/bin/cmake --build /workspaces/ros_ws/build/adt_diffdrive -- -j16 -l16
[2.355s] [ 50%] [32mBuilding CXX object CMakeFiles/adt_diffdrive.dir/hardware/diffbot_system.cpp.o[0m
[5.100s] [100%] [32m[1mLinking CXX shared library libadt_diffdrive.so[0m
[5.209s] [100%] Built target adt_diffdrive
[5.215s] Invoked command in '/workspaces/ros_ws/build/adt_diffdrive' returned '0': CMAKE_PREFIX_PATH=/opt/ros/humble /usr/bin/cmake --build /workspaces/ros_ws/build/adt_diffdrive -- -j16 -l16
[5.233s] Invoking command in '/workspaces/ros_ws/build/adt_diffdrive': CMAKE_PREFIX_PATH=/opt/ros/humble /usr/bin/cmake --install /workspaces/ros_ws/build/adt_diffdrive
[5.237s] -- Install configuration: ""
[5.237s] -- Execute custom install script
[5.238s] -- Symlinking: /workspaces/ros_ws/install/adt_diffdrive/share/adt_diffdrive//adt_diffdrive.xml
[5.243s] -- Symlinking: /workspaces/ros_ws/install/adt_diffdrive/include/adt_diffdrive/adt_diffdrive/diffbot_system.hpp
[5.247s] -- Symlinking: /workspaces/ros_ws/install/adt_diffdrive/include/adt_diffdrive/adt_diffdrive/visibility_control.h
[5.252s] -- Symlinking: /workspaces/ros_ws/install/adt_diffdrive/share/adt_diffdrive/launch/view_robot.launch.py
[5.257s] -- Symlinking: /workspaces/ros_ws/install/adt_diffdrive/share/adt_diffdrive/ros2_control/diffbot.ros2_control.xacro
[5.262s] -- Symlinking: /workspaces/ros_ws/install/adt_diffdrive/share/adt_diffdrive/urdf/diffbot.urdf.xacro
[5.266s] -- Symlinking: /workspaces/ros_ws/install/adt_diffdrive/share/adt_diffdrive/launch/diffbot.launch.py
[5.271s] -- Symlinking: /workspaces/ros_ws/install/adt_diffdrive/share/adt_diffdrive/config/diffbot_controllers.yaml
[5.275s] -- Symlinking: /workspaces/ros_ws/install/adt_diffdrive/share/adt_diffdrive/environment/library_path.sh
[5.280s] -- Symlinking: /workspaces/ros_ws/install/adt_diffdrive/share/adt_diffdrive/environment/library_path.dsv
[5.285s] -- Symlinking: /workspaces/ros_ws/install/adt_diffdrive/share/ament_index/resource_index/package_run_dependencies/adt_diffdrive
[5.289s] -- Symlinking: /workspaces/ros_ws/install/adt_diffdrive/share/ament_index/resource_index/parent_prefix_path/adt_diffdrive
[5.294s] -- Symlinking: /workspaces/ros_ws/install/adt_diffdrive/share/adt_diffdrive/environment/ament_prefix_path.sh
[5.299s] -- Symlinking: /workspaces/ros_ws/install/adt_diffdrive/share/adt_diffdrive/environment/ament_prefix_path.dsv
[5.303s] -- Symlinking: /workspaces/ros_ws/install/adt_diffdrive/share/adt_diffdrive/environment/path.sh
[5.308s] -- Symlinking: /workspaces/ros_ws/install/adt_diffdrive/share/adt_diffdrive/environment/path.dsv
[5.313s] -- Symlinking: /workspaces/ros_ws/install/adt_diffdrive/share/adt_diffdrive/local_setup.bash
[5.317s] -- Symlinking: /workspaces/ros_ws/install/adt_diffdrive/share/adt_diffdrive/local_setup.sh
[5.322s] -- Symlinking: /workspaces/ros_ws/install/adt_diffdrive/share/adt_diffdrive/local_setup.zsh
[5.326s] -- Symlinking: /workspaces/ros_ws/install/adt_diffdrive/share/adt_diffdrive/local_setup.dsv
[5.331s] -- Symlinking: /workspaces/ros_ws/install/adt_diffdrive/share/adt_diffdrive/package.dsv
[5.337s] -- Symlinking: /workspaces/ros_ws/install/adt_diffdrive/share/ament_index/resource_index/packages/adt_diffdrive
[5.342s] -- Symlinking: /workspaces/ros_ws/install/adt_diffdrive/share/ament_index/resource_index/hardware_interface__pluginlib__plugin/adt_diffdrive
[5.347s] -- Symlinking: /workspaces/ros_ws/install/adt_diffdrive/share/adt_diffdrive/cmake/ament_cmake_export_targets-extras.cmake
[5.352s] -- Symlinking: /workspaces/ros_ws/install/adt_diffdrive/share/adt_diffdrive/cmake/ament_cmake_export_dependencies-extras.cmake
[5.356s] -- Symlinking: /workspaces/ros_ws/install/adt_diffdrive/share/adt_diffdrive/cmake/adt_diffdriveConfig.cmake
[5.363s] -- Symlinking: /workspaces/ros_ws/install/adt_diffdrive/share/adt_diffdrive/cmake/adt_diffdriveConfig-version.cmake
[5.368s] -- Symlinking: /workspaces/ros_ws/install/adt_diffdrive/share/adt_diffdrive/package.xml
[5.373s] -- Installing: /workspaces/ros_ws/install/adt_diffdrive/lib/libadt_diffdrive.so
[5.374s] -- Set runtime path of "/workspaces/ros_ws/install/adt_diffdrive/lib/libadt_diffdrive.so" to ""
[5.374s] -- Installing: /workspaces/ros_ws/install/adt_diffdrive/share/adt_diffdrive/cmake/export_adt_diffdriveExport.cmake
[5.374s] -- Installing: /workspaces/ros_ws/install/adt_diffdrive/share/adt_diffdrive/cmake/export_adt_diffdriveExport-noconfig.cmake
[5.376s] Invoked command in '/workspaces/ros_ws/build/adt_diffdrive' returned '0': CMAKE_PREFIX_PATH=/opt/ros/humble /usr/bin/cmake --install /workspaces/ros_ws/build/adt_diffdrive
