[1.089s] Invoking command in '/workspaces/ros_ws/build/adt_code': PYTHONPATH=/workspaces/ros_ws/build/adt_code/prefix_override:/workspaces/ros_ws/install/adt_code/lib/python3.10/site-packages:${PYTHONPATH} /usr/bin/python3 setup.py develop --editable --build-directory /workspaces/ros_ws/build/adt_code/build --no-deps install_data
[1.451s] running develop
[1.454s] /usr/lib/python3/dist-packages/setuptools/command/easy_install.py:158: EasyInstallDeprecationWarning: easy_install command is deprecated. Use build and pip and other standards-based tools.
[1.454s]   warnings.warn(
[1.457s] /usr/lib/python3/dist-packages/setuptools/command/install.py:34: SetuptoolsDeprecationWarning: setup.py install is deprecated. Use build and pip and other standards-based tools.
[1.457s]   warnings.warn(
[1.631s] running egg_info
[1.631s] writing adt_code.egg-info/PKG-INFO
[1.632s] writing dependency_links to adt_code.egg-info/dependency_links.txt
[1.632s] writing entry points to adt_code.egg-info/entry_points.txt
[1.632s] writing requirements to adt_code.egg-info/requires.txt
[1.633s] writing top-level names to adt_code.egg-info/top_level.txt
[1.635s] reading manifest file 'adt_code.egg-info/SOURCES.txt'
[1.636s] writing manifest file 'adt_code.egg-info/SOURCES.txt'
[1.640s] running build_ext
[1.640s] Creating /workspaces/ros_ws/install/adt_code/lib/python3.10/site-packages/adt-code.egg-link (link to .)
[1.642s] 
[1.642s] Installed /workspaces/ros_ws/build/adt_code
[1.643s] running install_data
[1.643s] copying resource/adt_code -> /workspaces/ros_ws/install/adt_code/share/ament_index/resource_index/packages
[1.644s] copying package.xml -> /workspaces/ros_ws/install/adt_code/share/adt_code
[1.675s] Invoked command in '/workspaces/ros_ws/build/adt_code' returned '0': PYTHONPATH=/workspaces/ros_ws/build/adt_code/prefix_override:/workspaces/ros_ws/install/adt_code/lib/python3.10/site-packages:${PYTHONPATH} /usr/bin/python3 setup.py develop --editable --build-directory /workspaces/ros_ws/build/adt_code/build --no-deps install_data
