[0.560s] DEBUG:colcon:Command line arguments: ['/usr/bin/colcon', 'build', '--symlink-install']
[0.560s] DEBUG:colcon:Parsed command line arguments: Namespace(log_base=None, log_level=None, verb_name='build', build_base='build', install_base='install', merge_install=False, symlink_install=True, test_result_base=None, continue_on_error=False, executor='parallel', parallel_workers=16, event_handlers=None, ignore_user_meta=False, metas=['./colcon.meta'], base_paths=['.'], packages_ignore=None, packages_ignore_regex=None, paths=None, packages_up_to=None, packages_up_to_regex=None, packages_above=None, packages_above_and_dependencies=None, packages_above_depth=None, packages_select_by_dep=None, packages_skip_by_dep=None, packages_skip_up_to=None, packages_select_build_failed=False, packages_skip_build_finished=False, packages_select_test_failures=False, packages_skip_test_passed=False, packages_select=None, packages_skip=None, packages_select_regex=None, packages_skip_regex=None, packages_start=None, packages_end=None, cmake_args=None, cmake_target=None, cmake_target_skip_unavailable=False, cmake_clean_cache=False, cmake_clean_first=False, cmake_force_configure=False, ament_cmake_args=None, catkin_cmake_args=None, catkin_skip_building_tests=False, mixin_files=None, mixin=None, verb_parser=<colcon_mixin.mixin.mixin_argument.MixinArgumentDecorator object at 0x7fa9e329b940>, verb_extension=<colcon_core.verb.build.BuildVerb object at 0x7fa9e3737250>, main=<bound method BuildVerb.main of <colcon_core.verb.build.BuildVerb object at 0x7fa9e3737250>>, mixin_verb=('build',))
[0.589s] Level 1:colcon.colcon_core.package_discovery:discover_packages(colcon_meta) check parameters
[0.589s] Level 1:colcon.colcon_core.package_discovery:discover_packages(recursive) check parameters
[0.589s] Level 1:colcon.colcon_core.package_discovery:discover_packages(ignore) check parameters
[0.589s] Level 1:colcon.colcon_core.package_discovery:discover_packages(path) check parameters
[0.590s] Level 1:colcon.colcon_core.package_discovery:discover_packages(colcon_meta) discover
[0.590s] Level 1:colcon.colcon_core.package_discovery:discover_packages(recursive) discover
[0.590s] INFO:colcon.colcon_core.package_discovery:Crawling recursively for packages in '/workspaces/ros_ws'
[0.590s] Level 1:colcon.colcon_core.package_identification:_identify(.) by extensions ['ignore', 'ignore_ament_install']
[0.590s] Level 1:colcon.colcon_core.package_identification:_identify(.) by extension 'ignore'
[0.590s] Level 1:colcon.colcon_core.package_identification:_identify(.) by extension 'ignore_ament_install'
[0.590s] Level 1:colcon.colcon_core.package_identification:_identify(.) by extensions ['colcon_pkg']
[0.590s] Level 1:colcon.colcon_core.package_identification:_identify(.) by extension 'colcon_pkg'
[0.590s] Level 1:colcon.colcon_core.package_identification:_identify(.) by extensions ['colcon_meta']
[0.590s] Level 1:colcon.colcon_core.package_identification:_identify(.) by extension 'colcon_meta'
[0.590s] Level 1:colcon.colcon_core.package_identification:_identify(.) by extensions ['ros']
[0.590s] Level 1:colcon.colcon_core.package_identification:_identify(.) by extension 'ros'
[0.599s] Level 1:colcon.colcon_core.package_identification:_identify(.) by extensions ['cmake', 'python']
[0.599s] Level 1:colcon.colcon_core.package_identification:_identify(.) by extension 'cmake'
[0.599s] Level 1:colcon.colcon_core.package_identification:_identify(.) by extension 'python'
[0.599s] Level 1:colcon.colcon_core.package_identification:_identify(.) by extensions ['python_setup_py']
[0.599s] Level 1:colcon.colcon_core.package_identification:_identify(.) by extension 'python_setup_py'
[0.599s] Level 1:colcon.colcon_core.package_identification:_identify(build) by extensions ['ignore', 'ignore_ament_install']
[0.599s] Level 1:colcon.colcon_core.package_identification:_identify(build) by extension 'ignore'
[0.599s] Level 1:colcon.colcon_core.package_identification:_identify(build) ignored
[0.600s] Level 1:colcon.colcon_core.package_identification:_identify(install) by extensions ['ignore', 'ignore_ament_install']
[0.600s] Level 1:colcon.colcon_core.package_identification:_identify(install) by extension 'ignore'
[0.600s] Level 1:colcon.colcon_core.package_identification:_identify(install) ignored
[0.600s] Level 1:colcon.colcon_core.package_identification:_identify(log) by extensions ['ignore', 'ignore_ament_install']
[0.600s] Level 1:colcon.colcon_core.package_identification:_identify(log) by extension 'ignore'
[0.600s] Level 1:colcon.colcon_core.package_identification:_identify(log) ignored
[0.600s] Level 1:colcon.colcon_core.package_identification:_identify(src) by extensions ['ignore', 'ignore_ament_install']
[0.600s] Level 1:colcon.colcon_core.package_identification:_identify(src) by extension 'ignore'
[0.600s] Level 1:colcon.colcon_core.package_identification:_identify(src) by extension 'ignore_ament_install'
[0.600s] Level 1:colcon.colcon_core.package_identification:_identify(src) by extensions ['colcon_pkg']
[0.600s] Level 1:colcon.colcon_core.package_identification:_identify(src) by extension 'colcon_pkg'
[0.600s] Level 1:colcon.colcon_core.package_identification:_identify(src) by extensions ['colcon_meta']
[0.600s] Level 1:colcon.colcon_core.package_identification:_identify(src) by extension 'colcon_meta'
[0.600s] Level 1:colcon.colcon_core.package_identification:_identify(src) by extensions ['ros']
[0.600s] Level 1:colcon.colcon_core.package_identification:_identify(src) by extension 'ros'
[0.600s] Level 1:colcon.colcon_core.package_identification:_identify(src) by extensions ['cmake', 'python']
[0.600s] Level 1:colcon.colcon_core.package_identification:_identify(src) by extension 'cmake'
[0.600s] Level 1:colcon.colcon_core.package_identification:_identify(src) by extension 'python'
[0.600s] Level 1:colcon.colcon_core.package_identification:_identify(src) by extensions ['python_setup_py']
[0.600s] Level 1:colcon.colcon_core.package_identification:_identify(src) by extension 'python_setup_py'
[0.600s] Level 1:colcon.colcon_core.package_identification:_identify(src/adt) by extensions ['ignore', 'ignore_ament_install']
[0.601s] Level 1:colcon.colcon_core.package_identification:_identify(src/adt) by extension 'ignore'
[0.601s] Level 1:colcon.colcon_core.package_identification:_identify(src/adt) by extension 'ignore_ament_install'
[0.601s] Level 1:colcon.colcon_core.package_identification:_identify(src/adt) by extensions ['colcon_pkg']
[0.601s] Level 1:colcon.colcon_core.package_identification:_identify(src/adt) by extension 'colcon_pkg'
[0.601s] Level 1:colcon.colcon_core.package_identification:_identify(src/adt) by extensions ['colcon_meta']
[0.601s] Level 1:colcon.colcon_core.package_identification:_identify(src/adt) by extension 'colcon_meta'
[0.601s] Level 1:colcon.colcon_core.package_identification:_identify(src/adt) by extensions ['ros']
[0.601s] Level 1:colcon.colcon_core.package_identification:_identify(src/adt) by extension 'ros'
[0.603s] DEBUG:colcon.colcon_core.package_identification:Package 'src/adt' with type 'ros.ament_python' and name 'adt'
[0.603s] Level 1:colcon.colcon_core.package_identification:_identify(src/adt_code) by extensions ['ignore', 'ignore_ament_install']
[0.603s] Level 1:colcon.colcon_core.package_identification:_identify(src/adt_code) by extension 'ignore'
[0.603s] Level 1:colcon.colcon_core.package_identification:_identify(src/adt_code) by extension 'ignore_ament_install'
[0.603s] Level 1:colcon.colcon_core.package_identification:_identify(src/adt_code) by extensions ['colcon_pkg']
[0.603s] Level 1:colcon.colcon_core.package_identification:_identify(src/adt_code) by extension 'colcon_pkg'
[0.603s] Level 1:colcon.colcon_core.package_identification:_identify(src/adt_code) by extensions ['colcon_meta']
[0.603s] Level 1:colcon.colcon_core.package_identification:_identify(src/adt_code) by extension 'colcon_meta'
[0.603s] Level 1:colcon.colcon_core.package_identification:_identify(src/adt_code) by extensions ['ros']
[0.603s] Level 1:colcon.colcon_core.package_identification:_identify(src/adt_code) by extension 'ros'
[0.603s] DEBUG:colcon.colcon_core.package_identification:Package 'src/adt_code' with type 'ros.ament_python' and name 'adt_code'
[0.603s] Level 1:colcon.colcon_core.package_identification:_identify(src/adt_diffdrive) by extensions ['ignore', 'ignore_ament_install']
[0.603s] Level 1:colcon.colcon_core.package_identification:_identify(src/adt_diffdrive) by extension 'ignore'
[0.603s] Level 1:colcon.colcon_core.package_identification:_identify(src/adt_diffdrive) by extension 'ignore_ament_install'
[0.604s] Level 1:colcon.colcon_core.package_identification:_identify(src/adt_diffdrive) by extensions ['colcon_pkg']
[0.604s] Level 1:colcon.colcon_core.package_identification:_identify(src/adt_diffdrive) by extension 'colcon_pkg'
[0.604s] Level 1:colcon.colcon_core.package_identification:_identify(src/adt_diffdrive) by extensions ['colcon_meta']
[0.604s] Level 1:colcon.colcon_core.package_identification:_identify(src/adt_diffdrive) by extension 'colcon_meta'
[0.604s] Level 1:colcon.colcon_core.package_identification:_identify(src/adt_diffdrive) by extensions ['ros']
[0.604s] Level 1:colcon.colcon_core.package_identification:_identify(src/adt_diffdrive) by extension 'ros'
[0.604s] DEBUG:colcon.colcon_core.package_identification:Package 'src/adt_diffdrive' with type 'ros.ament_cmake' and name 'adt_diffdrive'
[0.604s] Level 1:colcon.colcon_core.package_identification:_identify(src/adt_urdf) by extensions ['ignore', 'ignore_ament_install']
[0.604s] Level 1:colcon.colcon_core.package_identification:_identify(src/adt_urdf) by extension 'ignore'
[0.604s] Level 1:colcon.colcon_core.package_identification:_identify(src/adt_urdf) by extension 'ignore_ament_install'
[0.605s] Level 1:colcon.colcon_core.package_identification:_identify(src/adt_urdf) by extensions ['colcon_pkg']
[0.605s] Level 1:colcon.colcon_core.package_identification:_identify(src/adt_urdf) by extension 'colcon_pkg'
[0.605s] Level 1:colcon.colcon_core.package_identification:_identify(src/adt_urdf) by extensions ['colcon_meta']
[0.605s] Level 1:colcon.colcon_core.package_identification:_identify(src/adt_urdf) by extension 'colcon_meta'
[0.605s] Level 1:colcon.colcon_core.package_identification:_identify(src/adt_urdf) by extensions ['ros']
[0.605s] Level 1:colcon.colcon_core.package_identification:_identify(src/adt_urdf) by extension 'ros'
[0.605s] DEBUG:colcon.colcon_core.package_identification:Package 'src/adt_urdf' with type 'ros.ament_python' and name 'adt_urdf'
[0.605s] Level 1:colcon.colcon_core.package_identification:_identify(src/adt_web) by extensions ['ignore', 'ignore_ament_install']
[0.605s] Level 1:colcon.colcon_core.package_identification:_identify(src/adt_web) by extension 'ignore'
[0.605s] Level 1:colcon.colcon_core.package_identification:_identify(src/adt_web) by extension 'ignore_ament_install'
[0.605s] Level 1:colcon.colcon_core.package_identification:_identify(src/adt_web) by extensions ['colcon_pkg']
[0.605s] Level 1:colcon.colcon_core.package_identification:_identify(src/adt_web) by extension 'colcon_pkg'
[0.605s] Level 1:colcon.colcon_core.package_identification:_identify(src/adt_web) by extensions ['colcon_meta']
[0.605s] Level 1:colcon.colcon_core.package_identification:_identify(src/adt_web) by extension 'colcon_meta'
[0.605s] Level 1:colcon.colcon_core.package_identification:_identify(src/adt_web) by extensions ['ros']
[0.605s] Level 1:colcon.colcon_core.package_identification:_identify(src/adt_web) by extension 'ros'
[0.606s] DEBUG:colcon.colcon_core.package_identification:Package 'src/adt_web' with type 'ros.ament_python' and name 'adt_web'
[0.606s] Level 1:colcon.colcon_core.package_discovery:discover_packages(recursive) using defaults
[0.606s] Level 1:colcon.colcon_core.package_discovery:discover_packages(ignore) discover
[0.606s] Level 1:colcon.colcon_core.package_discovery:discover_packages(ignore) using defaults
[0.606s] Level 1:colcon.colcon_core.package_discovery:discover_packages(path) discover
[0.606s] Level 1:colcon.colcon_core.package_discovery:discover_packages(path) using defaults
[0.648s] Level 5:colcon.colcon_core.verb:set package 'adt' build argument 'cmake_args' from command line to 'None'
[0.648s] Level 5:colcon.colcon_core.verb:set package 'adt' build argument 'cmake_target' from command line to 'None'
[0.648s] Level 5:colcon.colcon_core.verb:set package 'adt' build argument 'cmake_target_skip_unavailable' from command line to 'False'
[0.648s] Level 5:colcon.colcon_core.verb:set package 'adt' build argument 'cmake_clean_cache' from command line to 'False'
[0.648s] Level 5:colcon.colcon_core.verb:set package 'adt' build argument 'cmake_clean_first' from command line to 'False'
[0.648s] Level 5:colcon.colcon_core.verb:set package 'adt' build argument 'cmake_force_configure' from command line to 'False'
[0.648s] Level 5:colcon.colcon_core.verb:set package 'adt' build argument 'ament_cmake_args' from command line to 'None'
[0.648s] Level 5:colcon.colcon_core.verb:set package 'adt' build argument 'catkin_cmake_args' from command line to 'None'
[0.648s] Level 5:colcon.colcon_core.verb:set package 'adt' build argument 'catkin_skip_building_tests' from command line to 'False'
[0.648s] DEBUG:colcon.colcon_core.verb:Building package 'adt' with the following arguments: {'ament_cmake_args': None, 'build_base': '/workspaces/ros_ws/build/adt', 'catkin_cmake_args': None, 'catkin_skip_building_tests': False, 'cmake_args': None, 'cmake_clean_cache': False, 'cmake_clean_first': False, 'cmake_force_configure': False, 'cmake_target': None, 'cmake_target_skip_unavailable': False, 'install_base': '/workspaces/ros_ws/install/adt', 'merge_install': False, 'path': '/workspaces/ros_ws/src/adt', 'symlink_install': True, 'test_result_base': None}
[0.656s] Level 5:colcon.colcon_core.verb:set package 'adt_code' build argument 'cmake_args' from command line to 'None'
[0.656s] Level 5:colcon.colcon_core.verb:set package 'adt_code' build argument 'cmake_target' from command line to 'None'
[0.656s] Level 5:colcon.colcon_core.verb:set package 'adt_code' build argument 'cmake_target_skip_unavailable' from command line to 'False'
[0.656s] Level 5:colcon.colcon_core.verb:set package 'adt_code' build argument 'cmake_clean_cache' from command line to 'False'
[0.656s] Level 5:colcon.colcon_core.verb:set package 'adt_code' build argument 'cmake_clean_first' from command line to 'False'
[0.656s] Level 5:colcon.colcon_core.verb:set package 'adt_code' build argument 'cmake_force_configure' from command line to 'False'
[0.656s] Level 5:colcon.colcon_core.verb:set package 'adt_code' build argument 'ament_cmake_args' from command line to 'None'
[0.656s] Level 5:colcon.colcon_core.verb:set package 'adt_code' build argument 'catkin_cmake_args' from command line to 'None'
[0.656s] Level 5:colcon.colcon_core.verb:set package 'adt_code' build argument 'catkin_skip_building_tests' from command line to 'False'
[0.656s] DEBUG:colcon.colcon_core.verb:Building package 'adt_code' with the following arguments: {'ament_cmake_args': None, 'build_base': '/workspaces/ros_ws/build/adt_code', 'catkin_cmake_args': None, 'catkin_skip_building_tests': False, 'cmake_args': None, 'cmake_clean_cache': False, 'cmake_clean_first': False, 'cmake_force_configure': False, 'cmake_target': None, 'cmake_target_skip_unavailable': False, 'install_base': '/workspaces/ros_ws/install/adt_code', 'merge_install': False, 'path': '/workspaces/ros_ws/src/adt_code', 'symlink_install': True, 'test_result_base': None}
[0.662s] Level 5:colcon.colcon_core.verb:set package 'adt_diffdrive' build argument 'cmake_args' from command line to 'None'
[0.662s] Level 5:colcon.colcon_core.verb:set package 'adt_diffdrive' build argument 'cmake_target' from command line to 'None'
[0.662s] Level 5:colcon.colcon_core.verb:set package 'adt_diffdrive' build argument 'cmake_target_skip_unavailable' from command line to 'False'
[0.662s] Level 5:colcon.colcon_core.verb:set package 'adt_diffdrive' build argument 'cmake_clean_cache' from command line to 'False'
[0.662s] Level 5:colcon.colcon_core.verb:set package 'adt_diffdrive' build argument 'cmake_clean_first' from command line to 'False'
[0.662s] Level 5:colcon.colcon_core.verb:set package 'adt_diffdrive' build argument 'cmake_force_configure' from command line to 'False'
[0.662s] Level 5:colcon.colcon_core.verb:set package 'adt_diffdrive' build argument 'ament_cmake_args' from command line to 'None'
[0.662s] Level 5:colcon.colcon_core.verb:set package 'adt_diffdrive' build argument 'catkin_cmake_args' from command line to 'None'
[0.662s] Level 5:colcon.colcon_core.verb:set package 'adt_diffdrive' build argument 'catkin_skip_building_tests' from command line to 'False'
[0.662s] DEBUG:colcon.colcon_core.verb:Building package 'adt_diffdrive' with the following arguments: {'ament_cmake_args': None, 'build_base': '/workspaces/ros_ws/build/adt_diffdrive', 'catkin_cmake_args': None, 'catkin_skip_building_tests': False, 'cmake_args': None, 'cmake_clean_cache': False, 'cmake_clean_first': False, 'cmake_force_configure': False, 'cmake_target': None, 'cmake_target_skip_unavailable': False, 'install_base': '/workspaces/ros_ws/install/adt_diffdrive', 'merge_install': False, 'path': '/workspaces/ros_ws/src/adt_diffdrive', 'symlink_install': True, 'test_result_base': None}
[0.668s] Level 5:colcon.colcon_core.verb:set package 'adt_urdf' build argument 'cmake_args' from command line to 'None'
[0.668s] Level 5:colcon.colcon_core.verb:set package 'adt_urdf' build argument 'cmake_target' from command line to 'None'
[0.668s] Level 5:colcon.colcon_core.verb:set package 'adt_urdf' build argument 'cmake_target_skip_unavailable' from command line to 'False'
[0.668s] Level 5:colcon.colcon_core.verb:set package 'adt_urdf' build argument 'cmake_clean_cache' from command line to 'False'
[0.669s] Level 5:colcon.colcon_core.verb:set package 'adt_urdf' build argument 'cmake_clean_first' from command line to 'False'
[0.669s] Level 5:colcon.colcon_core.verb:set package 'adt_urdf' build argument 'cmake_force_configure' from command line to 'False'
[0.669s] Level 5:colcon.colcon_core.verb:set package 'adt_urdf' build argument 'ament_cmake_args' from command line to 'None'
[0.669s] Level 5:colcon.colcon_core.verb:set package 'adt_urdf' build argument 'catkin_cmake_args' from command line to 'None'
[0.669s] Level 5:colcon.colcon_core.verb:set package 'adt_urdf' build argument 'catkin_skip_building_tests' from command line to 'False'
[0.669s] DEBUG:colcon.colcon_core.verb:Building package 'adt_urdf' with the following arguments: {'ament_cmake_args': None, 'build_base': '/workspaces/ros_ws/build/adt_urdf', 'catkin_cmake_args': None, 'catkin_skip_building_tests': False, 'cmake_args': None, 'cmake_clean_cache': False, 'cmake_clean_first': False, 'cmake_force_configure': False, 'cmake_target': None, 'cmake_target_skip_unavailable': False, 'install_base': '/workspaces/ros_ws/install/adt_urdf', 'merge_install': False, 'path': '/workspaces/ros_ws/src/adt_urdf', 'symlink_install': True, 'test_result_base': None}
[0.675s] Level 5:colcon.colcon_core.verb:set package 'adt_web' build argument 'cmake_args' from command line to 'None'
[0.675s] Level 5:colcon.colcon_core.verb:set package 'adt_web' build argument 'cmake_target' from command line to 'None'
[0.675s] Level 5:colcon.colcon_core.verb:set package 'adt_web' build argument 'cmake_target_skip_unavailable' from command line to 'False'
[0.675s] Level 5:colcon.colcon_core.verb:set package 'adt_web' build argument 'cmake_clean_cache' from command line to 'False'
[0.675s] Level 5:colcon.colcon_core.verb:set package 'adt_web' build argument 'cmake_clean_first' from command line to 'False'
[0.675s] Level 5:colcon.colcon_core.verb:set package 'adt_web' build argument 'cmake_force_configure' from command line to 'False'
[0.675s] Level 5:colcon.colcon_core.verb:set package 'adt_web' build argument 'ament_cmake_args' from command line to 'None'
[0.675s] Level 5:colcon.colcon_core.verb:set package 'adt_web' build argument 'catkin_cmake_args' from command line to 'None'
[0.675s] Level 5:colcon.colcon_core.verb:set package 'adt_web' build argument 'catkin_skip_building_tests' from command line to 'False'
[0.675s] DEBUG:colcon.colcon_core.verb:Building package 'adt_web' with the following arguments: {'ament_cmake_args': None, 'build_base': '/workspaces/ros_ws/build/adt_web', 'catkin_cmake_args': None, 'catkin_skip_building_tests': False, 'cmake_args': None, 'cmake_clean_cache': False, 'cmake_clean_first': False, 'cmake_force_configure': False, 'cmake_target': None, 'cmake_target_skip_unavailable': False, 'install_base': '/workspaces/ros_ws/install/adt_web', 'merge_install': False, 'path': '/workspaces/ros_ws/src/adt_web', 'symlink_install': True, 'test_result_base': None}
[0.681s] INFO:colcon.colcon_core.executor:Executing jobs using 'parallel' executor
[0.687s] DEBUG:colcon.colcon_parallel_executor.executor.parallel:run_until_complete
[0.688s] INFO:colcon.colcon_ros.task.ament_python.build:Building ROS package in '/workspaces/ros_ws/src/adt' with build type 'ament_python'
[0.688s] Level 1:colcon.colcon_core.shell:create_environment_hook('adt', 'ament_prefix_path')
[0.696s] INFO:colcon.colcon_core.plugin_system:Skipping extension 'colcon_core.shell.bat': Not used on non-Windows systems
[0.696s] INFO:colcon.colcon_core.shell:Creating environment hook '/workspaces/ros_ws/install/adt/share/adt/hook/ament_prefix_path.ps1'
[0.697s] INFO:colcon.colcon_core.shell:Creating environment descriptor '/workspaces/ros_ws/install/adt/share/adt/hook/ament_prefix_path.dsv'
[0.697s] INFO:colcon.colcon_core.shell:Creating environment hook '/workspaces/ros_ws/install/adt/share/adt/hook/ament_prefix_path.sh'
[0.703s] INFO:colcon.colcon_core.shell:Skip shell extension 'powershell' for command environment: Not usable outside of PowerShell
[0.704s] DEBUG:colcon.colcon_core.shell:Skip shell extension 'dsv' for command environment
[0.719s] INFO:colcon.colcon_ros.task.ament_python.build:Building ROS package in '/workspaces/ros_ws/src/adt_code' with build type 'ament_python'
[0.719s] Level 1:colcon.colcon_core.shell:create_environment_hook('adt_code', 'ament_prefix_path')
[0.726s] INFO:colcon.colcon_core.shell:Creating environment hook '/workspaces/ros_ws/install/adt_code/share/adt_code/hook/ament_prefix_path.ps1'
[0.726s] INFO:colcon.colcon_core.shell:Creating environment descriptor '/workspaces/ros_ws/install/adt_code/share/adt_code/hook/ament_prefix_path.dsv'
[0.726s] INFO:colcon.colcon_core.shell:Creating environment hook '/workspaces/ros_ws/install/adt_code/share/adt_code/hook/ament_prefix_path.sh'
[0.734s] INFO:colcon.colcon_core.shell:Skip shell extension 'powershell' for command environment: Not usable outside of PowerShell
[0.734s] DEBUG:colcon.colcon_core.shell:Skip shell extension 'dsv' for command environment
[0.748s] INFO:colcon.colcon_ros.task.ament_cmake.build:Building ROS package in '/workspaces/ros_ws/src/adt_diffdrive' with build type 'ament_cmake'
[0.748s] INFO:colcon.colcon_cmake.task.cmake.build:Building CMake package in '/workspaces/ros_ws/src/adt_diffdrive'
[0.755s] INFO:colcon.colcon_core.shell:Skip shell extension 'powershell' for command environment: Not usable outside of PowerShell
[0.755s] DEBUG:colcon.colcon_core.shell:Skip shell extension 'dsv' for command environment
[0.770s] INFO:colcon.colcon_ros.task.ament_python.build:Building ROS package in '/workspaces/ros_ws/src/adt_urdf' with build type 'ament_python'
[0.770s] Level 1:colcon.colcon_core.shell:create_environment_hook('adt_urdf', 'ament_prefix_path')
[0.778s] INFO:colcon.colcon_core.shell:Creating environment hook '/workspaces/ros_ws/install/adt_urdf/share/adt_urdf/hook/ament_prefix_path.ps1'
[0.778s] INFO:colcon.colcon_core.shell:Creating environment descriptor '/workspaces/ros_ws/install/adt_urdf/share/adt_urdf/hook/ament_prefix_path.dsv'
[0.778s] INFO:colcon.colcon_core.shell:Creating environment hook '/workspaces/ros_ws/install/adt_urdf/share/adt_urdf/hook/ament_prefix_path.sh'
[0.785s] INFO:colcon.colcon_core.shell:Skip shell extension 'powershell' for command environment: Not usable outside of PowerShell
[0.785s] DEBUG:colcon.colcon_core.shell:Skip shell extension 'dsv' for command environment
[0.800s] INFO:colcon.colcon_ros.task.ament_python.build:Building ROS package in '/workspaces/ros_ws/src/adt_web' with build type 'ament_python'
[0.800s] Level 1:colcon.colcon_core.shell:create_environment_hook('adt_web', 'ament_prefix_path')
[0.808s] INFO:colcon.colcon_core.shell:Creating environment hook '/workspaces/ros_ws/install/adt_web/share/adt_web/hook/ament_prefix_path.ps1'
[0.808s] INFO:colcon.colcon_core.shell:Creating environment descriptor '/workspaces/ros_ws/install/adt_web/share/adt_web/hook/ament_prefix_path.dsv'
[0.808s] INFO:colcon.colcon_core.shell:Creating environment hook '/workspaces/ros_ws/install/adt_web/share/adt_web/hook/ament_prefix_path.sh'
[0.815s] INFO:colcon.colcon_core.shell:Skip shell extension 'powershell' for command environment: Not usable outside of PowerShell
[0.815s] DEBUG:colcon.colcon_core.shell:Skip shell extension 'dsv' for command environment
[0.968s] INFO:colcon.colcon_core.task.python.build:Building Python package in '/workspaces/ros_ws/src/adt'
[0.975s] INFO:colcon.colcon_core.shell:Skip shell extension 'powershell' for command environment: Not usable outside of PowerShell
[0.975s] DEBUG:colcon.colcon_core.shell:Skip shell extension 'dsv' for command environment
[1.139s] INFO:colcon.colcon_core.task.python.build:Building Python package in '/workspaces/ros_ws/src/adt_code'
[1.147s] INFO:colcon.colcon_core.shell:Skip shell extension 'powershell' for command environment: Not usable outside of PowerShell
[1.148s] DEBUG:colcon.colcon_core.shell:Skip shell extension 'dsv' for command environment
[1.167s] DEBUG:colcon.colcon_core.event_handler.log_command:Invoking command in '/workspaces/ros_ws/build/adt_diffdrive': CMAKE_PREFIX_PATH=/opt/ros/humble /usr/bin/cmake --build /workspaces/ros_ws/build/adt_diffdrive -- -j16 -l16
[1.313s] INFO:colcon.colcon_core.task.python.build:Building Python package in '/workspaces/ros_ws/src/adt_urdf'
[1.320s] INFO:colcon.colcon_core.shell:Skip shell extension 'powershell' for command environment: Not usable outside of PowerShell
[1.320s] DEBUG:colcon.colcon_core.shell:Skip shell extension 'dsv' for command environment
[1.515s] INFO:colcon.colcon_core.task.python.build:Building Python package in '/workspaces/ros_ws/src/adt_web'
[1.525s] INFO:colcon.colcon_core.shell:Skip shell extension 'powershell' for command environment: Not usable outside of PowerShell
[1.525s] DEBUG:colcon.colcon_core.shell:Skip shell extension 'dsv' for command environment
[1.823s] DEBUG:colcon.colcon_core.event_handler.log_command:Invoking command in '/workspaces/ros_ws/build/adt_urdf': PYTHONPATH=/workspaces/ros_ws/build/adt_urdf/prefix_override:/workspaces/ros_ws/install/adt_urdf/lib/python3.10/site-packages:${PYTHONPATH} /usr/bin/python3 setup.py develop --editable --build-directory /workspaces/ros_ws/build/adt_urdf/build --no-deps install_data
[1.836s] DEBUG:colcon.colcon_core.event_handler.log_command:Invoking command in '/workspaces/ros_ws/build/adt': PYTHONPATH=/workspaces/ros_ws/build/adt/prefix_override:/workspaces/ros_ws/install/adt/lib/python3.10/site-packages:${PYTHONPATH} /usr/bin/python3 setup.py develop --editable --build-directory /workspaces/ros_ws/build/adt/build --no-deps install_data
[1.838s] DEBUG:colcon.colcon_core.event_handler.log_command:Invoking command in '/workspaces/ros_ws/build/adt_web': PYTHONPATH=/workspaces/ros_ws/build/adt_web/prefix_override:/workspaces/ros_ws/install/adt_web/lib/python3.10/site-packages:${PYTHONPATH} /usr/bin/python3 setup.py develop --editable --build-directory /workspaces/ros_ws/build/adt_web/build --no-deps install_data
[1.848s] DEBUG:colcon.colcon_core.event_handler.log_command:Invoking command in '/workspaces/ros_ws/build/adt_code': PYTHONPATH=/workspaces/ros_ws/build/adt_code/prefix_override:/workspaces/ros_ws/install/adt_code/lib/python3.10/site-packages:${PYTHONPATH} /usr/bin/python3 setup.py develop --editable --build-directory /workspaces/ros_ws/build/adt_code/build --no-deps install_data
[2.135s] Level 1:colcon.colcon_core.shell:create_environment_hook('adt_urdf', 'pythonpath_develop')
[2.137s] DEBUG:colcon.colcon_core.event_handler.log_command:Invoked command in '/workspaces/ros_ws/build/adt_urdf' returned '0': PYTHONPATH=/workspaces/ros_ws/build/adt_urdf/prefix_override:/workspaces/ros_ws/install/adt_urdf/lib/python3.10/site-packages:${PYTHONPATH} /usr/bin/python3 setup.py develop --editable --build-directory /workspaces/ros_ws/build/adt_urdf/build --no-deps install_data
[2.146s] INFO:colcon.colcon_core.shell:Creating environment hook '/workspaces/ros_ws/build/adt_urdf/share/adt_urdf/hook/pythonpath_develop.ps1'
[2.148s] INFO:colcon.colcon_core.shell:Creating environment descriptor '/workspaces/ros_ws/build/adt_urdf/share/adt_urdf/hook/pythonpath_develop.dsv'
[2.149s] INFO:colcon.colcon_core.shell:Creating environment hook '/workspaces/ros_ws/build/adt_urdf/share/adt_urdf/hook/pythonpath_develop.sh'
[2.161s] Level 1:colcon.colcon_core.environment:checking '/workspaces/ros_ws/install/adt_urdf' for CMake module files
[2.161s] Level 1:colcon.colcon_core.environment:checking '/workspaces/ros_ws/install/adt_urdf' for CMake config files
[2.162s] Level 1:colcon.colcon_core.environment:checking '/workspaces/ros_ws/install/adt_urdf/lib'
[2.162s] Level 1:colcon.colcon_core.environment:checking '/workspaces/ros_ws/install/adt_urdf/bin'
[2.162s] Level 1:colcon.colcon_core.environment:checking '/workspaces/ros_ws/install/adt_urdf/lib/pkgconfig/adt_urdf.pc'
[2.163s] Level 1:colcon.colcon_core.environment:checking '/workspaces/ros_ws/install/adt_urdf/lib/python3.10/site-packages'
[2.163s] Level 1:colcon.colcon_core.shell:create_environment_hook('adt_urdf', 'pythonpath')
[2.170s] INFO:colcon.colcon_core.shell:Creating environment hook '/workspaces/ros_ws/install/adt_urdf/share/adt_urdf/hook/pythonpath.ps1'
[2.170s] INFO:colcon.colcon_core.shell:Creating environment descriptor '/workspaces/ros_ws/install/adt_urdf/share/adt_urdf/hook/pythonpath.dsv'
[2.171s] INFO:colcon.colcon_core.shell:Creating environment hook '/workspaces/ros_ws/install/adt_urdf/share/adt_urdf/hook/pythonpath.sh'
[2.171s] Level 1:colcon.colcon_core.environment:checking '/workspaces/ros_ws/install/adt_urdf/bin'
[2.171s] Level 1:colcon.colcon_core.environment:create_environment_scripts_only(adt_urdf)
[2.179s] INFO:colcon.colcon_core.shell:Creating package script '/workspaces/ros_ws/install/adt_urdf/share/adt_urdf/package.ps1'
[2.180s] INFO:colcon.colcon_core.shell:Creating package descriptor '/workspaces/ros_ws/install/adt_urdf/share/adt_urdf/package.dsv'
[2.180s] INFO:colcon.colcon_core.shell:Creating package script '/workspaces/ros_ws/install/adt_urdf/share/adt_urdf/package.sh'
[2.181s] INFO:colcon.colcon_core.shell:Creating package script '/workspaces/ros_ws/install/adt_urdf/share/adt_urdf/package.bash'
[2.182s] INFO:colcon.colcon_core.shell:Creating package script '/workspaces/ros_ws/install/adt_urdf/share/adt_urdf/package.zsh'
[2.182s] Level 1:colcon.colcon_core.environment:create_file_with_runtime_dependencies(/workspaces/ros_ws/install/adt_urdf/share/colcon-core/packages/adt_urdf)
[2.184s] Level 1:colcon.colcon_core.shell:create_environment_hook('adt_web', 'pythonpath_develop')
[2.185s] DEBUG:colcon.colcon_core.event_handler.log_command:Invoked command in '/workspaces/ros_ws/build/adt_web' returned '0': PYTHONPATH=/workspaces/ros_ws/build/adt_web/prefix_override:/workspaces/ros_ws/install/adt_web/lib/python3.10/site-packages:${PYTHONPATH} /usr/bin/python3 setup.py develop --editable --build-directory /workspaces/ros_ws/build/adt_web/build --no-deps install_data
[2.195s] INFO:colcon.colcon_core.shell:Creating environment hook '/workspaces/ros_ws/build/adt_web/share/adt_web/hook/pythonpath_develop.ps1'
[2.195s] INFO:colcon.colcon_core.shell:Creating environment descriptor '/workspaces/ros_ws/build/adt_web/share/adt_web/hook/pythonpath_develop.dsv'
[2.195s] INFO:colcon.colcon_core.shell:Creating environment hook '/workspaces/ros_ws/build/adt_web/share/adt_web/hook/pythonpath_develop.sh'
[2.204s] Level 1:colcon.colcon_core.environment:checking '/workspaces/ros_ws/install/adt_web' for CMake module files
[2.204s] Level 1:colcon.colcon_core.environment:checking '/workspaces/ros_ws/install/adt_web' for CMake config files
[2.205s] Level 1:colcon.colcon_core.environment:checking '/workspaces/ros_ws/install/adt_web/lib'
[2.205s] Level 1:colcon.colcon_core.environment:checking '/workspaces/ros_ws/install/adt_web/bin'
[2.205s] Level 1:colcon.colcon_core.environment:checking '/workspaces/ros_ws/install/adt_web/lib/pkgconfig/adt_web.pc'
[2.205s] Level 1:colcon.colcon_core.environment:checking '/workspaces/ros_ws/install/adt_web/lib/python3.10/site-packages'
[2.205s] Level 1:colcon.colcon_core.shell:create_environment_hook('adt_web', 'pythonpath')
[2.214s] INFO:colcon.colcon_core.shell:Creating environment hook '/workspaces/ros_ws/install/adt_web/share/adt_web/hook/pythonpath.ps1'
[2.215s] INFO:colcon.colcon_core.shell:Creating environment descriptor '/workspaces/ros_ws/install/adt_web/share/adt_web/hook/pythonpath.dsv'
[2.215s] INFO:colcon.colcon_core.shell:Creating environment hook '/workspaces/ros_ws/install/adt_web/share/adt_web/hook/pythonpath.sh'
[2.216s] Level 1:colcon.colcon_core.environment:checking '/workspaces/ros_ws/install/adt_web/bin'
[2.216s] Level 1:colcon.colcon_core.environment:create_environment_scripts_only(adt_web)
[2.222s] INFO:colcon.colcon_core.shell:Creating package script '/workspaces/ros_ws/install/adt_web/share/adt_web/package.ps1'
[2.223s] INFO:colcon.colcon_core.shell:Creating package descriptor '/workspaces/ros_ws/install/adt_web/share/adt_web/package.dsv'
[2.223s] INFO:colcon.colcon_core.shell:Creating package script '/workspaces/ros_ws/install/adt_web/share/adt_web/package.sh'
[2.223s] INFO:colcon.colcon_core.shell:Creating package script '/workspaces/ros_ws/install/adt_web/share/adt_web/package.bash'
[2.224s] INFO:colcon.colcon_core.shell:Creating package script '/workspaces/ros_ws/install/adt_web/share/adt_web/package.zsh'
[2.224s] Level 1:colcon.colcon_core.environment:create_file_with_runtime_dependencies(/workspaces/ros_ws/install/adt_web/share/colcon-core/packages/adt_web)
[2.224s] Level 1:colcon.colcon_core.shell:create_environment_hook('adt', 'pythonpath_develop')
[2.226s] DEBUG:colcon.colcon_core.event_handler.log_command:Invoked command in '/workspaces/ros_ws/build/adt' returned '0': PYTHONPATH=/workspaces/ros_ws/build/adt/prefix_override:/workspaces/ros_ws/install/adt/lib/python3.10/site-packages:${PYTHONPATH} /usr/bin/python3 setup.py develop --editable --build-directory /workspaces/ros_ws/build/adt/build --no-deps install_data
[2.233s] INFO:colcon.colcon_core.shell:Creating environment hook '/workspaces/ros_ws/build/adt/share/adt/hook/pythonpath_develop.ps1'
[2.233s] INFO:colcon.colcon_core.shell:Creating environment descriptor '/workspaces/ros_ws/build/adt/share/adt/hook/pythonpath_develop.dsv'
[2.234s] INFO:colcon.colcon_core.shell:Creating environment hook '/workspaces/ros_ws/build/adt/share/adt/hook/pythonpath_develop.sh'
[2.242s] Level 1:colcon.colcon_core.environment:checking '/workspaces/ros_ws/install/adt' for CMake module files
[2.243s] Level 1:colcon.colcon_core.environment:checking '/workspaces/ros_ws/install/adt' for CMake config files
[2.243s] Level 1:colcon.colcon_core.environment:checking '/workspaces/ros_ws/install/adt/lib'
[2.243s] Level 1:colcon.colcon_core.environment:checking '/workspaces/ros_ws/install/adt/bin'
[2.244s] Level 1:colcon.colcon_core.environment:checking '/workspaces/ros_ws/install/adt/lib/pkgconfig/adt.pc'
[2.244s] Level 1:colcon.colcon_core.environment:checking '/workspaces/ros_ws/install/adt/lib/python3.10/site-packages'
[2.244s] Level 1:colcon.colcon_core.shell:create_environment_hook('adt', 'pythonpath')
[2.253s] INFO:colcon.colcon_core.shell:Creating environment hook '/workspaces/ros_ws/install/adt/share/adt/hook/pythonpath.ps1'
[2.253s] INFO:colcon.colcon_core.shell:Creating environment descriptor '/workspaces/ros_ws/install/adt/share/adt/hook/pythonpath.dsv'
[2.254s] INFO:colcon.colcon_core.shell:Creating environment hook '/workspaces/ros_ws/install/adt/share/adt/hook/pythonpath.sh'
[2.254s] Level 1:colcon.colcon_core.environment:checking '/workspaces/ros_ws/install/adt/bin'
[2.254s] Level 1:colcon.colcon_core.environment:create_environment_scripts_only(adt)
[2.268s] INFO:colcon.colcon_core.shell:Creating package script '/workspaces/ros_ws/install/adt/share/adt/package.ps1'
[2.268s] INFO:colcon.colcon_core.shell:Creating package descriptor '/workspaces/ros_ws/install/adt/share/adt/package.dsv'
[2.269s] INFO:colcon.colcon_core.shell:Creating package script '/workspaces/ros_ws/install/adt/share/adt/package.sh'
[2.269s] INFO:colcon.colcon_core.shell:Creating package script '/workspaces/ros_ws/install/adt/share/adt/package.bash'
[2.270s] INFO:colcon.colcon_core.shell:Creating package script '/workspaces/ros_ws/install/adt/share/adt/package.zsh'
[2.270s] Level 1:colcon.colcon_core.environment:create_file_with_runtime_dependencies(/workspaces/ros_ws/install/adt/share/colcon-core/packages/adt)
[2.270s] Level 1:colcon.colcon_core.shell:create_environment_hook('adt_code', 'pythonpath_develop')
[2.272s] DEBUG:colcon.colcon_core.event_handler.log_command:Invoked command in '/workspaces/ros_ws/build/adt_code' returned '0': PYTHONPATH=/workspaces/ros_ws/build/adt_code/prefix_override:/workspaces/ros_ws/install/adt_code/lib/python3.10/site-packages:${PYTHONPATH} /usr/bin/python3 setup.py develop --editable --build-directory /workspaces/ros_ws/build/adt_code/build --no-deps install_data
[2.280s] INFO:colcon.colcon_core.shell:Creating environment hook '/workspaces/ros_ws/build/adt_code/share/adt_code/hook/pythonpath_develop.ps1'
[2.281s] INFO:colcon.colcon_core.shell:Creating environment descriptor '/workspaces/ros_ws/build/adt_code/share/adt_code/hook/pythonpath_develop.dsv'
[2.281s] INFO:colcon.colcon_core.shell:Creating environment hook '/workspaces/ros_ws/build/adt_code/share/adt_code/hook/pythonpath_develop.sh'
[2.290s] Level 1:colcon.colcon_core.environment:checking '/workspaces/ros_ws/install/adt_code' for CMake module files
[2.290s] Level 1:colcon.colcon_core.environment:checking '/workspaces/ros_ws/install/adt_code' for CMake config files
[2.291s] Level 1:colcon.colcon_core.environment:checking '/workspaces/ros_ws/install/adt_code/lib'
[2.291s] Level 1:colcon.colcon_core.environment:checking '/workspaces/ros_ws/install/adt_code/bin'
[2.291s] Level 1:colcon.colcon_core.environment:checking '/workspaces/ros_ws/install/adt_code/lib/pkgconfig/adt_code.pc'
[2.291s] Level 1:colcon.colcon_core.environment:checking '/workspaces/ros_ws/install/adt_code/lib/python3.10/site-packages'
[2.291s] Level 1:colcon.colcon_core.shell:create_environment_hook('adt_code', 'pythonpath')
[2.313s] INFO:colcon.colcon_core.shell:Creating environment hook '/workspaces/ros_ws/install/adt_code/share/adt_code/hook/pythonpath.ps1'
[2.313s] INFO:colcon.colcon_core.shell:Creating environment descriptor '/workspaces/ros_ws/install/adt_code/share/adt_code/hook/pythonpath.dsv'
[2.314s] INFO:colcon.colcon_core.shell:Creating environment hook '/workspaces/ros_ws/install/adt_code/share/adt_code/hook/pythonpath.sh'
[2.314s] Level 1:colcon.colcon_core.environment:checking '/workspaces/ros_ws/install/adt_code/bin'
[2.314s] Level 1:colcon.colcon_core.environment:create_environment_scripts_only(adt_code)
[2.322s] INFO:colcon.colcon_core.shell:Creating package script '/workspaces/ros_ws/install/adt_code/share/adt_code/package.ps1'
[2.323s] INFO:colcon.colcon_core.shell:Creating package descriptor '/workspaces/ros_ws/install/adt_code/share/adt_code/package.dsv'
[2.324s] INFO:colcon.colcon_core.shell:Creating package script '/workspaces/ros_ws/install/adt_code/share/adt_code/package.sh'
[2.324s] INFO:colcon.colcon_core.shell:Creating package script '/workspaces/ros_ws/install/adt_code/share/adt_code/package.bash'
[2.324s] INFO:colcon.colcon_core.shell:Creating package script '/workspaces/ros_ws/install/adt_code/share/adt_code/package.zsh'
[2.324s] Level 1:colcon.colcon_core.environment:create_file_with_runtime_dependencies(/workspaces/ros_ws/install/adt_code/share/colcon-core/packages/adt_code)
[4.393s] DEBUG:colcon.colcon_core.event_handler.log_command:Invoked command in '/workspaces/ros_ws/build/adt_diffdrive' returned '0': CMAKE_PREFIX_PATH=/opt/ros/humble /usr/bin/cmake --build /workspaces/ros_ws/build/adt_diffdrive -- -j16 -l16
[4.413s] DEBUG:colcon.colcon_core.event_handler.log_command:Invoking command in '/workspaces/ros_ws/build/adt_diffdrive': CMAKE_PREFIX_PATH=/opt/ros/humble /usr/bin/cmake --install /workspaces/ros_ws/build/adt_diffdrive
[4.464s] Level 1:colcon.colcon_core.environment:create_environment_scripts_only(adt_diffdrive)
[4.464s] DEBUG:colcon.colcon_core.event_handler.log_command:Invoked command in '/workspaces/ros_ws/build/adt_diffdrive' returned '0': CMAKE_PREFIX_PATH=/opt/ros/humble /usr/bin/cmake --install /workspaces/ros_ws/build/adt_diffdrive
[4.471s] Level 1:colcon.colcon_core.environment:checking '/workspaces/ros_ws/install/adt_diffdrive' for CMake module files
[4.472s] Level 1:colcon.colcon_core.environment:checking '/workspaces/ros_ws/install/adt_diffdrive' for CMake config files
[4.472s] Level 1:colcon.colcon_core.shell:create_environment_hook('adt_diffdrive', 'cmake_prefix_path')
[4.479s] INFO:colcon.colcon_core.shell:Creating environment hook '/workspaces/ros_ws/install/adt_diffdrive/share/adt_diffdrive/hook/cmake_prefix_path.ps1'
[4.479s] INFO:colcon.colcon_core.shell:Creating environment descriptor '/workspaces/ros_ws/install/adt_diffdrive/share/adt_diffdrive/hook/cmake_prefix_path.dsv'
[4.479s] INFO:colcon.colcon_core.shell:Creating environment hook '/workspaces/ros_ws/install/adt_diffdrive/share/adt_diffdrive/hook/cmake_prefix_path.sh'
[4.480s] Level 1:colcon.colcon_core.environment:checking '/workspaces/ros_ws/install/adt_diffdrive/lib'
[4.480s] Level 1:colcon.colcon_core.shell:create_environment_hook('adt_diffdrive', 'ld_library_path_lib')
[4.486s] INFO:colcon.colcon_core.shell:Creating environment hook '/workspaces/ros_ws/install/adt_diffdrive/share/adt_diffdrive/hook/ld_library_path_lib.ps1'
[4.486s] INFO:colcon.colcon_core.shell:Creating environment descriptor '/workspaces/ros_ws/install/adt_diffdrive/share/adt_diffdrive/hook/ld_library_path_lib.dsv'
[4.486s] INFO:colcon.colcon_core.shell:Creating environment hook '/workspaces/ros_ws/install/adt_diffdrive/share/adt_diffdrive/hook/ld_library_path_lib.sh'
[4.486s] Level 1:colcon.colcon_core.environment:checking '/workspaces/ros_ws/install/adt_diffdrive/bin'
[4.487s] Level 1:colcon.colcon_core.environment:checking '/workspaces/ros_ws/install/adt_diffdrive/lib/pkgconfig/adt_diffdrive.pc'
[4.487s] Level 1:colcon.colcon_core.environment:checking '/workspaces/ros_ws/install/adt_diffdrive/lib/python3.10/site-packages'
[4.487s] Level 1:colcon.colcon_core.environment:checking '/workspaces/ros_ws/install/adt_diffdrive/bin'
[4.493s] INFO:colcon.colcon_core.shell:Creating package script '/workspaces/ros_ws/install/adt_diffdrive/share/adt_diffdrive/package.ps1'
[4.494s] INFO:colcon.colcon_core.shell:Creating package descriptor '/workspaces/ros_ws/install/adt_diffdrive/share/adt_diffdrive/package.dsv'
[4.494s] INFO:colcon.colcon_core.shell:Creating package script '/workspaces/ros_ws/install/adt_diffdrive/share/adt_diffdrive/package.sh'
[4.494s] INFO:colcon.colcon_core.shell:Creating package script '/workspaces/ros_ws/install/adt_diffdrive/share/adt_diffdrive/package.bash'
[4.494s] INFO:colcon.colcon_core.shell:Creating package script '/workspaces/ros_ws/install/adt_diffdrive/share/adt_diffdrive/package.zsh'
[4.495s] Level 1:colcon.colcon_core.environment:create_file_with_runtime_dependencies(/workspaces/ros_ws/install/adt_diffdrive/share/colcon-core/packages/adt_diffdrive)
[4.516s] Level 1:colcon.colcon_core.environment:create_environment_scripts_only(adt_diffdrive)
[4.523s] Level 1:colcon.colcon_core.environment:checking '/workspaces/ros_ws/install/adt_diffdrive' for CMake module files
[4.523s] Level 1:colcon.colcon_core.environment:checking '/workspaces/ros_ws/install/adt_diffdrive' for CMake config files
[4.524s] Level 1:colcon.colcon_core.shell:create_environment_hook('adt_diffdrive', 'cmake_prefix_path')
[4.530s] INFO:colcon.colcon_core.shell:Creating environment hook '/workspaces/ros_ws/install/adt_diffdrive/share/adt_diffdrive/hook/cmake_prefix_path.ps1'
[4.530s] INFO:colcon.colcon_core.shell:Creating environment descriptor '/workspaces/ros_ws/install/adt_diffdrive/share/adt_diffdrive/hook/cmake_prefix_path.dsv'
[4.530s] INFO:colcon.colcon_core.shell:Creating environment hook '/workspaces/ros_ws/install/adt_diffdrive/share/adt_diffdrive/hook/cmake_prefix_path.sh'
[4.531s] Level 1:colcon.colcon_core.environment:checking '/workspaces/ros_ws/install/adt_diffdrive/lib'
[4.531s] Level 1:colcon.colcon_core.shell:create_environment_hook('adt_diffdrive', 'ld_library_path_lib')
[4.539s] INFO:colcon.colcon_core.shell:Creating environment hook '/workspaces/ros_ws/install/adt_diffdrive/share/adt_diffdrive/hook/ld_library_path_lib.ps1'
[4.539s] INFO:colcon.colcon_core.shell:Creating environment descriptor '/workspaces/ros_ws/install/adt_diffdrive/share/adt_diffdrive/hook/ld_library_path_lib.dsv'
[4.540s] INFO:colcon.colcon_core.shell:Creating environment hook '/workspaces/ros_ws/install/adt_diffdrive/share/adt_diffdrive/hook/ld_library_path_lib.sh'
[4.540s] Level 1:colcon.colcon_core.environment:checking '/workspaces/ros_ws/install/adt_diffdrive/bin'
[4.540s] Level 1:colcon.colcon_core.environment:checking '/workspaces/ros_ws/install/adt_diffdrive/lib/pkgconfig/adt_diffdrive.pc'
[4.540s] Level 1:colcon.colcon_core.environment:checking '/workspaces/ros_ws/install/adt_diffdrive/lib/python3.10/site-packages'
[4.540s] Level 1:colcon.colcon_core.environment:checking '/workspaces/ros_ws/install/adt_diffdrive/bin'
[4.546s] INFO:colcon.colcon_core.shell:Creating package script '/workspaces/ros_ws/install/adt_diffdrive/share/adt_diffdrive/package.ps1'
[4.547s] INFO:colcon.colcon_core.shell:Creating package descriptor '/workspaces/ros_ws/install/adt_diffdrive/share/adt_diffdrive/package.dsv'
[4.547s] INFO:colcon.colcon_core.shell:Creating package script '/workspaces/ros_ws/install/adt_diffdrive/share/adt_diffdrive/package.sh'
[4.548s] INFO:colcon.colcon_core.shell:Creating package script '/workspaces/ros_ws/install/adt_diffdrive/share/adt_diffdrive/package.bash'
[4.548s] INFO:colcon.colcon_core.shell:Creating package script '/workspaces/ros_ws/install/adt_diffdrive/share/adt_diffdrive/package.zsh'
[4.548s] Level 1:colcon.colcon_core.environment:create_file_with_runtime_dependencies(/workspaces/ros_ws/install/adt_diffdrive/share/colcon-core/packages/adt_diffdrive)
[4.548s] DEBUG:colcon.colcon_parallel_executor.executor.parallel:closing loop
[4.549s] DEBUG:colcon.colcon_parallel_executor.executor.parallel:loop closed
[4.549s] DEBUG:colcon.colcon_parallel_executor.executor.parallel:run_until_complete finished with '0'
[4.549s] DEBUG:colcon.colcon_core.event_reactor:joining thread
[4.561s] INFO:colcon.colcon_core.plugin_system:Skipping extension 'colcon_notification.desktop_notification.notify_send': Could not find 'notify-send'
[4.561s] INFO:colcon.colcon_core.plugin_system:Skipping extension 'colcon_notification.desktop_notification.terminal_notifier': Not used on non-Darwin systems
[4.561s] INFO:colcon.colcon_core.plugin_system:Skipping extension 'colcon_notification.desktop_notification.win32': Not used on non-Windows systems
[4.561s] INFO:colcon.colcon_notification.desktop_notification:Sending desktop notification using 'notify2'
[4.562s] DEBUG:colcon.colcon_notification.desktop_notification.notify2:Failed to initialize notify2: org.freedesktop.DBus.Error.Spawn.ExecFailed: /usr/bin/dbus-launch terminated abnormally without any error message
[4.562s] DEBUG:colcon.colcon_core.event_reactor:joined thread
[4.573s] INFO:colcon.colcon_core.shell:Creating prefix script '/workspaces/ros_ws/install/local_setup.ps1'
[4.574s] INFO:colcon.colcon_core.shell:Creating prefix util module '/workspaces/ros_ws/install/_local_setup_util_ps1.py'
[4.576s] INFO:colcon.colcon_core.shell:Creating prefix chain script '/workspaces/ros_ws/install/setup.ps1'
[4.587s] INFO:colcon.colcon_core.shell:Creating prefix script '/workspaces/ros_ws/install/local_setup.sh'
[4.587s] INFO:colcon.colcon_core.shell:Creating prefix util module '/workspaces/ros_ws/install/_local_setup_util_sh.py'
[4.588s] INFO:colcon.colcon_core.shell:Creating prefix chain script '/workspaces/ros_ws/install/setup.sh'
[4.596s] INFO:colcon.colcon_core.shell:Creating prefix script '/workspaces/ros_ws/install/local_setup.bash'
[4.597s] INFO:colcon.colcon_core.shell:Creating prefix chain script '/workspaces/ros_ws/install/setup.bash'
[4.607s] INFO:colcon.colcon_core.shell:Creating prefix script '/workspaces/ros_ws/install/local_setup.zsh'
[4.607s] INFO:colcon.colcon_core.shell:Creating prefix chain script '/workspaces/ros_ws/install/setup.zsh'
