running develop
/usr/lib/python3/dist-packages/setuptools/command/easy_install.py:158: EasyInstallDeprecationWarning: easy_install command is deprecated. Use build and pip and other standards-based tools.
  warnings.warn(
/usr/lib/python3/dist-packages/setuptools/command/install.py:34: SetuptoolsDeprecationWarning: setup.py install is deprecated. Use build and pip and other standards-based tools.
  warnings.warn(
running egg_info
creating adt.egg-info
writing adt.egg-info/PKG-INFO
writing dependency_links to adt.egg-info/dependency_links.txt
writing entry points to adt.egg-info/entry_points.txt
writing requirements to adt.egg-info/requires.txt
writing top-level names to adt.egg-info/top_level.txt
writing manifest file 'adt.egg-info/SOURCES.txt'
reading manifest file 'adt.egg-info/SOURCES.txt'
writing manifest file 'adt.egg-info/SOURCES.txt'
running build_ext
Creating /workspaces/ros_ws/install/adt/lib/python3.10/site-packages/adt.egg-link (link to .)
Installing base_drive_serial_bridge script to /workspaces/ros_ws/install/adt/lib/adt
Installing base_vision_dosen_detector script to /workspaces/ros_ws/install/adt/lib/adt

Installed /workspaces/ros_ws/build/adt
running install_data
creating /workspaces/ros_ws/install/adt/share/ament_index
creating /workspaces/ros_ws/install/adt/share/ament_index/resource_index
creating /workspaces/ros_ws/install/adt/share/ament_index/resource_index/packages
copying resource/adt -> /workspaces/ros_ws/install/adt/share/ament_index/resource_index/packages
copying package.xml -> /workspaces/ros_ws/install/adt/share/adt
