[1.072s] Invoking command in '/workspaces/ros_ws/build/adt': PYTHONPATH=/workspaces/ros_ws/build/adt/prefix_override:/workspaces/ros_ws/install/adt/lib/python3.10/site-packages:${PYTHONPATH} /usr/bin/python3 setup.py develop --editable --build-directory /workspaces/ros_ws/build/adt/build --no-deps install_data
[1.257s] running develop
[1.258s] /usr/lib/python3/dist-packages/setuptools/command/easy_install.py:158: EasyInstallDeprecationWarning: easy_install command is deprecated. Use build and pip and other standards-based tools.
[1.258s]   warnings.warn(
[1.259s] /usr/lib/python3/dist-packages/setuptools/command/install.py:34: SetuptoolsDeprecationWarning: setup.py install is deprecated. Use build and pip and other standards-based tools.
[1.259s]   warnings.warn(
[1.356s] running egg_info
[1.356s] creating adt.egg-info
[1.357s] writing adt.egg-info/PKG-INFO
[1.357s] writing dependency_links to adt.egg-info/dependency_links.txt
[1.357s] writing entry points to adt.egg-info/entry_points.txt
[1.358s] writing requirements to adt.egg-info/requires.txt
[1.358s] writing top-level names to adt.egg-info/top_level.txt
[1.358s] writing manifest file 'adt.egg-info/SOURCES.txt'
[1.359s] reading manifest file 'adt.egg-info/SOURCES.txt'
[1.360s] writing manifest file 'adt.egg-info/SOURCES.txt'
[1.362s] running build_ext
[1.362s] Creating /workspaces/ros_ws/install/adt/lib/python3.10/site-packages/adt.egg-link (link to .)
[1.362s] Installing base_drive_serial_bridge script to /workspaces/ros_ws/install/adt/lib/adt
[1.362s] Installing base_vision_dosen_detector script to /workspaces/ros_ws/install/adt/lib/adt
[1.362s] 
[1.363s] Installed /workspaces/ros_ws/build/adt
[1.363s] running install_data
[1.363s] creating /workspaces/ros_ws/install/adt/share/ament_index
[1.363s] creating /workspaces/ros_ws/install/adt/share/ament_index/resource_index
[1.363s] creating /workspaces/ros_ws/install/adt/share/ament_index/resource_index/packages
[1.363s] copying resource/adt -> /workspaces/ros_ws/install/adt/share/ament_index/resource_index/packages
[1.363s] copying package.xml -> /workspaces/ros_ws/install/adt/share/adt
[1.390s] Invoked command in '/workspaces/ros_ws/build/adt' returned '0': PYTHONPATH=/workspaces/ros_ws/build/adt/prefix_override:/workspaces/ros_ws/install/adt/lib/python3.10/site-packages:${PYTHONPATH} /usr/bin/python3 setup.py develop --editable --build-directory /workspaces/ros_ws/build/adt/build --no-deps install_data
