/usr/lib/python3/dist-packages/setuptools/dist.py:723: UserWarning: Usage of dash-separated 'script-dir' will not be supported in future versions. Please use the underscore name 'script_dir' instead
  warnings.warn(
running develop
/usr/lib/python3/dist-packages/setuptools/command/easy_install.py:158: EasyInstallDeprecationWarning: easy_install command is deprecated. Use build and pip and other standards-based tools.
  warnings.warn(
/usr/lib/python3/dist-packages/setuptools/command/install.py:34: SetuptoolsDeprecationWarning: setup.py install is deprecated. Use build and pip and other standards-based tools.
  warnings.warn(
running egg_info
writing adt_urdf.egg-info/PKG-INFO
writing dependency_links to adt_urdf.egg-info/dependency_links.txt
writing entry points to adt_urdf.egg-info/entry_points.txt
writing requirements to adt_urdf.egg-info/requires.txt
writing top-level names to adt_urdf.egg-info/top_level.txt
reading manifest file 'adt_urdf.egg-info/SOURCES.txt'
writing manifest file 'adt_urdf.egg-info/SOURCES.txt'
running build_ext
Creating /workspaces/ros_ws/install/adt_urdf/lib/python3.10/site-packages/adt-urdf.egg-link (link to .)
Installing state_publisher script to /workspaces/ros_ws/install/adt_urdf/lib/adt_urdf

Installed /workspaces/ros_ws/build/adt_urdf
running install_data
