[0.980s] Invoking command in '/workspaces/ros_ws/build/adt_urdf': PYTHONPATH=/workspaces/ros_ws/build/adt_urdf/prefix_override:/workspaces/ros_ws/install/adt_urdf/lib/python3.10/site-packages:${PYTHONPATH} /usr/bin/python3 setup.py develop --editable --build-directory /workspaces/ros_ws/build/adt_urdf/build --no-deps install_data
[1.136s] /usr/lib/python3/dist-packages/setuptools/dist.py:723: UserWarning: Usage of dash-separated 'script-dir' will not be supported in future versions. Please use the underscore name 'script_dir' instead
[1.136s]   warnings.warn(
[1.162s] running develop
[1.162s] /usr/lib/python3/dist-packages/setuptools/command/easy_install.py:158: EasyInstallDeprecationWarning: easy_install command is deprecated. Use build and pip and other standards-based tools.
[1.162s]   warnings.warn(
[1.164s] /usr/lib/python3/dist-packages/setuptools/command/install.py:34: SetuptoolsDeprecationWarning: setup.py install is deprecated. Use build and pip and other standards-based tools.
[1.164s]   warnings.warn(
[1.247s] running egg_info
[1.247s] writing adt_urdf.egg-info/PKG-INFO
[1.249s] writing dependency_links to adt_urdf.egg-info/dependency_links.txt
[1.250s] writing entry points to adt_urdf.egg-info/entry_points.txt
[1.250s] writing requirements to adt_urdf.egg-info/requires.txt
[1.250s] writing top-level names to adt_urdf.egg-info/top_level.txt
[1.251s] reading manifest file 'adt_urdf.egg-info/SOURCES.txt'
[1.252s] writing manifest file 'adt_urdf.egg-info/SOURCES.txt'
[1.253s] running build_ext
[1.254s] Creating /workspaces/ros_ws/install/adt_urdf/lib/python3.10/site-packages/adt-urdf.egg-link (link to .)
[1.256s] Installing state_publisher script to /workspaces/ros_ws/install/adt_urdf/lib/adt_urdf
[1.256s] 
[1.256s] Installed /workspaces/ros_ws/build/adt_urdf
[1.256s] running install_data
[1.306s] Invoked command in '/workspaces/ros_ws/build/adt_urdf' returned '0': PYTHONPATH=/workspaces/ros_ws/build/adt_urdf/prefix_override:/workspaces/ros_ws/install/adt_urdf/lib/python3.10/site-packages:${PYTHONPATH} /usr/bin/python3 setup.py develop --editable --build-directory /workspaces/ros_ws/build/adt_urdf/build --no-deps install_data
