[1.059s] Invoking command in '/workspaces/ros_ws/build/adt_code': PYTHONPATH=/workspaces/ros_ws/build/adt_code/prefix_override:/workspaces/ros_ws/install/adt_code/lib/python3.10/site-packages:${PYTHONPATH} /usr/bin/python3 setup.py develop --editable --build-directory /workspaces/ros_ws/build/adt_code/build --no-deps install_data
[1.214s] /usr/lib/python3/dist-packages/setuptools/dist.py:723: UserWarning: Usage of dash-separated 'script-dir' will not be supported in future versions. Please use the underscore name 'script_dir' instead
[1.214s]   warnings.warn(
[1.237s] running develop
[1.237s] /usr/lib/python3/dist-packages/setuptools/command/easy_install.py:158: EasyInstallDeprecationWarning: easy_install command is deprecated. Use build and pip and other standards-based tools.
[1.237s]   warnings.warn(
[1.238s] /usr/lib/python3/dist-packages/setuptools/command/install.py:34: SetuptoolsDeprecationWarning: setup.py install is deprecated. Use build and pip and other standards-based tools.
[1.238s]   warnings.warn(
[1.334s] running egg_info
[1.334s] writing adt_code.egg-info/PKG-INFO
[1.335s] writing dependency_links to adt_code.egg-info/dependency_links.txt
[1.335s] writing entry points to adt_code.egg-info/entry_points.txt
[1.335s] writing requirements to adt_code.egg-info/requires.txt
[1.335s] writing top-level names to adt_code.egg-info/top_level.txt
[1.336s] reading manifest file 'adt_code.egg-info/SOURCES.txt'
[1.337s] writing manifest file 'adt_code.egg-info/SOURCES.txt'
[1.338s] running build_ext
[1.339s] Creating /workspaces/ros_ws/install/adt_code/lib/python3.10/site-packages/adt-code.egg-link (link to .)
[1.339s] Installing basis_roboter_demo script to /workspaces/ros_ws/install/adt_code/lib/adt_code
[1.340s] 
[1.340s] Installed /workspaces/ros_ws/build/adt_code
[1.340s] running install_data
[1.481s] Invoked command in '/workspaces/ros_ws/build/adt_code' returned '0': PYTHONPATH=/workspaces/ros_ws/build/adt_code/prefix_override:/workspaces/ros_ws/install/adt_code/lib/python3.10/site-packages:${PYTHONPATH} /usr/bin/python3 setup.py develop --editable --build-directory /workspaces/ros_ws/build/adt_code/build --no-deps install_data
