[1.239s] Invoking command in '/workspaces/ros_ws/build/adt_code': PYTHONPATH=/workspaces/ros_ws/build/adt_code/prefix_override:/workspaces/ros_ws/install/adt_code/lib/python3.10/site-packages:${PYTHONPATH} /usr/bin/python3 setup.py develop --editable --build-directory /workspaces/ros_ws/build/adt_code/build --no-deps install_data
[1.415s] /usr/lib/python3/dist-packages/setuptools/dist.py:723: UserWarning: Usage of dash-separated 'script-dir' will not be supported in future versions. Please use the underscore name 'script_dir' instead
[1.415s]   warnings.warn(
[1.439s] running develop
[1.439s] /usr/lib/python3/dist-packages/setuptools/command/easy_install.py:158: EasyInstallDeprecationWarning: easy_install command is deprecated. Use build and pip and other standards-based tools.
[1.439s]   warnings.warn(
[1.440s] /usr/lib/python3/dist-packages/setuptools/command/install.py:34: SetuptoolsDeprecationWarning: setup.py install is deprecated. Use build and pip and other standards-based tools.
[1.440s]   warnings.warn(
[1.532s] running egg_info
[1.532s] writing adt_code.egg-info/PKG-INFO
[1.532s] writing dependency_links to adt_code.egg-info/dependency_links.txt
[1.532s] writing entry points to adt_code.egg-info/entry_points.txt
[1.532s] writing requirements to adt_code.egg-info/requires.txt
[1.532s] writing top-level names to adt_code.egg-info/top_level.txt
[1.534s] reading manifest file 'adt_code.egg-info/SOURCES.txt'
[1.535s] writing manifest file 'adt_code.egg-info/SOURCES.txt'
[1.535s] running build_ext
[1.536s] Creating /workspaces/ros_ws/install/adt_code/lib/python3.10/site-packages/adt-code.egg-link (link to .)
[1.536s] Installing basis_roboter_demo script to /workspaces/ros_ws/install/adt_code/lib/adt_code
[1.537s] 
[1.537s] Installed /workspaces/ros_ws/build/adt_code
[1.537s] running install_data
[1.655s] Invoked command in '/workspaces/ros_ws/build/adt_code' returned '0': PYTHONPATH=/workspaces/ros_ws/build/adt_code/prefix_override:/workspaces/ros_ws/install/adt_code/lib/python3.10/site-packages:${PYTHONPATH} /usr/bin/python3 setup.py develop --editable --build-directory /workspaces/ros_ws/build/adt_code/build --no-deps install_data
